#
# There is insufficient memory for the Java Runtime Environment to continue.
# Native memory allocation (malloc) failed to allocate 32744 bytes for Chunk::new
# Possible reasons:
#   The system is out of physical RAM or swap space
#   The process is running with CompressedOops enabled, and the Java Heap may be blocking the growth of the native heap
# Possible solutions:
#   Reduce memory load on the system
#   Increase physical memory or swap space
#   Check if swap backing store is full
#   Decrease Java heap size (-Xmx/-Xms)
#   Decrease number of Java threads
#   Decrease Java thread stack sizes (-Xss)
#   Set larger code cache with -XX:ReservedCodeCacheSize=
#   JVM is running with Unscaled Compressed Oops mode in which the Java heap is
#     placed in the first 4GB address space. The Java Heap base address is the
#     maximum limit for the native heap growth. Please use -XX:HeapBaseMinAddress
#     to set the Java Heap base and to place the Java Heap above 4GB virtual address.
# This output file may be truncated or incomplete.
#
#  Out of Memory Error (arena.cpp:168), pid=20308, tid=13060
#
# JRE version: Java(TM) SE Runtime Environment (21.0.4+8) (build 21.0.4+8-LTS-274)
# Java VM: Java HotSpot(TM) 64-Bit Server VM (21.0.4+8-LTS-274, mixed mode, sharing, tiered, compressed oops, compressed class ptrs, g1 gc, windows-amd64)
# No core dump will be written. Minidumps are not enabled by default on client versions of Windows
#

---------------  S U M M A R Y ------------

Command Line: -Dclassworlds.conf=C:\Users\Asus\Downloads\apache-maven-3.9.9\bin\m2.conf -Dmaven.home=C:\Users\Asus\Downloads\apache-maven-3.9.9 -Dlibrary.jansi.path=C:\Users\Asus\Downloads\apache-maven-3.9.9\lib\jansi-native -Dmaven.multiModuleProjectDirectory=C:\Users\Asus\IdeaProjects\CloudStorageApp org.codehaus.plexus.classworlds.launcher.Launcher test

Host: 11th Gen Intel(R) Core(TM) i3-1115G4 @ 3.00GHz, 4 cores, 3G,  Windows 10 , 64 bit Build 19041 (10.0.19041.5678)
Time: Mon Apr 21 14:46:49 2025  Windows 10 , 64 bit Build 19041 (10.0.19041.5678) elapsed time: 47.893903 seconds (0d 0h 0m 47s)

---------------  T H R E A D  ---------------

Current thread (0x000001f13e8f9fe0):  JavaThread "C1 CompilerThread0" daemon [_thread_in_native, id=13060, stack(0x0000002766d00000,0x0000002766e00000) (1024K)]


Current CompileTask:
C1:  47894 8852   !   3       org.apache.maven.surefire.stream.EventDecoder::decode (399 bytes)

Stack: [0x0000002766d00000,0x0000002766e00000]
Native frames: (J=compiled Java code, j=interpreted, Vv=VM code, C=native code)
V  [jvm.dll+0x6c8e59]
V  [jvm.dll+0x853181]
V  [jvm.dll+0x8556ae]
V  [jvm.dll+0x855d83]
V  [jvm.dll+0x27d526]
V  [jvm.dll+0xc4aad]
V  [jvm.dll+0xc4fe3]
V  [jvm.dll+0xd23cd]
V  [jvm.dll+0x194b25]
V  [jvm.dll+0x1949fd]
V  [jvm.dll+0x196f23]
V  [jvm.dll+0x198544]
V  [jvm.dll+0x153363]
V  [jvm.dll+0x152ba8]
V  [jvm.dll+0x152df4]
V  [jvm.dll+0x152226]
V  [jvm.dll+0x153ffd]
V  [jvm.dll+0x254d49]
V  [jvm.dll+0x2532da]
V  [jvm.dll+0x3ed426]
V  [jvm.dll+0x7fd65b]
V  [jvm.dll+0x6c753d]
C  [ucrtbase.dll+0x21bb2]
C  [KERNEL32.DLL+0x17374]
C  [ntdll.dll+0x4cc91]


---------------  P R O C E S S  ---------------

Threads class SMR info:
_java_thread_list=0x000001f185838ba0, length=18, elements={
0x000001f121bee540, 0x000001f13e8dd200, 0x000001f13e8de210, 0x000001f13e8e1a50,
0x000001f13e8e46b0, 0x000001f13e8e5200, 0x000001f13e8e9660, 0x000001f13e8f8520,
0x000001f13e8f9fe0, 0x000001f13eb74d30, 0x000001f13eb777c0, 0x000001f184cdba70,
0x000001f18425c7f0, 0x000001f1847b0a70, 0x000001f185d71b70, 0x000001f185d86260,
0x000001f1842bfbd0, 0x000001f185ebbb50
}

Java Threads: ( => current thread )
  0x000001f121bee540 JavaThread "main"                              [_thread_in_native, id=1760, stack(0x0000002765e00000,0x0000002765f00000) (1024K)]
  0x000001f13e8dd200 JavaThread "Reference Handler"          daemon [_thread_blocked, id=11608, stack(0x0000002766600000,0x0000002766700000) (1024K)]
  0x000001f13e8de210 JavaThread "Finalizer"                  daemon [_thread_blocked, id=19528, stack(0x0000002766700000,0x0000002766800000) (1024K)]
  0x000001f13e8e1a50 JavaThread "Signal Dispatcher"          daemon [_thread_blocked, id=15668, stack(0x0000002766800000,0x0000002766900000) (1024K)]
  0x000001f13e8e46b0 JavaThread "Attach Listener"            daemon [_thread_blocked, id=5964, stack(0x0000002766900000,0x0000002766a00000) (1024K)]
  0x000001f13e8e5200 JavaThread "Service Thread"             daemon [_thread_blocked, id=12320, stack(0x0000002766a00000,0x0000002766b00000) (1024K)]
  0x000001f13e8e9660 JavaThread "Monitor Deflation Thread"   daemon [_thread_blocked, id=12572, stack(0x0000002766b00000,0x0000002766c00000) (1024K)]
  0x000001f13e8f8520 JavaThread "C2 CompilerThread0"         daemon [_thread_blocked, id=10708, stack(0x0000002766c00000,0x0000002766d00000) (1024K)]
=>0x000001f13e8f9fe0 JavaThread "C1 CompilerThread0"         daemon [_thread_in_native, id=13060, stack(0x0000002766d00000,0x0000002766e00000) (1024K)]
  0x000001f13eb74d30 JavaThread "Notification Thread"        daemon [_thread_blocked, id=2396, stack(0x0000002766e00000,0x0000002766f00000) (1024K)]
  0x000001f13eb777c0 JavaThread "Common-Cleaner"             daemon [_thread_blocked, id=8844, stack(0x0000002766f00000,0x0000002767000000) (1024K)]
  0x000001f184cdba70 JavaThread "Thread-1"                   daemon [_thread_blocked, id=20968, stack(0x0000002767300000,0x0000002767400000) (1024K)]
  0x000001f18425c7f0 JavaThread "timeout-check-timer"        daemon [_thread_blocked, id=10048, stack(0x0000002767400000,0x0000002767500000) (1024K)]
  0x000001f1847b0a70 JavaThread "ping-timer-10s"             daemon [_thread_blocked, id=17040, stack(0x0000002767500000,0x0000002767600000) (1024K)]
  0x000001f185d71b70 JavaThread "ThreadedStreamConsumer"     daemon [_thread_blocked, id=18816, stack(0x0000002767600000,0x0000002767700000) (1024K)]
  0x000001f185d86260 JavaThread "fork-1-err-thread"          daemon [_thread_in_native, id=7848, stack(0x0000002767700000,0x0000002767800000) (1024K)]
  0x000001f1842bfbd0 JavaThread "commands-fork-1"            daemon [_thread_blocked, id=6316, stack(0x0000002767800000,0x0000002767900000) (1024K)]
  0x000001f185ebbb50 JavaThread "fork-1-event-thread"        daemon [_thread_in_native, id=17840, stack(0x0000002767900000,0x0000002767a00000) (1024K)]
Total: 18

Other Threads:
  0x000001f123e2dbc0 VMThread "VM Thread"                           [id=21300, stack(0x0000002766500000,0x0000002766600000) (1024K)]
  0x000001f13e8ccd70 WatcherThread "VM Periodic Task Thread"        [id=19448, stack(0x0000002766400000,0x0000002766500000) (1024K)]
  0x000001f123da5ae0 WorkerThread "GC Thread#0"                     [id=19788, stack(0x0000002765f00000,0x0000002766000000) (1024K)]
  0x000001f18452fc00 WorkerThread "GC Thread#1"                     [id=8392, stack(0x0000002767000000,0x0000002767100000) (1024K)]
  0x000001f1846de370 WorkerThread "GC Thread#2"                     [id=10408, stack(0x0000002767100000,0x0000002767200000) (1024K)]
  0x000001f18437c250 WorkerThread "GC Thread#3"                     [id=9104, stack(0x0000002767200000,0x0000002767300000) (1024K)]
  0x000001f123daeb20 ConcurrentGCThread "G1 Main Marker"            [id=216, stack(0x0000002766000000,0x0000002766100000) (1024K)]
  0x000001f123db0630 WorkerThread "G1 Conc#0"                       [id=14976, stack(0x0000002766100000,0x0000002766200000) (1024K)]
  0x000001f123e08780 ConcurrentGCThread "G1 Refine#0"               [id=16304, stack(0x0000002766200000,0x0000002766300000) (1024K)]
  0x000001f123e092f0 ConcurrentGCThread "G1 Service"                [id=21816, stack(0x0000002766300000,0x0000002766400000) (1024K)]
Total: 10

Threads with active compile tasks:
C1 CompilerThread0    48059 8852   !   3       org.apache.maven.surefire.stream.EventDecoder::decode (399 bytes)
Total: 1

VM state: not at safepoint (normal execution)

VM Mutex/Monitor currently owned by a thread: None

Heap address: 0x00000000c4e00000, size: 946 MB, Compressed Oops mode: 32-bit

CDS archive(s) mapped at: [0x000001f13f000000-0x000001f13fc90000-0x000001f13fc90000), size 13172736, SharedBaseAddress: 0x000001f13f000000, ArchiveRelocationMode: 1.
Compressed class space mapped at: 0x000001f140000000-0x000001f180000000, reserved size: 1073741824
Narrow klass base: 0x000001f13f000000, Narrow klass shift: 0, Narrow klass range: 0x100000000

GC Precious Log:
 CardTable entry size: 512
 Card Set container configuration: InlinePtr #cards 5 size 8 Array Of Cards #cards 12 size 40 Howl #buckets 4 coarsen threshold 1843 Howl Bitmap #cards 512 size 80 coarsen threshold 460 Card regions per heap region 1 cards per card region 2048
 CPUs: 4 total, 4 available
 Memory: 3778M
 Large Page Support: Disabled
 NUMA Support: Disabled
 Compressed Oops: Enabled (32-bit)
 Heap Region Size: 1M
 Heap Min Capacity: 8M
 Heap Initial Capacity: 60M
 Heap Max Capacity: 946M
 Pre-touch: Disabled
 Parallel Workers: 4
 Concurrent Workers: 1
 Concurrent Refinement Workers: 4
 Periodic GC: Disabled

Heap:
 garbage-first heap   total 165888K, used 75028K [0x00000000c4e00000, 0x0000000100000000)
  region size 1024K, 15 young (15360K), 3 survivors (3072K)
 Metaspace       used 35100K, committed 35648K, reserved 1114112K
  class space    used 3902K, committed 4160K, reserved 1048576K

Heap Regions: E=young(eden), S=young(survivor), O=old, HS=humongous(starts), HC=humongous(continues), CS=collection set, F=free, TAMS=top-at-mark-start, PB=parsable bottom
|   0|0x00000000c4e00000, 0x00000000c4f00000, 0x00000000c4f00000|100%| O|  |TAMS 0x00000000c4e00000| PB 0x00000000c4e00000| Untracked 
|   1|0x00000000c4f00000, 0x00000000c5000000, 0x00000000c5000000|100%| O|  |TAMS 0x00000000c4f00000| PB 0x00000000c4f00000| Untracked 
|   2|0x00000000c5000000, 0x00000000c5100000, 0x00000000c5100000|100%| O|  |TAMS 0x00000000c5000000| PB 0x00000000c5000000| Untracked 
|   3|0x00000000c5100000, 0x00000000c5200000, 0x00000000c5200000|100%| O|  |TAMS 0x00000000c5100000| PB 0x00000000c5100000| Untracked 
|   4|0x00000000c5200000, 0x00000000c5300000, 0x00000000c5300000|100%| O|  |TAMS 0x00000000c5200000| PB 0x00000000c5200000| Untracked 
|   5|0x00000000c5300000, 0x00000000c5400000, 0x00000000c5400000|100%| O|  |TAMS 0x00000000c5300000| PB 0x00000000c5300000| Untracked 
|   6|0x00000000c5400000, 0x00000000c5500000, 0x00000000c5500000|100%| O|  |TAMS 0x00000000c5400000| PB 0x00000000c5400000| Untracked 
|   7|0x00000000c5500000, 0x00000000c5600000, 0x00000000c5600000|100%| O|  |TAMS 0x00000000c5500000| PB 0x00000000c5500000| Untracked 
|   8|0x00000000c5600000, 0x00000000c5700000, 0x00000000c5700000|100%| O|  |TAMS 0x00000000c5600000| PB 0x00000000c5600000| Untracked 
|   9|0x00000000c5700000, 0x00000000c5800000, 0x00000000c5800000|100%| O|  |TAMS 0x00000000c5700000| PB 0x00000000c5700000| Untracked 
|  10|0x00000000c5800000, 0x00000000c5900000, 0x00000000c5900000|100%| O|  |TAMS 0x00000000c5800000| PB 0x00000000c5800000| Untracked 
|  11|0x00000000c5900000, 0x00000000c5a00000, 0x00000000c5a00000|100%| O|  |TAMS 0x00000000c5900000| PB 0x00000000c5900000| Untracked 
|  12|0x00000000c5a00000, 0x00000000c5b00000, 0x00000000c5b00000|100%| O|  |TAMS 0x00000000c5a00000| PB 0x00000000c5a00000| Untracked 
|  13|0x00000000c5b00000, 0x00000000c5b00000, 0x00000000c5c00000|  0%| F|  |TAMS 0x00000000c5b00000| PB 0x00000000c5b00000| Untracked 
|  14|0x00000000c5c00000, 0x00000000c5d00000, 0x00000000c5d00000|100%| O|  |TAMS 0x00000000c5c00000| PB 0x00000000c5c00000| Untracked 
|  15|0x00000000c5d00000, 0x00000000c5d00000, 0x00000000c5e00000|  0%| F|  |TAMS 0x00000000c5d00000| PB 0x00000000c5d00000| Untracked 
|  16|0x00000000c5e00000, 0x00000000c5f00000, 0x00000000c5f00000|100%| O|  |TAMS 0x00000000c5e00000| PB 0x00000000c5e00000| Untracked 
|  17|0x00000000c5f00000, 0x00000000c5f00000, 0x00000000c6000000|  0%| F|  |TAMS 0x00000000c5f00000| PB 0x00000000c5f00000| Untracked 
|  18|0x00000000c6000000, 0x00000000c6100000, 0x00000000c6100000|100%|HS|  |TAMS 0x00000000c6000000| PB 0x00000000c6000000| Complete 
|  19|0x00000000c6100000, 0x00000000c6200000, 0x00000000c6200000|100%|HC|  |TAMS 0x00000000c6100000| PB 0x00000000c6100000| Complete 
|  20|0x00000000c6200000, 0x00000000c6300000, 0x00000000c6300000|100%|HC|  |TAMS 0x00000000c6200000| PB 0x00000000c6200000| Complete 
|  21|0x00000000c6300000, 0x00000000c6400000, 0x00000000c6400000|100%| O|  |TAMS 0x00000000c6300000| PB 0x00000000c6300000| Untracked 
|  22|0x00000000c6400000, 0x00000000c6500000, 0x00000000c6500000|100%| O|  |TAMS 0x00000000c6400000| PB 0x00000000c6400000| Untracked 
|  23|0x00000000c6500000, 0x00000000c6600000, 0x00000000c6600000|100%|HS|  |TAMS 0x00000000c6500000| PB 0x00000000c6500000| Complete 
|  24|0x00000000c6600000, 0x00000000c6700000, 0x00000000c6700000|100%|HC|  |TAMS 0x00000000c6600000| PB 0x00000000c6600000| Complete 
|  25|0x00000000c6700000, 0x00000000c6800000, 0x00000000c6800000|100%| O|  |TAMS 0x00000000c6700000| PB 0x00000000c6700000| Untracked 
|  26|0x00000000c6800000, 0x00000000c6800000, 0x00000000c6900000|  0%| F|  |TAMS 0x00000000c6800000| PB 0x00000000c6800000| Untracked 
|  27|0x00000000c6900000, 0x00000000c6a00000, 0x00000000c6a00000|100%| O|  |TAMS 0x00000000c6900000| PB 0x00000000c6900000| Untracked 
|  28|0x00000000c6a00000, 0x00000000c6b00000, 0x00000000c6b00000|100%| O|  |TAMS 0x00000000c6a00000| PB 0x00000000c6a00000| Untracked 
|  29|0x00000000c6b00000, 0x00000000c6c00000, 0x00000000c6c00000|100%| O|  |TAMS 0x00000000c6b00000| PB 0x00000000c6b00000| Untracked 
|  30|0x00000000c6c00000, 0x00000000c6d00000, 0x00000000c6d00000|100%| O|  |TAMS 0x00000000c6c00000| PB 0x00000000c6c00000| Untracked 
|  31|0x00000000c6d00000, 0x00000000c6e00000, 0x00000000c6e00000|100%| O|  |TAMS 0x00000000c6d00000| PB 0x00000000c6d00000| Untracked 
|  32|0x00000000c6e00000, 0x00000000c6e00000, 0x00000000c6f00000|  0%| F|  |TAMS 0x00000000c6e00000| PB 0x00000000c6e00000| Untracked 
|  33|0x00000000c6f00000, 0x00000000c7000000, 0x00000000c7000000|100%| O|  |TAMS 0x00000000c6f00000| PB 0x00000000c6f00000| Untracked 
|  34|0x00000000c7000000, 0x00000000c7100000, 0x00000000c7100000|100%|HS|  |TAMS 0x00000000c7000000| PB 0x00000000c7000000| Complete 
|  35|0x00000000c7100000, 0x00000000c7200000, 0x00000000c7200000|100%| O|  |TAMS 0x00000000c7100000| PB 0x00000000c7100000| Untracked 
|  36|0x00000000c7200000, 0x00000000c7300000, 0x00000000c7300000|100%| O|  |TAMS 0x00000000c7200000| PB 0x00000000c7200000| Untracked 
|  37|0x00000000c7300000, 0x00000000c7400000, 0x00000000c7400000|100%| O|  |TAMS 0x00000000c7300000| PB 0x00000000c7300000| Untracked 
|  38|0x00000000c7400000, 0x00000000c7500000, 0x00000000c7500000|100%| O|  |TAMS 0x00000000c7400000| PB 0x00000000c7400000| Untracked 
|  39|0x00000000c7500000, 0x00000000c7600000, 0x00000000c7600000|100%|HS|  |TAMS 0x00000000c7500000| PB 0x00000000c7500000| Complete 
|  40|0x00000000c7600000, 0x00000000c7700000, 0x00000000c7700000|100%|HC|  |TAMS 0x00000000c7600000| PB 0x00000000c7600000| Complete 
|  41|0x00000000c7700000, 0x00000000c7800000, 0x00000000c7800000|100%|HC|  |TAMS 0x00000000c7700000| PB 0x00000000c7700000| Complete 
|  42|0x00000000c7800000, 0x00000000c7900000, 0x00000000c7900000|100%|HS|  |TAMS 0x00000000c7800000| PB 0x00000000c7800000| Complete 
|  43|0x00000000c7900000, 0x00000000c7a00000, 0x00000000c7a00000|100%| O|  |TAMS 0x00000000c7900000| PB 0x00000000c7900000| Untracked 
|  44|0x00000000c7a00000, 0x00000000c7b00000, 0x00000000c7b00000|100%| O|  |TAMS 0x00000000c7a00000| PB 0x00000000c7a00000| Untracked 
|  45|0x00000000c7b00000, 0x00000000c7c00000, 0x00000000c7c00000|100%| O|  |TAMS 0x00000000c7b00000| PB 0x00000000c7b00000| Untracked 
|  46|0x00000000c7c00000, 0x00000000c7d00000, 0x00000000c7d00000|100%| O|  |TAMS 0x00000000c7c00000| PB 0x00000000c7c00000| Untracked 
|  47|0x00000000c7d00000, 0x00000000c7e00000, 0x00000000c7e00000|100%| O|  |TAMS 0x00000000c7d00000| PB 0x00000000c7d00000| Untracked 
|  48|0x00000000c7e00000, 0x00000000c7f00000, 0x00000000c7f00000|100%| O|  |TAMS 0x00000000c7e00000| PB 0x00000000c7e00000| Untracked 
|  49|0x00000000c7f00000, 0x00000000c7f00000, 0x00000000c8000000|  0%| F|  |TAMS 0x00000000c7f00000| PB 0x00000000c7f00000| Untracked 
|  50|0x00000000c8000000, 0x00000000c8100000, 0x00000000c8100000|100%| O|  |TAMS 0x00000000c8000000| PB 0x00000000c8000000| Untracked 
|  51|0x00000000c8100000, 0x00000000c8200000, 0x00000000c8200000|100%| O|  |TAMS 0x00000000c8100000| PB 0x00000000c8100000| Untracked 
|  52|0x00000000c8200000, 0x00000000c8300000, 0x00000000c8300000|100%| O|  |TAMS 0x00000000c8200000| PB 0x00000000c8200000| Untracked 
|  53|0x00000000c8300000, 0x00000000c8400000, 0x00000000c8400000|100%| O|  |TAMS 0x00000000c8300000| PB 0x00000000c8300000| Untracked 
|  54|0x00000000c8400000, 0x00000000c8500000, 0x00000000c8500000|100%| O|  |TAMS 0x00000000c8400000| PB 0x00000000c8400000| Untracked 
|  55|0x00000000c8500000, 0x00000000c8600000, 0x00000000c8600000|100%| O|  |TAMS 0x00000000c8500000| PB 0x00000000c8500000| Untracked 
|  56|0x00000000c8600000, 0x00000000c8700000, 0x00000000c8700000|100%| O|  |TAMS 0x00000000c8600000| PB 0x00000000c8600000| Untracked 
|  57|0x00000000c8700000, 0x00000000c8800000, 0x00000000c8800000|100%| O|  |TAMS 0x00000000c8700000| PB 0x00000000c8700000| Untracked 
|  58|0x00000000c8800000, 0x00000000c8800000, 0x00000000c8900000|  0%| F|  |TAMS 0x00000000c8800000| PB 0x00000000c8800000| Untracked 
|  59|0x00000000c8900000, 0x00000000c8900000, 0x00000000c8a00000|  0%| F|  |TAMS 0x00000000c8900000| PB 0x00000000c8900000| Untracked 
|  60|0x00000000c8a00000, 0x00000000c8a00000, 0x00000000c8b00000|  0%| F|  |TAMS 0x00000000c8a00000| PB 0x00000000c8a00000| Untracked 
|  61|0x00000000c8b00000, 0x00000000c8b00000, 0x00000000c8c00000|  0%| F|  |TAMS 0x00000000c8b00000| PB 0x00000000c8b00000| Untracked 
|  62|0x00000000c8c00000, 0x00000000c8c00000, 0x00000000c8d00000|  0%| F|  |TAMS 0x00000000c8c00000| PB 0x00000000c8c00000| Untracked 
|  63|0x00000000c8d00000, 0x00000000c8d00000, 0x00000000c8e00000|  0%| F|  |TAMS 0x00000000c8d00000| PB 0x00000000c8d00000| Untracked 
|  64|0x00000000c8e00000, 0x00000000c8e00000, 0x00000000c8f00000|  0%| F|  |TAMS 0x00000000c8e00000| PB 0x00000000c8e00000| Untracked 
|  65|0x00000000c8f00000, 0x00000000c8f00000, 0x00000000c9000000|  0%| F|  |TAMS 0x00000000c8f00000| PB 0x00000000c8f00000| Untracked 
|  66|0x00000000c9000000, 0x00000000c9000000, 0x00000000c9100000|  0%| F|  |TAMS 0x00000000c9000000| PB 0x00000000c9000000| Untracked 
|  67|0x00000000c9100000, 0x00000000c9100000, 0x00000000c9200000|  0%| F|  |TAMS 0x00000000c9100000| PB 0x00000000c9100000| Untracked 
|  68|0x00000000c9200000, 0x00000000c9200000, 0x00000000c9300000|  0%| F|  |TAMS 0x00000000c9200000| PB 0x00000000c9200000| Untracked 
|  69|0x00000000c9300000, 0x00000000c9300000, 0x00000000c9400000|  0%| F|  |TAMS 0x00000000c9300000| PB 0x00000000c9300000| Untracked 
|  70|0x00000000c9400000, 0x00000000c9400000, 0x00000000c9500000|  0%| F|  |TAMS 0x00000000c9400000| PB 0x00000000c9400000| Untracked 
|  71|0x00000000c9500000, 0x00000000c9500000, 0x00000000c9600000|  0%| F|  |TAMS 0x00000000c9500000| PB 0x00000000c9500000| Untracked 
|  72|0x00000000c9600000, 0x00000000c96451e0, 0x00000000c9700000| 26%| S|CS|TAMS 0x00000000c9600000| PB 0x00000000c9600000| Complete 
|  73|0x00000000c9700000, 0x00000000c9800000, 0x00000000c9800000|100%| S|CS|TAMS 0x00000000c9700000| PB 0x00000000c9700000| Complete 
|  74|0x00000000c9800000, 0x00000000c9900000, 0x00000000c9900000|100%| S|CS|TAMS 0x00000000c9800000| PB 0x00000000c9800000| Complete 
|  75|0x00000000c9900000, 0x00000000c9900000, 0x00000000c9a00000|  0%| F|  |TAMS 0x00000000c9900000| PB 0x00000000c9900000| Untracked 
|  76|0x00000000c9a00000, 0x00000000c9a00000, 0x00000000c9b00000|  0%| F|  |TAMS 0x00000000c9a00000| PB 0x00000000c9a00000| Untracked 
|  77|0x00000000c9b00000, 0x00000000c9b00000, 0x00000000c9c00000|  0%| F|  |TAMS 0x00000000c9b00000| PB 0x00000000c9b00000| Untracked 
|  78|0x00000000c9c00000, 0x00000000c9c00000, 0x00000000c9d00000|  0%| F|  |TAMS 0x00000000c9c00000| PB 0x00000000c9c00000| Untracked 
|  79|0x00000000c9d00000, 0x00000000c9d00000, 0x00000000c9e00000|  0%| F|  |TAMS 0x00000000c9d00000| PB 0x00000000c9d00000| Untracked 
|  80|0x00000000c9e00000, 0x00000000c9e00000, 0x00000000c9f00000|  0%| F|  |TAMS 0x00000000c9e00000| PB 0x00000000c9e00000| Untracked 
|  81|0x00000000c9f00000, 0x00000000c9f00000, 0x00000000ca000000|  0%| F|  |TAMS 0x00000000c9f00000| PB 0x00000000c9f00000| Untracked 
|  82|0x00000000ca000000, 0x00000000ca000000, 0x00000000ca100000|  0%| F|  |TAMS 0x00000000ca000000| PB 0x00000000ca000000| Untracked 
|  83|0x00000000ca100000, 0x00000000ca100000, 0x00000000ca200000|  0%| F|  |TAMS 0x00000000ca100000| PB 0x00000000ca100000| Untracked 
|  84|0x00000000ca200000, 0x00000000ca200000, 0x00000000ca300000|  0%| F|  |TAMS 0x00000000ca200000| PB 0x00000000ca200000| Untracked 
|  85|0x00000000ca300000, 0x00000000ca300000, 0x00000000ca400000|  0%| F|  |TAMS 0x00000000ca300000| PB 0x00000000ca300000| Untracked 
|  86|0x00000000ca400000, 0x00000000ca400000, 0x00000000ca500000|  0%| F|  |TAMS 0x00000000ca400000| PB 0x00000000ca400000| Untracked 
|  87|0x00000000ca500000, 0x00000000ca500000, 0x00000000ca600000|  0%| F|  |TAMS 0x00000000ca500000| PB 0x00000000ca500000| Untracked 
|  88|0x00000000ca600000, 0x00000000ca600000, 0x00000000ca700000|  0%| F|  |TAMS 0x00000000ca600000| PB 0x00000000ca600000| Untracked 
|  89|0x00000000ca700000, 0x00000000ca700000, 0x00000000ca800000|  0%| F|  |TAMS 0x00000000ca700000| PB 0x00000000ca700000| Untracked 
|  90|0x00000000ca800000, 0x00000000ca800000, 0x00000000ca900000|  0%| F|  |TAMS 0x00000000ca800000| PB 0x00000000ca800000| Untracked 
|  91|0x00000000ca900000, 0x00000000ca900000, 0x00000000caa00000|  0%| F|  |TAMS 0x00000000ca900000| PB 0x00000000ca900000| Untracked 
|  92|0x00000000caa00000, 0x00000000caa00000, 0x00000000cab00000|  0%| F|  |TAMS 0x00000000caa00000| PB 0x00000000caa00000| Untracked 
|  93|0x00000000cab00000, 0x00000000cab00000, 0x00000000cac00000|  0%| F|  |TAMS 0x00000000cab00000| PB 0x00000000cab00000| Untracked 
|  94|0x00000000cac00000, 0x00000000cac00000, 0x00000000cad00000|  0%| F|  |TAMS 0x00000000cac00000| PB 0x00000000cac00000| Untracked 
|  95|0x00000000cad00000, 0x00000000cad00000, 0x00000000cae00000|  0%| F|  |TAMS 0x00000000cad00000| PB 0x00000000cad00000| Untracked 
|  96|0x00000000cae00000, 0x00000000cae00000, 0x00000000caf00000|  0%| F|  |TAMS 0x00000000cae00000| PB 0x00000000cae00000| Untracked 
|  97|0x00000000caf00000, 0x00000000caf00000, 0x00000000cb000000|  0%| F|  |TAMS 0x00000000caf00000| PB 0x00000000caf00000| Untracked 
|  98|0x00000000cb000000, 0x00000000cb000000, 0x00000000cb100000|  0%| F|  |TAMS 0x00000000cb000000| PB 0x00000000cb000000| Untracked 
|  99|0x00000000cb100000, 0x00000000cb100000, 0x00000000cb200000|  0%| F|  |TAMS 0x00000000cb100000| PB 0x00000000cb100000| Untracked 
| 100|0x00000000cb200000, 0x00000000cb200000, 0x00000000cb300000|  0%| F|  |TAMS 0x00000000cb200000| PB 0x00000000cb200000| Untracked 
| 101|0x00000000cb300000, 0x00000000cb300000, 0x00000000cb400000|  0%| F|  |TAMS 0x00000000cb300000| PB 0x00000000cb300000| Untracked 
| 102|0x00000000cb400000, 0x00000000cb400000, 0x00000000cb500000|  0%| F|  |TAMS 0x00000000cb400000| PB 0x00000000cb400000| Untracked 
| 103|0x00000000cb500000, 0x00000000cb500000, 0x00000000cb600000|  0%| F|  |TAMS 0x00000000cb500000| PB 0x00000000cb500000| Untracked 
| 104|0x00000000cb600000, 0x00000000cb600000, 0x00000000cb700000|  0%| F|  |TAMS 0x00000000cb600000| PB 0x00000000cb600000| Untracked 
| 105|0x00000000cb700000, 0x00000000cb700000, 0x00000000cb800000|  0%| F|  |TAMS 0x00000000cb700000| PB 0x00000000cb700000| Untracked 
| 106|0x00000000cb800000, 0x00000000cb800000, 0x00000000cb900000|  0%| F|  |TAMS 0x00000000cb800000| PB 0x00000000cb800000| Untracked 
| 107|0x00000000cb900000, 0x00000000cb900000, 0x00000000cba00000|  0%| F|  |TAMS 0x00000000cb900000| PB 0x00000000cb900000| Untracked 
| 108|0x00000000cba00000, 0x00000000cba00000, 0x00000000cbb00000|  0%| F|  |TAMS 0x00000000cba00000| PB 0x00000000cba00000| Untracked 
| 109|0x00000000cbb00000, 0x00000000cbb00000, 0x00000000cbc00000|  0%| F|  |TAMS 0x00000000cbb00000| PB 0x00000000cbb00000| Untracked 
| 110|0x00000000cbc00000, 0x00000000cbc00000, 0x00000000cbd00000|  0%| F|  |TAMS 0x00000000cbc00000| PB 0x00000000cbc00000| Untracked 
| 111|0x00000000cbd00000, 0x00000000cbd00000, 0x00000000cbe00000|  0%| F|  |TAMS 0x00000000cbd00000| PB 0x00000000cbd00000| Untracked 
| 112|0x00000000cbe00000, 0x00000000cbe00000, 0x00000000cbf00000|  0%| F|  |TAMS 0x00000000cbe00000| PB 0x00000000cbe00000| Untracked 
| 113|0x00000000cbf00000, 0x00000000cbf00000, 0x00000000cc000000|  0%| F|  |TAMS 0x00000000cbf00000| PB 0x00000000cbf00000| Untracked 
| 114|0x00000000cc000000, 0x00000000cc000000, 0x00000000cc100000|  0%| F|  |TAMS 0x00000000cc000000| PB 0x00000000cc000000| Untracked 
| 115|0x00000000cc100000, 0x00000000cc100000, 0x00000000cc200000|  0%| F|  |TAMS 0x00000000cc100000| PB 0x00000000cc100000| Untracked 
| 116|0x00000000cc200000, 0x00000000cc200000, 0x00000000cc300000|  0%| F|  |TAMS 0x00000000cc200000| PB 0x00000000cc200000| Untracked 
| 117|0x00000000cc300000, 0x00000000cc300000, 0x00000000cc400000|  0%| F|  |TAMS 0x00000000cc300000| PB 0x00000000cc300000| Untracked 
| 118|0x00000000cc400000, 0x00000000cc400000, 0x00000000cc500000|  0%| F|  |TAMS 0x00000000cc400000| PB 0x00000000cc400000| Untracked 
| 119|0x00000000cc500000, 0x00000000cc500000, 0x00000000cc600000|  0%| F|  |TAMS 0x00000000cc500000| PB 0x00000000cc500000| Untracked 
| 120|0x00000000cc600000, 0x00000000cc600000, 0x00000000cc700000|  0%| F|  |TAMS 0x00000000cc600000| PB 0x00000000cc600000| Untracked 
| 121|0x00000000cc700000, 0x00000000cc700000, 0x00000000cc800000|  0%| F|  |TAMS 0x00000000cc700000| PB 0x00000000cc700000| Untracked 
| 122|0x00000000cc800000, 0x00000000cc800000, 0x00000000cc900000|  0%| F|  |TAMS 0x00000000cc800000| PB 0x00000000cc800000| Untracked 
| 123|0x00000000cc900000, 0x00000000cc900000, 0x00000000cca00000|  0%| F|  |TAMS 0x00000000cc900000| PB 0x00000000cc900000| Untracked 
| 124|0x00000000cca00000, 0x00000000cca00000, 0x00000000ccb00000|  0%| F|  |TAMS 0x00000000cca00000| PB 0x00000000cca00000| Untracked 
| 125|0x00000000ccb00000, 0x00000000ccb00000, 0x00000000ccc00000|  0%| F|  |TAMS 0x00000000ccb00000| PB 0x00000000ccb00000| Untracked 
| 126|0x00000000ccc00000, 0x00000000ccc00000, 0x00000000ccd00000|  0%| F|  |TAMS 0x00000000ccc00000| PB 0x00000000ccc00000| Untracked 
| 127|0x00000000ccd00000, 0x00000000ccd00000, 0x00000000cce00000|  0%| F|  |TAMS 0x00000000ccd00000| PB 0x00000000ccd00000| Untracked 
| 128|0x00000000cce00000, 0x00000000cce00000, 0x00000000ccf00000|  0%| F|  |TAMS 0x00000000cce00000| PB 0x00000000cce00000| Untracked 
| 129|0x00000000ccf00000, 0x00000000ccf00000, 0x00000000cd000000|  0%| F|  |TAMS 0x00000000ccf00000| PB 0x00000000ccf00000| Untracked 
| 130|0x00000000cd000000, 0x00000000cd000000, 0x00000000cd100000|  0%| F|  |TAMS 0x00000000cd000000| PB 0x00000000cd000000| Untracked 
| 131|0x00000000cd100000, 0x00000000cd100000, 0x00000000cd200000|  0%| F|  |TAMS 0x00000000cd100000| PB 0x00000000cd100000| Untracked 
| 132|0x00000000cd200000, 0x00000000cd200000, 0x00000000cd300000|  0%| F|  |TAMS 0x00000000cd200000| PB 0x00000000cd200000| Untracked 
| 133|0x00000000cd300000, 0x00000000cd300000, 0x00000000cd400000|  0%| F|  |TAMS 0x00000000cd300000| PB 0x00000000cd300000| Untracked 
| 134|0x00000000cd400000, 0x00000000cd400000, 0x00000000cd500000|  0%| F|  |TAMS 0x00000000cd400000| PB 0x00000000cd400000| Untracked 
| 135|0x00000000cd500000, 0x00000000cd500000, 0x00000000cd600000|  0%| F|  |TAMS 0x00000000cd500000| PB 0x00000000cd500000| Untracked 
| 136|0x00000000cd600000, 0x00000000cd600000, 0x00000000cd700000|  0%| F|  |TAMS 0x00000000cd600000| PB 0x00000000cd600000| Untracked 
| 137|0x00000000cd700000, 0x00000000cd700000, 0x00000000cd800000|  0%| F|  |TAMS 0x00000000cd700000| PB 0x00000000cd700000| Untracked 
| 138|0x00000000cd800000, 0x00000000cd800000, 0x00000000cd900000|  0%| F|  |TAMS 0x00000000cd800000| PB 0x00000000cd800000| Untracked 
| 139|0x00000000cd900000, 0x00000000cd900000, 0x00000000cda00000|  0%| F|  |TAMS 0x00000000cd900000| PB 0x00000000cd900000| Untracked 
| 140|0x00000000cda00000, 0x00000000cda00000, 0x00000000cdb00000|  0%| F|  |TAMS 0x00000000cda00000| PB 0x00000000cda00000| Untracked 
| 141|0x00000000cdb00000, 0x00000000cdb00000, 0x00000000cdc00000|  0%| F|  |TAMS 0x00000000cdb00000| PB 0x00000000cdb00000| Untracked 
| 142|0x00000000cdc00000, 0x00000000cdc7ed40, 0x00000000cdd00000| 49%| E|  |TAMS 0x00000000cdc00000| PB 0x00000000cdc00000| Complete 
| 143|0x00000000cdd00000, 0x00000000cde00000, 0x00000000cde00000|100%| E|CS|TAMS 0x00000000cdd00000| PB 0x00000000cdd00000| Complete 
| 144|0x00000000cde00000, 0x00000000cdf00000, 0x00000000cdf00000|100%| E|CS|TAMS 0x00000000cde00000| PB 0x00000000cde00000| Complete 
| 145|0x00000000cdf00000, 0x00000000ce000000, 0x00000000ce000000|100%| E|CS|TAMS 0x00000000cdf00000| PB 0x00000000cdf00000| Complete 
| 146|0x00000000ce000000, 0x00000000ce100000, 0x00000000ce100000|100%| E|CS|TAMS 0x00000000ce000000| PB 0x00000000ce000000| Complete 
| 931|0x00000000ff100000, 0x00000000ff200000, 0x00000000ff200000|100%| O|  |TAMS 0x00000000ff100000| PB 0x00000000ff100000| Untracked 
| 932|0x00000000ff200000, 0x00000000ff300000, 0x00000000ff300000|100%| O|  |TAMS 0x00000000ff200000| PB 0x00000000ff200000| Untracked 
| 933|0x00000000ff300000, 0x00000000ff400000, 0x00000000ff400000|100%| O|  |TAMS 0x00000000ff300000| PB 0x00000000ff300000| Untracked 
| 934|0x00000000ff400000, 0x00000000ff500000, 0x00000000ff500000|100%| O|  |TAMS 0x00000000ff400000| PB 0x00000000ff400000| Untracked 
| 935|0x00000000ff500000, 0x00000000ff600000, 0x00000000ff600000|100%| O|  |TAMS 0x00000000ff500000| PB 0x00000000ff500000| Untracked 
| 936|0x00000000ff600000, 0x00000000ff700000, 0x00000000ff700000|100%| O|  |TAMS 0x00000000ff600000| PB 0x00000000ff600000| Untracked 
| 937|0x00000000ff700000, 0x00000000ff800000, 0x00000000ff800000|100%| O|  |TAMS 0x00000000ff700000| PB 0x00000000ff700000| Untracked 
| 938|0x00000000ff800000, 0x00000000ff900000, 0x00000000ff900000|100%| E|CS|TAMS 0x00000000ff800000| PB 0x00000000ff800000| Complete 
| 939|0x00000000ff900000, 0x00000000ffa00000, 0x00000000ffa00000|100%| E|CS|TAMS 0x00000000ff900000| PB 0x00000000ff900000| Complete 
| 940|0x00000000ffa00000, 0x00000000ffb00000, 0x00000000ffb00000|100%| E|CS|TAMS 0x00000000ffa00000| PB 0x00000000ffa00000| Complete 
| 941|0x00000000ffb00000, 0x00000000ffc00000, 0x00000000ffc00000|100%| E|CS|TAMS 0x00000000ffb00000| PB 0x00000000ffb00000| Complete 
| 942|0x00000000ffc00000, 0x00000000ffd00000, 0x00000000ffd00000|100%| E|CS|TAMS 0x00000000ffc00000| PB 0x00000000ffc00000| Complete 
| 943|0x00000000ffd00000, 0x00000000ffe00000, 0x00000000ffe00000|100%| E|CS|TAMS 0x00000000ffd00000| PB 0x00000000ffd00000| Complete 
| 944|0x00000000ffe00000, 0x00000000fff00000, 0x00000000fff00000|100%| E|CS|TAMS 0x00000000ffe00000| PB 0x00000000ffe00000| Complete 
| 945|0x00000000fff00000, 0x0000000100000000, 0x0000000100000000|100%| O|  |TAMS 0x00000000fff00000| PB 0x00000000fff00000| Untracked 

Card table byte_map: [0x000001f13b3d0000,0x000001f13b5b0000] _byte_map_base: 0x000001f13ada9000

Marking Bits: (CMBitMap*) 0x000001f123da61e0
 Bits: [0x000001f13b5b0000, 0x000001f13c478000)

Polling page: 0x000001f121ba0000

Metaspace:

Usage:
  Non-class:     30.47 MB used.
      Class:      3.81 MB used.
       Both:     34.28 MB used.

Virtual space:
  Non-class space:       64.00 MB reserved,      30.75 MB ( 48%) committed,  1 nodes.
      Class space:        1.00 GB reserved,       4.06 MB ( <1%) committed,  1 nodes.
             Both:        1.06 GB reserved,      34.81 MB (  3%) committed. 

Chunk freelists:
   Non-Class:  928.00 KB
       Class:  11.97 MB
        Both:  12.88 MB

MaxMetaspaceSize: unlimited
CompressedClassSpaceSize: 1.00 GB
Initial GC threshold: 21.00 MB
Current GC threshold: 52.94 MB
CDS: on
 - commit_granule_bytes: 65536.
 - commit_granule_words: 8192.
 - virtual_space_node_default_size: 8388608.
 - enlarge_chunks_in_place: 1.
 - use_allocation_guard: 0.


Internal statistics:

num_allocs_failed_limit: 9.
num_arena_births: 550.
num_arena_deaths: 4.
num_vsnodes_births: 2.
num_vsnodes_deaths: 0.
num_space_committed: 575.
num_space_uncommitted: 9.
num_chunks_returned_to_freelist: 101.
num_chunks_taken_from_freelist: 1928.
num_chunk_merges: 31.
num_chunk_splits: 1326.
num_chunks_enlarged: 1025.
num_inconsistent_stats: 0.

CodeHeap 'non-profiled nmethods': size=120000Kb used=4173Kb max_used=4173Kb free=115826Kb
 bounds [0x000001f133cc0000, 0x000001f1340e0000, 0x000001f13b1f0000]
CodeHeap 'profiled nmethods': size=120000Kb used=15548Kb max_used=16047Kb free=104451Kb
 bounds [0x000001f12c1f0000, 0x000001f12d1c0000, 0x000001f133720000]
CodeHeap 'non-nmethods': size=5760Kb used=1695Kb max_used=1822Kb free=4064Kb
 bounds [0x000001f133720000, 0x000001f133990000, 0x000001f133cc0000]
 total_blobs=7955 nmethods=7361 adapters=498
 compilation: enabled
              stopped_count=0, restarted_count=0
 full_count=0

Compilation events (20 events):
Event: 46.964 Thread 0x000001f13e8f9fe0 nmethod 8842 0x000001f12c906310 code [0x000001f12c906560, 0x000001f12c906d58]
Event: 46.964 Thread 0x000001f13e8f9fe0 8843       3       java.util.concurrent.locks.AbstractQueuedSynchronizer$ConditionNode::<init> (5 bytes)
Event: 46.964 Thread 0x000001f13e8f9fe0 nmethod 8843 0x000001f12c45f890 code [0x000001f12c45fa40, 0x000001f12c45fc08]
Event: 46.964 Thread 0x000001f13e8f9fe0 8844       3       java.util.concurrent.locks.AbstractQueuedSynchronizer$ConditionObject::enableWait (84 bytes)
Event: 46.967 Thread 0x000001f13e8f9fe0 nmethod 8844 0x000001f12c905710 code [0x000001f12c905940, 0x000001f12c906098]
Event: 47.275 Thread 0x000001f13e8f9fe0 8845       3       java.util.concurrent.locks.ReentrantLock$NonfairSync::tryAcquire (27 bytes)
Event: 47.280 Thread 0x000001f13e8f9fe0 nmethod 8845 0x000001f12c45f210 code [0x000001f12c45f3c0, 0x000001f12c45f648]
Event: 47.308 Thread 0x000001f13e8f9fe0 8846  s    3       java.lang.StringBuffer::append (13 bytes)
Event: 47.316 Thread 0x000001f13e8f9fe0 nmethod 8846 0x000001f12c905290 code [0x000001f12c905440, 0x000001f12c905680]
Event: 47.617 Thread 0x000001f13e8f8520 8847       4       java.lang.invoke.MethodTypeForm::canonicalize (74 bytes)
Event: 47.629 Thread 0x000001f13e8f8520 nmethod 8847 0x000001f1340d2890 code [0x000001f1340d2a20, 0x000001f1340d2af8]
Event: 47.643 Thread 0x000001f13e8f9fe0 8849       1       org.apache.maven.surefire.api.stream.AbstractStreamDecoder$MalformedFrameException::readFrom (5 bytes)
Event: 47.646 Thread 0x000001f13e8f9fe0 nmethod 8849 0x000001f1340d2f10 code [0x000001f1340d30a0, 0x000001f1340d3168]
Event: 47.651 Thread 0x000001f13e8f9fe0 8850       1       org.apache.maven.surefire.api.stream.AbstractStreamDecoder$MalformedFrameException::readTo (5 bytes)
Event: 47.651 Thread 0x000001f13e8f9fe0 nmethod 8850 0x000001f1340d3210 code [0x000001f1340d33a0, 0x000001f1340d3468]
Event: 47.654 Thread 0x000001f13e8f9fe0 8851       3       org.apache.maven.surefire.stream.EventDecoder::getEncodedMagicNumber (4 bytes)
Event: 47.657 Thread 0x000001f13e8f9fe0 nmethod 8851 0x000001f12d18dc90 code [0x000001f12d18de20, 0x000001f12d18df38]
Event: 47.657 Thread 0x000001f13e8f9fe0 8854       3       java.lang.StringBuilder::toString (9 bytes)
Event: 47.657 Thread 0x000001f13e8f9fe0 nmethod 8854 0x000001f12c904d90 code [0x000001f12c904f40, 0x000001f12c905150]
Event: 47.657 Thread 0x000001f13e8f9fe0 8852   !   3       org.apache.maven.surefire.stream.EventDecoder::decode (399 bytes)

GC Heap History (20 events):
Event: 14.926 GC heap before
{Heap before GC invocations=12 (full 0):
 garbage-first heap   total 71680K, used 58944K [0x00000000c4e00000, 0x0000000100000000)
  region size 1024K, 19 young (19456K), 3 survivors (3072K)
 Metaspace       used 28050K, committed 28416K, reserved 1114112K
  class space    used 3145K, committed 3328K, reserved 1048576K
}
Event: 14.934 GC heap after
{Heap after GC invocations=13 (full 0):
 garbage-first heap   total 86016K, used 46399K [0x00000000c4e00000, 0x0000000100000000)
  region size 1024K, 3 young (3072K), 3 survivors (3072K)
 Metaspace       used 28050K, committed 28416K, reserved 1114112K
  class space    used 3145K, committed 3328K, reserved 1048576K
}
Event: 15.474 GC heap before
{Heap before GC invocations=14 (full 0):
 garbage-first heap   total 86016K, used 66879K [0x00000000c4e00000, 0x0000000100000000)
  region size 1024K, 27 young (27648K), 3 survivors (3072K)
 Metaspace       used 29346K, committed 29760K, reserved 1114112K
  class space    used 3300K, committed 3456K, reserved 1048576K
}
Event: 15.479 GC heap after
{Heap after GC invocations=15 (full 0):
 garbage-first heap   total 86016K, used 43447K [0x00000000c4e00000, 0x0000000100000000)
  region size 1024K, 3 young (3072K), 3 survivors (3072K)
 Metaspace       used 29346K, committed 29760K, reserved 1114112K
  class space    used 3300K, committed 3456K, reserved 1048576K
}
Event: 16.072 GC heap before
{Heap before GC invocations=15 (full 0):
 garbage-first heap   total 86016K, used 71095K [0x00000000c4e00000, 0x0000000100000000)
  region size 1024K, 31 young (31744K), 3 survivors (3072K)
 Metaspace       used 30125K, committed 30592K, reserved 1114112K
  class space    used 3372K, committed 3584K, reserved 1048576K
}
Event: 16.079 GC heap after
{Heap after GC invocations=16 (full 0):
 garbage-first heap   total 86016K, used 43653K [0x00000000c4e00000, 0x0000000100000000)
  region size 1024K, 2 young (2048K), 2 survivors (2048K)
 Metaspace       used 30125K, committed 30592K, reserved 1114112K
  class space    used 3372K, committed 3584K, reserved 1048576K
}
Event: 16.749 GC heap before
{Heap before GC invocations=16 (full 0):
 garbage-first heap   total 86016K, used 63109K [0x00000000c4e00000, 0x0000000100000000)
  region size 1024K, 22 young (22528K), 2 survivors (2048K)
 Metaspace       used 31991K, committed 32512K, reserved 1114112K
  class space    used 3604K, committed 3776K, reserved 1048576K
}
Event: 16.757 GC heap after
{Heap after GC invocations=17 (full 0):
 garbage-first heap   total 86016K, used 45251K [0x00000000c4e00000, 0x0000000100000000)
  region size 1024K, 3 young (3072K), 3 survivors (3072K)
 Metaspace       used 31991K, committed 32512K, reserved 1114112K
  class space    used 3604K, committed 3776K, reserved 1048576K
}
Event: 17.385 GC heap before
{Heap before GC invocations=18 (full 0):
 garbage-first heap   total 86016K, used 84163K [0x00000000c4e00000, 0x0000000100000000)
  region size 1024K, 32 young (32768K), 3 survivors (3072K)
 Metaspace       used 32036K, committed 32512K, reserved 1114112K
  class space    used 3604K, committed 3776K, reserved 1048576K
}
Event: 17.406 GC heap after
{Heap after GC invocations=19 (full 0):
 garbage-first heap   total 96256K, used 59392K [0x00000000c4e00000, 0x0000000100000000)
  region size 1024K, 4 young (4096K), 4 survivors (4096K)
 Metaspace       used 32036K, committed 32512K, reserved 1114112K
  class space    used 3604K, committed 3776K, reserved 1048576K
}
Event: 17.658 GC heap before
{Heap before GC invocations=19 (full 0):
 garbage-first heap   total 96256K, used 81920K [0x00000000c4e00000, 0x0000000100000000)
  region size 1024K, 26 young (26624K), 4 survivors (4096K)
 Metaspace       used 32046K, committed 32512K, reserved 1114112K
  class space    used 3604K, committed 3776K, reserved 1048576K
}
Event: 17.675 GC heap after
{Heap after GC invocations=20 (full 0):
 garbage-first heap   total 96256K, used 59392K [0x00000000c4e00000, 0x0000000100000000)
  region size 1024K, 4 young (4096K), 4 survivors (4096K)
 Metaspace       used 32046K, committed 32512K, reserved 1114112K
  class space    used 3604K, committed 3776K, reserved 1048576K
}
Event: 17.881 GC heap before
{Heap before GC invocations=20 (full 0):
 garbage-first heap   total 96256K, used 81920K [0x00000000c4e00000, 0x0000000100000000)
  region size 1024K, 24 young (24576K), 4 survivors (4096K)
 Metaspace       used 32055K, committed 32512K, reserved 1114112K
  class space    used 3604K, committed 3776K, reserved 1048576K
}
Event: 17.895 GC heap after
{Heap after GC invocations=21 (full 0):
 garbage-first heap   total 96256K, used 65167K [0x00000000c4e00000, 0x0000000100000000)
  region size 1024K, 3 young (3072K), 3 survivors (3072K)
 Metaspace       used 32055K, committed 32512K, reserved 1114112K
  class space    used 3604K, committed 3776K, reserved 1048576K
}
Event: 18.345 GC heap before
{Heap before GC invocations=21 (full 0):
 garbage-first heap   total 96256K, used 80527K [0x00000000c4e00000, 0x0000000100000000)
  region size 1024K, 19 young (19456K), 3 survivors (3072K)
 Metaspace       used 32553K, committed 33024K, reserved 1114112K
  class space    used 3657K, committed 3840K, reserved 1048576K
}
Event: 18.353 GC heap after
{Heap after GC invocations=22 (full 0):
 garbage-first heap   total 96256K, used 67678K [0x00000000c4e00000, 0x0000000100000000)
  region size 1024K, 2 young (2048K), 2 survivors (2048K)
 Metaspace       used 32553K, committed 33024K, reserved 1114112K
  class space    used 3657K, committed 3840K, reserved 1048576K
}
Event: 18.880 GC heap before
{Heap before GC invocations=23 (full 0):
 garbage-first heap   total 121856K, used 80990K [0x00000000c4e00000, 0x0000000100000000)
  region size 1024K, 17 young (17408K), 2 survivors (2048K)
 Metaspace       used 31491K, committed 32064K, reserved 1114112K
  class space    used 3533K, committed 3776K, reserved 1048576K
}
Event: 18.893 GC heap after
{Heap after GC invocations=24 (full 0):
 garbage-first heap   total 121856K, used 67407K [0x00000000c4e00000, 0x0000000100000000)
  region size 1024K, 1 young (1024K), 1 survivors (1024K)
 Metaspace       used 31491K, committed 32064K, reserved 1114112K
  class space    used 3533K, committed 3776K, reserved 1048576K
}
Event: 19.972 GC heap before
{Heap before GC invocations=24 (full 0):
 garbage-first heap   total 121856K, used 102223K [0x00000000c4e00000, 0x0000000100000000)
  region size 1024K, 36 young (36864K), 1 survivors (1024K)
 Metaspace       used 33398K, committed 33984K, reserved 1114112K
  class space    used 3696K, committed 3968K, reserved 1048576K
}
Event: 19.989 GC heap after
{Heap after GC invocations=25 (full 0):
 garbage-first heap   total 165888K, used 63764K [0x00000000c4e00000, 0x0000000100000000)
  region size 1024K, 3 young (3072K), 3 survivors (3072K)
 Metaspace       used 33398K, committed 33984K, reserved 1114112K
  class space    used 3696K, committed 3968K, reserved 1048576K
}

Dll operation events (8 events):
Event: 0.084 Loaded shared library C:\Program Files\Java\jdk-21\bin\java.dll
Event: 0.243 Loaded shared library C:\Program Files\Java\jdk-21\bin\jsvml.dll
Event: 0.290 Loaded shared library C:\Program Files\Java\jdk-21\bin\net.dll
Event: 0.307 Loaded shared library C:\Program Files\Java\jdk-21\bin\nio.dll
Event: 0.314 Loaded shared library C:\Program Files\Java\jdk-21\bin\zip.dll
Event: 0.624 Loaded shared library C:\Program Files\Java\jdk-21\bin\jimage.dll
Event: 0.631 Loaded shared library C:\Users\Asus\Downloads\apache-maven-3.9.9\lib\jansi-native\Windows\x86_64\jansi.dll
Event: 0.658 Loaded shared library C:\Program Files\Java\jdk-21\bin\verify.dll

Deoptimization events (20 events):
Event: 23.825 Thread 0x000001f185ebbb50 Uncommon trap: trap_request=0xffffffde fr.pc=0x000001f133fb1c28 relative=0x0000000000000188
Event: 23.825 Thread 0x000001f185ebbb50 Uncommon trap: reason=class_check action=maybe_recompile pc=0x000001f133fb1c28 method=java.util.concurrent.locks.AbstractQueuedSynchronizer.acquireShared(I)V @ 2 c2
Event: 23.825 Thread 0x000001f185ebbb50 DEOPT PACKING pc=0x000001f133fb1c28 sp=0x00000027679ff3e0
Event: 23.825 Thread 0x000001f185ebbb50 DEOPT UNPACKING pc=0x000001f133777da2 sp=0x00000027679ff3b8 mode 2
Event: 24.465 Thread 0x000001f185ebbb50 Uncommon trap: trap_request=0xffffffde fr.pc=0x000001f133fb1c28 relative=0x0000000000000188
Event: 24.465 Thread 0x000001f185ebbb50 Uncommon trap: reason=class_check action=maybe_recompile pc=0x000001f133fb1c28 method=java.util.concurrent.locks.AbstractQueuedSynchronizer.acquireShared(I)V @ 2 c2
Event: 24.465 Thread 0x000001f185ebbb50 DEOPT PACKING pc=0x000001f133fb1c28 sp=0x00000027679ff3e0
Event: 24.465 Thread 0x000001f185ebbb50 DEOPT UNPACKING pc=0x000001f133777da2 sp=0x00000027679ff3b8 mode 2
Event: 24.519 Thread 0x000001f185d71b70 Uncommon trap: trap_request=0xffffff45 fr.pc=0x000001f133cc1a78 relative=0x0000000000000078
Event: 24.519 Thread 0x000001f185d71b70 Uncommon trap: reason=unstable_if action=reinterpret pc=0x000001f133cc1a78 method=java.util.regex.Pattern.inRange(III)Z @ 7 c2
Event: 24.519 Thread 0x000001f185d71b70 DEOPT PACKING pc=0x000001f133cc1a78 sp=0x00000027676fdfb0
Event: 24.519 Thread 0x000001f185d71b70 DEOPT UNPACKING pc=0x000001f133777da2 sp=0x00000027676fde58 mode 2
Event: 25.223 Thread 0x000001f185ebbb50 Uncommon trap: trap_request=0xffffffde fr.pc=0x000001f133fb1c28 relative=0x0000000000000188
Event: 25.223 Thread 0x000001f185ebbb50 Uncommon trap: reason=class_check action=maybe_recompile pc=0x000001f133fb1c28 method=java.util.concurrent.locks.AbstractQueuedSynchronizer.acquireShared(I)V @ 2 c2
Event: 25.223 Thread 0x000001f185ebbb50 DEOPT PACKING pc=0x000001f133fb1c28 sp=0x00000027679ff3e0
Event: 25.223 Thread 0x000001f185ebbb50 DEOPT UNPACKING pc=0x000001f133777da2 sp=0x00000027679ff3b8 mode 2
Event: 26.525 Thread 0x000001f185ebbb50 Uncommon trap: trap_request=0xffffffde fr.pc=0x000001f133fb1c28 relative=0x0000000000000188
Event: 26.525 Thread 0x000001f185ebbb50 Uncommon trap: reason=class_check action=maybe_recompile pc=0x000001f133fb1c28 method=java.util.concurrent.locks.AbstractQueuedSynchronizer.acquireShared(I)V @ 2 c2
Event: 26.525 Thread 0x000001f185ebbb50 DEOPT PACKING pc=0x000001f133fb1c28 sp=0x00000027679ff3e0
Event: 26.525 Thread 0x000001f185ebbb50 DEOPT UNPACKING pc=0x000001f133777da2 sp=0x00000027679ff3b8 mode 2

Classes loaded (20 events):
Event: 20.670 Loading class jdk/internal/logger/LoggerFinderLoader$TemporaryLoggerFinder
Event: 20.689 Loading class jdk/internal/logger/LoggerFinderLoader$TemporaryLoggerFinder done
Event: 20.690 Loading class sun/util/logging/internal/LoggingProviderImpl$JULWrapper
Event: 20.699 Loading class sun/util/logging/PlatformLogger$ConfigurableBridge$LoggerConfiguration
Event: 20.700 Loading class sun/util/logging/PlatformLogger$ConfigurableBridge$LoggerConfiguration done
Event: 20.700 Loading class sun/util/logging/internal/LoggingProviderImpl$JULWrapper done
Event: 20.701 Loading class java/lang/System$Logger$Level
Event: 20.701 Loading class java/lang/System$Logger$Level done
Event: 20.702 Loading class java/nio/channels/ClosedChannelException
Event: 20.702 Loading class java/nio/channels/ClosedChannelException done
Event: 20.718 Loading class java/nio/channels/NonReadableChannelException
Event: 20.719 Loading class java/nio/channels/NonReadableChannelException done
Event: 20.722 Loading class java/nio/channels/NonWritableChannelException
Event: 20.722 Loading class java/nio/channels/NonWritableChannelException done
Event: 20.922 Loading class java/util/Scanner
Event: 20.924 Loading class java/util/Scanner done
Event: 20.939 Loading class java/util/Scanner$PatternLRUCache
Event: 20.940 Loading class java/util/Scanner$PatternLRUCache done
Event: 47.536 Loading class java/util/concurrent/atomic/Striped64$1
Event: 47.580 Loading class java/util/concurrent/atomic/Striped64$1 done

Classes unloaded (20 events):
Event: 18.424 Thread 0x000001f123e2dbc0 Unloading class 0x000001f1403367e8 'lombok/javac/apt/MessagerDiagnosticsReceiver'
Event: 18.424 Thread 0x000001f123e2dbc0 Unloading class 0x000001f140336420 'lombok/javac/apt/InterceptingJavaFileManager'
Event: 18.424 Thread 0x000001f123e2dbc0 Unloading class 0x000001f140336218 'lombok/permit/dummy/Parent'
Event: 18.424 Thread 0x000001f123e2dbc0 Unloading class 0x000001f140336000 'lombok/core/CleanupRegistry'
Event: 18.424 Thread 0x000001f123e2dbc0 Unloading class 0x000001f140335de8 'lombok/permit/Permit$Fake'
Event: 18.424 Thread 0x000001f123e2dbc0 Unloading class 0x000001f140335be8 'lombok/permit/Permit'
Event: 18.424 Thread 0x000001f123e2dbc0 Unloading class 0x000001f1403359f0 'lombok/core/DiagnosticsReceiver'
Event: 18.424 Thread 0x000001f123e2dbc0 Unloading class 0x000001f140335700 'lombok/javac/apt/LombokProcessor$1'
Event: 18.424 Thread 0x000001f123e2dbc0 Unloading class 0x000001f140335468 'lombok/javac/apt/LombokProcessor'
Event: 18.424 Thread 0x000001f123e2dbc0 Unloading class 0x000001f140335238 'lombok/core/AnnotationProcessor$EcjDescriptor'
Event: 18.424 Thread 0x000001f123e2dbc0 Unloading class 0x000001f140335000 'lombok/core/AnnotationProcessor$JavacDescriptor'
Event: 18.424 Thread 0x000001f123e2dbc0 Unloading class 0x000001f140334a80 'lombok/core/AnnotationProcessor$ProcessorDescriptor'
Event: 18.424 Thread 0x000001f123e2dbc0 Unloading class 0x000001f140334800 'lombok/core/AnnotationProcessor'
Event: 18.424 Thread 0x000001f123e2dbc0 Unloading class 0x000001f140381c00 'lombok/launch/AnnotationProcessorHider$ClaimingProcessor'
Event: 18.424 Thread 0x000001f123e2dbc0 Unloading class 0x000001f140334498 'lombok/launch/AnnotationProcessorHider$AstModificationNotifierData'
Event: 18.424 Thread 0x000001f123e2dbc0 Unloading class 0x000001f140334218 'lombok/launch/ClassFileMetaData'
Event: 18.424 Thread 0x000001f123e2dbc0 Unloading class 0x000001f140334000 'lombok/launch/PackageShader'
Event: 18.424 Thread 0x000001f123e2dbc0 Unloading class 0x000001f14030c480 'lombok/launch/ShadowClassLoader'
Event: 18.424 Thread 0x000001f123e2dbc0 Unloading class 0x000001f14030c280 'lombok/launch/Main'
Event: 18.424 Thread 0x000001f123e2dbc0 Unloading class 0x000001f14030c000 'lombok/launch/AnnotationProcessorHider$AnnotationProcessor'

Classes redefined (0 events):
No events

Internal exceptions (20 events):
Event: 19.134 Thread 0x000001f121bee540 Exception <a 'sun/nio/fs/WindowsException'{0x00000000cb599c88}> (0x00000000cb599c88) 
thrown [s\open\src\hotspot\share\prims\jni.cpp, line 520]
Event: 19.134 Thread 0x000001f121bee540 Exception <a 'sun/nio/fs/WindowsException'{0x00000000cb59d6a0}> (0x00000000cb59d6a0) 
thrown [s\open\src\hotspot\share\prims\jni.cpp, line 520]
Event: 19.134 Thread 0x000001f121bee540 Exception <a 'sun/nio/fs/WindowsException'{0x00000000cb59e640}> (0x00000000cb59e640) 
thrown [s\open\src\hotspot\share\prims\jni.cpp, line 520]
Event: 19.136 Thread 0x000001f121bee540 Exception <a 'sun/nio/fs/WindowsException'{0x00000000cb5a4410}> (0x00000000cb5a4410) 
thrown [s\open\src\hotspot\share\prims\jni.cpp, line 520]
Event: 19.138 Thread 0x000001f121bee540 Exception <a 'sun/nio/fs/WindowsException'{0x00000000cb5a52a0}> (0x00000000cb5a52a0) 
thrown [s\open\src\hotspot\share\prims\jni.cpp, line 520]
Event: 19.138 Thread 0x000001f121bee540 Exception <a 'sun/nio/fs/WindowsException'{0x00000000cb5abeb8}> (0x00000000cb5abeb8) 
thrown [s\open\src\hotspot\share\prims\jni.cpp, line 520]
Event: 19.140 Thread 0x000001f121bee540 Exception <a 'sun/nio/fs/WindowsException'{0x00000000cb5bc598}> (0x00000000cb5bc598) 
thrown [s\open\src\hotspot\share\prims\jni.cpp, line 520]
Event: 19.140 Thread 0x000001f121bee540 Exception <a 'sun/nio/fs/WindowsException'{0x00000000cb5bd4e8}> (0x00000000cb5bd4e8) 
thrown [s\open\src\hotspot\share\prims\jni.cpp, line 520]
Event: 19.163 Thread 0x000001f121bee540 Exception <a 'sun/nio/fs/WindowsException'{0x00000000cb443620}> (0x00000000cb443620) 
thrown [s\open\src\hotspot\share\prims\jni.cpp, line 520]
Event: 19.163 Thread 0x000001f121bee540 Exception <a 'sun/nio/fs/WindowsException'{0x00000000cb4447a8}> (0x00000000cb4447a8) 
thrown [s\open\src\hotspot\share\prims\jni.cpp, line 520]
Event: 19.164 Thread 0x000001f121bee540 Exception <a 'sun/nio/fs/WindowsException'{0x00000000cb4513d0}> (0x00000000cb4513d0) 
thrown [s\open\src\hotspot\share\prims\jni.cpp, line 520]
Event: 19.164 Thread 0x000001f121bee540 Exception <a 'sun/nio/fs/WindowsException'{0x00000000cb46e2f8}> (0x00000000cb46e2f8) 
thrown [s\open\src\hotspot\share\prims\jni.cpp, line 520]
Event: 19.164 Thread 0x000001f121bee540 Exception <a 'sun/nio/fs/WindowsException'{0x00000000cb46f540}> (0x00000000cb46f540) 
thrown [s\open\src\hotspot\share\prims\jni.cpp, line 520]
Event: 19.703 Thread 0x000001f185ffc850 Exception <a 'java/lang/NoSuchMethodError'{0x00000000c9e7b688}: 'java.lang.Object java.lang.invoke.DirectMethodHandle$Holder.invokeStatic(java.lang.Object, long, java.lang.Object)'> (0x00000000c9e7b688) 
thrown [s\open\src\hotspot\share\interpreter\linkResolver.cpp, line 773]
Event: 19.704 Thread 0x000001f185ffc850 Exception <a 'java/lang/NoSuchMethodError'{0x00000000c9e7ea30}: 'java.lang.Object java.lang.invoke.DirectMethodHandle$Holder.invokeStaticInit(java.lang.Object, long, java.lang.Object)'> (0x00000000c9e7ea30) 
thrown [s\open\src\hotspot\share\interpreter\linkResolver.cpp, line 773]
Event: 19.704 Thread 0x000001f185ffc850 Exception <a 'java/lang/NoSuchMethodError'{0x00000000c9e83e28}: 'java.lang.Object java.lang.invoke.DirectMethodHandle$Holder.newInvokeSpecial(java.lang.Object, long)'> (0x00000000c9e83e28) 
thrown [s\open\src\hotspot\share\interpreter\linkResolver.cpp, line 773]
Event: 19.707 Thread 0x000001f185ffc850 Exception <a 'java/lang/NoSuchMethodError'{0x00000000c9e885b0}: 'long java.lang.invoke.DirectMethodHandle$Holder.invokeInterface(java.lang.Object, java.lang.Object)'> (0x00000000c9e885b0) 
thrown [s\open\src\hotspot\share\interpreter\linkResolver.cpp, line 773]
Event: 19.708 Thread 0x000001f185ffc850 Exception <a 'java/lang/NoSuchMethodError'{0x00000000c9e8ba68}: 'long java.lang.invoke.DelegatingMethodHandle$Holder.reinvoke_L(java.lang.Object, java.lang.Object)'> (0x00000000c9e8ba68) 
thrown [s\open\src\hotspot\share\interpreter\linkResolver.cpp, line 773]
Event: 19.872 Thread 0x000001f121bee540 Exception <a 'java/lang/NoSuchMethodError'{0x00000000c9c0da90}: 'java.lang.Object java.lang.invoke.DirectMethodHandle$Holder.invokeStaticInit(java.lang.Object, java.lang.Object, int, int, int, int)'> (0x00000000c9c0da90) 
thrown [s\open\src\hotspot\share\interpreter\linkResolver.cpp, line 773]
Event: 20.649 Thread 0x000001f121bee540 Exception <a 'java/lang/NoSuchMethodError'{0x00000000ce066910}: 'void java.lang.invoke.DirectMethodHandle$Holder.invokeStatic(java.lang.Object, long)'> (0x00000000ce066910) 
thrown [s\open\src\hotspot\share\interpreter\linkResolver.cpp, line 773]

ZGC Phase Switch (0 events):
No events

VM Operations (20 events):
Event: 20.306 Executing VM operation: HandshakeAllThreads (Deoptimize)
Event: 20.306 Executing VM operation: HandshakeAllThreads (Deoptimize) done
Event: 20.341 Executing VM operation: HandshakeAllThreads (Deoptimize)
Event: 20.341 Executing VM operation: HandshakeAllThreads (Deoptimize) done
Event: 20.342 Executing VM operation: HandshakeAllThreads (Deoptimize)
Event: 20.342 Executing VM operation: HandshakeAllThreads (Deoptimize) done
Event: 20.655 Executing VM operation: HandshakeAllThreads (Deoptimize)
Event: 20.655 Executing VM operation: HandshakeAllThreads (Deoptimize) done
Event: 21.678 Executing VM operation: Cleanup
Event: 21.690 Executing VM operation: Cleanup done
Event: 22.694 Executing VM operation: Cleanup
Event: 22.694 Executing VM operation: Cleanup done
Event: 24.709 Executing VM operation: Cleanup
Event: 24.709 Executing VM operation: Cleanup done
Event: 33.782 Executing VM operation: Cleanup
Event: 33.784 Executing VM operation: Cleanup done
Event: 45.867 Executing VM operation: Cleanup
Event: 45.958 Executing VM operation: Cleanup done
Event: 46.966 Executing VM operation: Cleanup
Event: 46.981 Executing VM operation: Cleanup done

Events (20 events):
Event: 18.473 Thread 0x000001f123e2dbc0 flushing nmethod 0x000001f12d073910
Event: 18.473 Thread 0x000001f123e2dbc0 flushing nmethod 0x000001f12d076a10
Event: 18.473 Thread 0x000001f123e2dbc0 flushing nmethod 0x000001f12d077290
Event: 18.473 Thread 0x000001f123e2dbc0 flushing nmethod 0x000001f12d08cb90
Event: 18.473 Thread 0x000001f123e2dbc0 flushing nmethod 0x000001f12d092690
Event: 18.473 Thread 0x000001f123e2dbc0 flushing nmethod 0x000001f12d094510
Event: 18.473 Thread 0x000001f123e2dbc0 flushing nmethod 0x000001f12d09d510
Event: 18.473 Thread 0x000001f123e2dbc0 flushing nmethod 0x000001f12d09e710
Event: 18.473 Thread 0x000001f123e2dbc0 flushing nmethod 0x000001f12d0a2b10
Event: 18.473 Thread 0x000001f123e2dbc0 flushing nmethod 0x000001f12d0a3010
Event: 18.473 Thread 0x000001f123e2dbc0 flushing nmethod 0x000001f12d0a3490
Event: 18.473 Thread 0x000001f123e2dbc0 flushing nmethod 0x000001f12d0cd890
Event: 19.657 Thread 0x000001f185ffc850 Thread added: 0x000001f185ffc850
Event: 19.711 Thread 0x000001f185ffc850 Thread exited: 0x000001f185ffc850
Event: 20.105 Thread 0x000001f18425c7f0 Thread added: 0x000001f18425c7f0
Event: 20.114 Thread 0x000001f1847b0a70 Thread added: 0x000001f1847b0a70
Event: 20.402 Thread 0x000001f185d71b70 Thread added: 0x000001f185d71b70
Event: 20.866 Thread 0x000001f185d86260 Thread added: 0x000001f185d86260
Event: 20.868 Thread 0x000001f1842bfbd0 Thread added: 0x000001f1842bfbd0
Event: 20.921 Thread 0x000001f185ebbb50 Thread added: 0x000001f185ebbb50


Dynamic libraries:
0x00007ff778060000 - 0x00007ff778070000 	C:\Program Files\Java\jdk-21\bin\java.exe
0x00007fff75310000 - 0x00007fff75508000 	C:\Windows\SYSTEM32\ntdll.dll
0x00007fff445d0000 - 0x00007fff445ea000 	C:\Program Files\Avast Software\Avast\aswhook.dll
0x00007fff74910000 - 0x00007fff749d2000 	C:\Windows\System32\KERNEL32.DLL
0x00007fff72f00000 - 0x00007fff731f6000 	C:\Windows\System32\KERNELBASE.dll
0x00007fff72a00000 - 0x00007fff72b00000 	C:\Windows\System32\ucrtbase.dll
0x00007fff67f10000 - 0x00007fff67f29000 	C:\Program Files\Java\jdk-21\bin\jli.dll
0x00007fff75180000 - 0x00007fff7522f000 	C:\Windows\System32\ADVAPI32.dll
0x00007fff73ad0000 - 0x00007fff73b6e000 	C:\Windows\System32\msvcrt.dll
0x00007fff75230000 - 0x00007fff752cf000 	C:\Windows\System32\sechost.dll
0x00007fff63030000 - 0x00007fff6304b000 	C:\Program Files\Java\jdk-21\bin\VCRUNTIME140.dll
0x00007fff74550000 - 0x00007fff74673000 	C:\Windows\System32\RPCRT4.dll
0x00007fff729a0000 - 0x00007fff729c7000 	C:\Windows\System32\bcrypt.dll
0x00007fff74fb0000 - 0x00007fff7514d000 	C:\Windows\System32\USER32.dll
0x00007fff729d0000 - 0x00007fff729f2000 	C:\Windows\System32\win32u.dll
0x00007fff75150000 - 0x00007fff7517b000 	C:\Windows\System32\GDI32.dll
0x00007fff72b00000 - 0x00007fff72c1a000 	C:\Windows\System32\gdi32full.dll
0x00007fff5c1e0000 - 0x00007fff5c47a000 	C:\Windows\WinSxS\amd64_microsoft.windows.common-controls_6595b64144ccf1df_6.0.19041.4355_none_60b8b9eb71f62e16\COMCTL32.dll
0x00007fff72e60000 - 0x00007fff72efd000 	C:\Windows\System32\msvcp_win.dll
0x00007fff66fd0000 - 0x00007fff66fda000 	C:\Windows\SYSTEM32\VERSION.dll
0x00007fff748e0000 - 0x00007fff7490f000 	C:\Windows\System32\IMM32.DLL
0x00007fff6a410000 - 0x00007fff6a41c000 	C:\Program Files\Java\jdk-21\bin\vcruntime140_1.dll
0x00007fff51ae0000 - 0x00007fff51b6e000 	C:\Program Files\Java\jdk-21\bin\msvcp140.dll
0x00007ffeee190000 - 0x00007ffeeeea3000 	C:\Program Files\Java\jdk-21\bin\server\jvm.dll
0x00007fff74870000 - 0x00007fff748db000 	C:\Windows\System32\WS2_32.dll
0x00007fff59af0000 - 0x00007fff59b17000 	C:\Windows\SYSTEM32\WINMM.dll
0x00007fff71eb0000 - 0x00007fff71efb000 	C:\Windows\SYSTEM32\POWRPROF.dll
0x00007fff71d70000 - 0x00007fff71d82000 	C:\Windows\SYSTEM32\UMPDC.dll
0x00007fff711b0000 - 0x00007fff711c2000 	C:\Windows\SYSTEM32\kernel.appcore.dll
0x00007fff6a350000 - 0x00007fff6a35a000 	C:\Program Files\Java\jdk-21\bin\jimage.dll
0x00007fff70eb0000 - 0x00007fff71094000 	C:\Windows\SYSTEM32\DBGHELP.DLL
0x00007fff64400000 - 0x00007fff64434000 	C:\Windows\SYSTEM32\dbgcore.DLL
0x00007fff72d80000 - 0x00007fff72e02000 	C:\Windows\System32\bcryptPrimitives.dll
0x00007fff61ce0000 - 0x00007fff61cff000 	C:\Program Files\Java\jdk-21\bin\java.dll
0x00007fff73bd0000 - 0x00007fff7433f000 	C:\Windows\System32\SHELL32.dll
0x00007fff70420000 - 0x00007fff70bc3000 	C:\Windows\SYSTEM32\windows.storage.dll
0x00007fff734a0000 - 0x00007fff737f5000 	C:\Windows\System32\combase.dll
0x00007fff723d0000 - 0x00007fff723fb000 	C:\Windows\SYSTEM32\Wldp.dll
0x00007fff74480000 - 0x00007fff7454d000 	C:\Windows\System32\OLEAUT32.dll
0x00007fff73390000 - 0x00007fff7343d000 	C:\Windows\System32\SHCORE.dll
0x00007fff73b70000 - 0x00007fff73bc5000 	C:\Windows\System32\shlwapi.dll
0x00007fff728d0000 - 0x00007fff728f5000 	C:\Windows\SYSTEM32\profapi.dll
0x00007fff40e20000 - 0x00007fff40ef7000 	C:\Program Files\Java\jdk-21\bin\jsvml.dll
0x00007fff67f00000 - 0x00007fff67f10000 	C:\Program Files\Java\jdk-21\bin\net.dll
0x00007fff6a6c0000 - 0x00007fff6a7ca000 	C:\Windows\SYSTEM32\WINHTTP.dll
0x00007fff720f0000 - 0x00007fff7215c000 	C:\Windows\system32\mswsock.dll
0x00007fff61cc0000 - 0x00007fff61cd6000 	C:\Program Files\Java\jdk-21\bin\nio.dll
0x00007fff5b820000 - 0x00007fff5b838000 	C:\Program Files\Java\jdk-21\bin\zip.dll
0x00007fff5b7f0000 - 0x00007fff5b814000 	C:\Users\Asus\Downloads\apache-maven-3.9.9\lib\jansi-native\Windows\x86_64\jansi.dll
0x00007fff637b0000 - 0x00007fff637c0000 	C:\Program Files\Java\jdk-21\bin\verify.dll
0x00007fff72300000 - 0x00007fff72318000 	C:\Windows\SYSTEM32\CRYPTSP.dll
0x00007fff71990000 - 0x00007fff719c8000 	C:\Windows\system32\rsaenh.dll
0x00007fff72850000 - 0x00007fff7287e000 	C:\Windows\SYSTEM32\USERENV.dll
0x00007fff72320000 - 0x00007fff7232c000 	C:\Windows\SYSTEM32\CRYPTBASE.dll
0x00007fff71d90000 - 0x00007fff71dcb000 	C:\Windows\SYSTEM32\IPHLPAPI.DLL
0x00007fff74f90000 - 0x00007fff74f98000 	C:\Windows\System32\NSI.dll

dbghelp: loaded successfully - version: 4.0.5 - missing functions: none
symbol engine: initialized successfully - sym options: 0x614 - pdb path: .;C:\Program Files\Java\jdk-21\bin;C:\Windows\SYSTEM32;C:\Program Files\Avast Software\Avast;C:\Windows\WinSxS\amd64_microsoft.windows.common-controls_6595b64144ccf1df_6.0.19041.4355_none_60b8b9eb71f62e16;C:\Program Files\Java\jdk-21\bin\server;C:\Users\Asus\Downloads\apache-maven-3.9.9\lib\jansi-native\Windows\x86_64

VM Arguments:
jvm_args: -Dclassworlds.conf=C:\Users\Asus\Downloads\apache-maven-3.9.9\bin\m2.conf -Dmaven.home=C:\Users\Asus\Downloads\apache-maven-3.9.9 -Dlibrary.jansi.path=C:\Users\Asus\Downloads\apache-maven-3.9.9\lib\jansi-native -Dmaven.multiModuleProjectDirectory=C:\Users\Asus\IdeaProjects\CloudStorageApp 
java_command: org.codehaus.plexus.classworlds.launcher.Launcher test
java_class_path (initial): C:\Users\Asus\Downloads\apache-maven-3.9.9\boot\plexus-classworlds-2.8.0.jar
Launcher Type: SUN_STANDARD

[Global flags]
     intx CICompilerCount                          = 3                                         {product} {ergonomic}
     uint ConcGCThreads                            = 1                                         {product} {ergonomic}
     uint G1ConcRefinementThreads                  = 4                                         {product} {ergonomic}
   size_t G1HeapRegionSize                         = 1048576                                   {product} {ergonomic}
    uintx GCDrainStackTargetSize                   = 64                                        {product} {ergonomic}
   size_t InitialHeapSize                          = 62914560                                  {product} {ergonomic}
   size_t MarkStackSize                            = 4194304                                   {product} {ergonomic}
   size_t MaxHeapSize                              = 991952896                                 {product} {ergonomic}
   size_t MaxNewSize                               = 594542592                                 {product} {ergonomic}
   size_t MinHeapDeltaBytes                        = 1048576                                   {product} {ergonomic}
   size_t MinHeapSize                              = 8388608                                   {product} {ergonomic}
    uintx NonNMethodCodeHeapSize                   = 5832780                                {pd product} {ergonomic}
    uintx NonProfiledCodeHeapSize                  = 122912730                              {pd product} {ergonomic}
    uintx ProfiledCodeHeapSize                     = 122912730                              {pd product} {ergonomic}
    uintx ReservedCodeCacheSize                    = 251658240                              {pd product} {ergonomic}
     bool SegmentedCodeCache                       = true                                      {product} {ergonomic}
   size_t SoftMaxHeapSize                          = 991952896                              {manageable} {ergonomic}
     bool UseCompressedOops                        = true                           {product lp64_product} {ergonomic}
     bool UseG1GC                                  = true                                      {product} {ergonomic}
     bool UseLargePagesIndividualAllocation        = false                                  {pd product} {ergonomic}

Logging:
Log output configuration:
 #0: stdout all=warning uptime,level,tags foldmultilines=false
 #1: stderr all=off uptime,level,tags foldmultilines=false

Environment Variables:
JAVA_HOME=C:\Program Files\Java\jdk-21
PATH=C:\app\Asus\sql_course\dbhomeXE\bin;C:\Windows\system32;C:\Windows;C:\Windows\System32\Wbem;C:\Windows\System32\WindowsPowerShell\v1.0\;C:\Windows\System32\OpenSSH\;C:\Program Files\Java\jdk-21\bin;C:\Program Files\dotnet\;C:\Program Files\MongoDB\mongosh-2.3.1-win32-x64\bin;C:\Users\Asus\Downloads\apache-maven-3.9.9\bin;C:\Users\Asus\sqlite;C:\Program Files\Git\cmd;C:\Program Files\Docker\Docker\resources\bin;C:\Program Files\nodejs\;C:\Users\Asus\redis;C:\Program Files\MySQL\MySQL Shell 8.0\bin\;C:\Users\Asus\AppData\Local\Microsoft\WindowsApps;C:\Program Files\JetBrains\IntelliJ IDEA Community Edition 2023.1.2\bin;;C:\Program Files\JetBrains\IntelliJ IDEA 2023.2.2\bin;;C:\Users\Asus\AppData\Local\Programs\Microsoft VS Code\bin;C:\Users\Asus\AppData\Local\Google\Cloud SDK\google-cloud-sdk\bin;C:\Program Files\heroku\bin;C:\Users\Asus\AppData\Roaming\npm
USERNAME=Asus
OS=Windows_NT
PROCESSOR_IDENTIFIER=Intel64 Family 6 Model 140 Stepping 1, GenuineIntel
TMP=C:\Users\Asus\AppData\Local\Temp
TEMP=C:\Users\Asus\AppData\Local\Temp




Periodic native trim disabled

---------------  S Y S T E M  ---------------

OS:
 Windows 10 , 64 bit Build 19041 (10.0.19041.5678)
OS uptime: 5 days 19:37 hours
Hyper-V role detected

CPU: total 4 (initial active 4) (2 cores per cpu, 2 threads per core) family 6 model 140 stepping 1 microcode 0x86, cx8, cmov, fxsr, ht, mmx, 3dnowpref, sse, sse2, sse3, ssse3, sse4.1, sse4.2, popcnt, lzcnt, tsc, tscinvbit, avx, avx2, aes, erms, clmul, bmi1, bmi2, adx, avx512f, avx512dq, avx512cd, avx512bw, avx512vl, sha, fma, vzeroupper, avx512_vpopcntdq, avx512_vpclmulqdq, avx512_vaes, avx512_vnni, clflush, clflushopt, clwb, avx512_vbmi2, avx512_vbmi, hv, rdtscp, rdpid, fsrm, gfni, avx512_bitalg, f16c, cet_ibt, cet_ss, avx512_ifma
Processor Information for all 4 processors :
  Max Mhz: 2995, Current Mhz: 2995, Mhz Limit: 2995

Memory: 4k page, system-wide physical 3778M (107M free)
TotalPageFile size 15554M (AvailPageFile size 28M)
current process WorkingSet (physical memory assigned to process): 25M, peak: 212M
current process commit charge ("private bytes"): 310M, peak: 426M

vm_info: Java HotSpot(TM) 64-Bit Server VM (21.0.4+8-LTS-274) for windows-amd64 JRE (21.0.4+8-LTS-274), built on 2024-06-05T05:23:33Z by "mach5one" with MS VC++ 17.6 (VS2022)

END.
