#
# There is insufficient memory for the Java Runtime Environment to continue.
# Native memory allocation (mmap) failed to map 62914560 bytes for G1 virtual space
# Possible reasons:
#   The system is out of physical RAM or swap space
#   The process is running with CompressedOops enabled, and the Java Heap may be blocking the growth of the native heap
# Possible solutions:
#   Reduce memory load on the system
#   Increase physical memory or swap space
#   Check if swap backing store is full
#   Decrease Java heap size (-Xmx/-Xms)
#   Decrease number of Java threads
#   Decrease Java thread stack sizes (-Xss)
#   Set larger code cache with -XX:ReservedCodeCacheSize=
#   JVM is running with Unscaled Compressed Oops mode in which the Java heap is
#     placed in the first 4GB address space. The Java Heap base address is the
#     maximum limit for the native heap growth. Please use -XX:HeapBaseMinAddress
#     to set the Java Heap base and to place the Java Heap above 4GB virtual address.
# This output file may be truncated or incomplete.
#
#  Out of Memory Error (os_windows.cpp:3600), pid=6028, tid=14848
#
# JRE version:  (21.0.4+8) (build )
# Java VM: Java HotSpot(TM) 64-Bit Server VM (21.0.4+8-LTS-274, mixed mode, sharing, tiered, compressed oops, compressed class ptrs, g1 gc, windows-amd64)
# No core dump will be written. Minidumps are not enabled by default on client versions of Windows
#

---------------  S U M M A R Y ------------

Command Line: -Dclassworlds.conf=C:\Users\Asus\Downloads\apache-maven-3.9.9\bin\m2.conf -Dmaven.home=C:\Users\Asus\Downloads\apache-maven-3.9.9 -Dlibrary.jansi.path=C:\Users\Asus\Downloads\apache-maven-3.9.9\lib\jansi-native -Dmaven.multiModuleProjectDirectory=C:\Users\Asus\IdeaProjects\CloudStorageApp org.codehaus.plexus.classworlds.launcher.Launcher test

Host: 11th Gen Intel(R) Core(TM) i3-1115G4 @ 3.00GHz, 4 cores, 3G,  Windows 10 , 64 bit Build 19041 (10.0.19041.5678)
Time: Mon Apr 21 03:35:58 2025  Windows 10 , 64 bit Build 19041 (10.0.19041.5678) elapsed time: 0.209046 seconds (0d 0h 0m 0s)

---------------  T H R E A D  ---------------

Current thread (0x000001c88c563750):  JavaThread "Unknown thread" [_thread_in_vm, id=14848, stack(0x0000000c9f900000,0x0000000c9fa00000) (1024K)]

Stack: [0x0000000c9f900000,0x0000000c9fa00000]
Native frames: (J=compiled Java code, j=interpreted, Vv=VM code, C=native code)
V  [jvm.dll+0x6c8e59]
V  [jvm.dll+0x853181]
V  [jvm.dll+0x8556ae]
V  [jvm.dll+0x855d83]
V  [jvm.dll+0x27d526]
V  [jvm.dll+0x6c55f5]
V  [jvm.dll+0x6ba17a]
V  [jvm.dll+0x352a8a]
V  [jvm.dll+0x35a6e6]
V  [jvm.dll+0x3acdae]
V  [jvm.dll+0x3ad058]
V  [jvm.dll+0x326dec]
V  [jvm.dll+0x32794b]
V  [jvm.dll+0x81c569]
V  [jvm.dll+0x3b9a11]
V  [jvm.dll+0x805948]
V  [jvm.dll+0x44ec5e]
V  [jvm.dll+0x450851]
C  [jli.dll+0x52a3]
C  [ucrtbase.dll+0x21bb2]
C  [KERNEL32.DLL+0x17374]
C  [ntdll.dll+0x4cc91]


---------------  P R O C E S S  ---------------

Threads class SMR info:
_java_thread_list=0x00007ffefa026c08, length=0, elements={
}

Java Threads: ( => current thread )
Total: 0

Other Threads:
  0x000001c88c5954d0 WorkerThread "GC Thread#0"                     [id=18372, stack(0x0000000c9fa00000,0x0000000c9fb00000) (1024K)]
  0x000001c88c59e510 ConcurrentGCThread "G1 Main Marker"            [id=9192, stack(0x0000000c9fb00000,0x0000000c9fc00000) (1024K)]
  0x000001c88c5a0020 WorkerThread "G1 Conc#0"                       [id=12088, stack(0x0000000c9fc00000,0x0000000c9fd00000) (1024K)]

[error occurred during error reporting (printing all threads), id 0xc0000005, EXCEPTION_ACCESS_VIOLATION (0xc0000005) at pc=0x00007ffef9799577]
VM state: not at safepoint (not fully initialized)

VM Mutex/Monitor currently owned by a thread:  ([mutex/lock_event])
[0x00007ffefa097f98] Heap_lock - owner thread: 0x000001c88c563750

Heap address: 0x00000000c4e00000, size: 946 MB, Compressed Oops mode: 32-bit

CDS archive(s) mapped at: [0x0000000000000000-0x0000000000000000-0x0000000000000000), size 0, SharedBaseAddress: 0x0000000800000000, ArchiveRelocationMode: 1.
Narrow klass base: 0x0000000000000000, Narrow klass shift: 0, Narrow klass range: 0x0

GC Precious Log:
 CardTable entry size: 512
 Card Set container configuration: InlinePtr #cards 5 size 8 Array Of Cards #cards 12 size 40 Howl #buckets 4 coarsen threshold 1843 Howl Bitmap #cards 512 size 80 coarsen threshold 460 Card regions per heap region 1 cards per card region 2048

Heap:
 garbage-first heap   total 0K, used 0K [0x00000000c4e00000, 0x0000000100000000)
  region size 1024K, 0 young (0K), 0 survivors (0K)

[error occurred during error reporting (printing heap information), id 0xc0000005, EXCEPTION_ACCESS_VIOLATION (0xc0000005) at pc=0x00007ffef9b81df9]
GC Heap History (0 events):
No events

Dll operation events (1 events):
Event: 0.101 Loaded shared library C:\Program Files\Java\jdk-21\bin\java.dll

Deoptimization events (0 events):
No events

Classes loaded (0 events):
No events

Classes unloaded (0 events):
No events

Classes redefined (0 events):
No events

Internal exceptions (0 events):
No events

ZGC Phase Switch (0 events):
No events

VM Operations (0 events):
No events

Events (0 events):
No events


Dynamic libraries:
0x00007ff6c0870000 - 0x00007ff6c0880000 	C:\Program Files\Java\jdk-21\bin\java.exe
0x00007fff75310000 - 0x00007fff75508000 	C:\Windows\SYSTEM32\ntdll.dll
0x00007fff445d0000 - 0x00007fff445ea000 	C:\Program Files\Avast Software\Avast\aswhook.dll
0x00007fff74910000 - 0x00007fff749d2000 	C:\Windows\System32\KERNEL32.DLL
0x00007fff72f00000 - 0x00007fff731f6000 	C:\Windows\System32\KERNELBASE.dll
0x00007fff72a00000 - 0x00007fff72b00000 	C:\Windows\System32\ucrtbase.dll
0x00007fff44260000 - 0x00007fff44279000 	C:\Program Files\Java\jdk-21\bin\jli.dll
0x00007fff75180000 - 0x00007fff7522f000 	C:\Windows\System32\ADVAPI32.dll
0x00007fff73ad0000 - 0x00007fff73b6e000 	C:\Windows\System32\msvcrt.dll
0x00007fff75230000 - 0x00007fff752cf000 	C:\Windows\System32\sechost.dll
0x00007fff74550000 - 0x00007fff74673000 	C:\Windows\System32\RPCRT4.dll
0x00007fff40f40000 - 0x00007fff40f5b000 	C:\Program Files\Java\jdk-21\bin\VCRUNTIME140.dll
0x00007fff729a0000 - 0x00007fff729c7000 	C:\Windows\System32\bcrypt.dll
0x00007fff74fb0000 - 0x00007fff7514d000 	C:\Windows\System32\USER32.dll
0x00007fff729d0000 - 0x00007fff729f2000 	C:\Windows\System32\win32u.dll
0x00007fff75150000 - 0x00007fff7517b000 	C:\Windows\System32\GDI32.dll
0x00007fff72b00000 - 0x00007fff72c1a000 	C:\Windows\System32\gdi32full.dll
0x00007fff72e60000 - 0x00007fff72efd000 	C:\Windows\System32\msvcp_win.dll
0x00007fff66fd0000 - 0x00007fff66fda000 	C:\Windows\SYSTEM32\VERSION.dll
0x00007fff5c1e0000 - 0x00007fff5c47a000 	C:\Windows\WinSxS\amd64_microsoft.windows.common-controls_6595b64144ccf1df_6.0.19041.4355_none_60b8b9eb71f62e16\COMCTL32.dll
0x00007fff748e0000 - 0x00007fff7490f000 	C:\Windows\System32\IMM32.DLL
0x00007fff4c510000 - 0x00007fff4c51c000 	C:\Program Files\Java\jdk-21\bin\vcruntime140_1.dll
0x00007fff18f30000 - 0x00007fff18fbe000 	C:\Program Files\Java\jdk-21\bin\msvcp140.dll
0x00007ffef9460000 - 0x00007ffefa173000 	C:\Program Files\Java\jdk-21\bin\server\jvm.dll
0x00007fff74870000 - 0x00007fff748db000 	C:\Windows\System32\WS2_32.dll
0x00007fff71eb0000 - 0x00007fff71efb000 	C:\Windows\SYSTEM32\POWRPROF.dll
0x00007fff59af0000 - 0x00007fff59b17000 	C:\Windows\SYSTEM32\WINMM.dll
0x00007fff71d70000 - 0x00007fff71d82000 	C:\Windows\SYSTEM32\UMPDC.dll
0x00007fff711b0000 - 0x00007fff711c2000 	C:\Windows\SYSTEM32\kernel.appcore.dll
0x00007fff4c410000 - 0x00007fff4c41a000 	C:\Program Files\Java\jdk-21\bin\jimage.dll
0x00007fff70eb0000 - 0x00007fff71094000 	C:\Windows\SYSTEM32\DBGHELP.DLL
0x00007fff64400000 - 0x00007fff64434000 	C:\Windows\SYSTEM32\dbgcore.DLL
0x00007fff72d80000 - 0x00007fff72e02000 	C:\Windows\System32\bcryptPrimitives.dll
0x00007fff40980000 - 0x00007fff4099f000 	C:\Program Files\Java\jdk-21\bin\java.dll

dbghelp: loaded successfully - version: 4.0.5 - missing functions: none
symbol engine: initialized successfully - sym options: 0x614 - pdb path: .;C:\Program Files\Java\jdk-21\bin;C:\Windows\SYSTEM32;C:\Program Files\Avast Software\Avast;C:\Windows\WinSxS\amd64_microsoft.windows.common-controls_6595b64144ccf1df_6.0.19041.4355_none_60b8b9eb71f62e16;C:\Program Files\Java\jdk-21\bin\server

VM Arguments:
jvm_args: -Dclassworlds.conf=C:\Users\Asus\Downloads\apache-maven-3.9.9\bin\m2.conf -Dmaven.home=C:\Users\Asus\Downloads\apache-maven-3.9.9 -Dlibrary.jansi.path=C:\Users\Asus\Downloads\apache-maven-3.9.9\lib\jansi-native -Dmaven.multiModuleProjectDirectory=C:\Users\Asus\IdeaProjects\CloudStorageApp 
java_command: org.codehaus.plexus.classworlds.launcher.Launcher test
java_class_path (initial): C:\Users\Asus\Downloads\apache-maven-3.9.9\boot\plexus-classworlds-2.8.0.jar
Launcher Type: SUN_STANDARD

[Global flags]
     intx CICompilerCount                          = 3                                         {product} {ergonomic}
     uint ConcGCThreads                            = 1                                         {product} {ergonomic}
     uint G1ConcRefinementThreads                  = 4                                         {product} {ergonomic}
   size_t G1HeapRegionSize                         = 1048576                                   {product} {ergonomic}
    uintx GCDrainStackTargetSize                   = 64                                        {product} {ergonomic}
   size_t InitialHeapSize                          = 62914560                                  {product} {ergonomic}
   size_t MarkStackSize                            = 4194304                                   {product} {ergonomic}
   size_t MaxHeapSize                              = 991952896                                 {product} {ergonomic}
   size_t MinHeapDeltaBytes                        = 1048576                                   {product} {ergonomic}
   size_t MinHeapSize                              = 8388608                                   {product} {ergonomic}
    uintx NonNMethodCodeHeapSize                   = 5832780                                {pd product} {ergonomic}
    uintx NonProfiledCodeHeapSize                  = 122912730                              {pd product} {ergonomic}
    uintx ProfiledCodeHeapSize                     = 122912730                              {pd product} {ergonomic}
    uintx ReservedCodeCacheSize                    = 251658240                              {pd product} {ergonomic}
     bool SegmentedCodeCache                       = true                                      {product} {ergonomic}
   size_t SoftMaxHeapSize                          = 991952896                              {manageable} {ergonomic}
     bool UseCompressedOops                        = true                           {product lp64_product} {ergonomic}
     bool UseG1GC                                  = true                                      {product} {ergonomic}
     bool UseLargePagesIndividualAllocation        = false                                  {pd product} {ergonomic}

Logging:
Log output configuration:
 #0: stdout all=warning uptime,level,tags foldmultilines=false
 #1: stderr all=off uptime,level,tags foldmultilines=false

Environment Variables:
JAVA_HOME=C:\Program Files\Java\jdk-21
PATH=C:\app\Asus\sql_course\dbhomeXE\bin;C:\Windows\system32;C:\Windows;C:\Windows\System32\Wbem;C:\Windows\System32\WindowsPowerShell\v1.0\;C:\Windows\System32\OpenSSH\;C:\Program Files\Java\jdk-21\bin;C:\Program Files\dotnet\;C:\Program Files\MongoDB\mongosh-2.3.1-win32-x64\bin;C:\Users\Asus\Downloads\apache-maven-3.9.9\bin;C:\Users\Asus\sqlite;C:\Program Files\Git\cmd;C:\Program Files\Docker\Docker\resources\bin;C:\Program Files\nodejs\;C:\Users\Asus\redis;C:\Program Files\MySQL\MySQL Shell 8.0\bin\;C:\Users\Asus\AppData\Local\Microsoft\WindowsApps;C:\Program Files\JetBrains\IntelliJ IDEA Community Edition 2023.1.2\bin;;C:\Program Files\JetBrains\IntelliJ IDEA 2023.2.2\bin;;C:\Users\Asus\AppData\Local\Programs\Microsoft VS Code\bin;C:\Users\Asus\AppData\Local\Google\Cloud SDK\google-cloud-sdk\bin;C:\Program Files\heroku\bin;C:\Users\Asus\AppData\Roaming\npm
USERNAME=Asus
OS=Windows_NT
PROCESSOR_IDENTIFIER=Intel64 Family 6 Model 140 Stepping 1, GenuineIntel
TMP=C:\Users\Asus\AppData\Local\Temp
TEMP=C:\Users\Asus\AppData\Local\Temp




Periodic native trim disabled

---------------  S Y S T E M  ---------------

OS:
 Windows 10 , 64 bit Build 19041 (10.0.19041.5678)
OS uptime: 5 days 8:26 hours
Hyper-V role detected

CPU: total 4 (initial active 4) (2 cores per cpu, 2 threads per core) family 6 model 140 stepping 1 microcode 0x86, cx8, cmov, fxsr, ht, mmx, 3dnowpref, sse, sse2, sse3, ssse3, sse4.1, sse4.2, popcnt, lzcnt, tsc, tscinvbit, avx, avx2, aes, erms, clmul, bmi1, bmi2, adx, avx512f, avx512dq, avx512cd, avx512bw, avx512vl, sha, fma, vzeroupper, avx512_vpopcntdq, avx512_vpclmulqdq, avx512_vaes, avx512_vnni, clflush, clflushopt, clwb, avx512_vbmi2, avx512_vbmi, hv, rdtscp, rdpid, fsrm, gfni, avx512_bitalg, f16c, cet_ibt, cet_ss, avx512_ifma
Processor Information for all 4 processors :
  Max Mhz: 2995, Current Mhz: 2995, Mhz Limit: 2995

Memory: 4k page, system-wide physical 3778M (15M free)
TotalPageFile size 15554M (AvailPageFile size 14M)
current process WorkingSet (physical memory assigned to process): 10M, peak: 10M
current process commit charge ("private bytes"): 51M, peak: 111M

vm_info: Java HotSpot(TM) 64-Bit Server VM (21.0.4+8-LTS-274) for windows-amd64 JRE (21.0.4+8-LTS-274), built on 2024-06-05T05:23:33Z by "mach5one" with MS VC++ 17.6 (VS2022)

END.
