#
# There is insufficient memory for the Java Runtime Environment to continue.
# Native memory allocation (malloc) failed to allocate 1332816 bytes for Chunk::new
# Possible reasons:
#   The system is out of physical RAM or swap space
#   The process is running with CompressedOops enabled, and the Java Heap may be blocking the growth of the native heap
# Possible solutions:
#   Reduce memory load on the system
#   Increase physical memory or swap space
#   Check if swap backing store is full
#   Decrease Java heap size (-Xmx/-Xms)
#   Decrease number of Java threads
#   Decrease Java thread stack sizes (-Xss)
#   Set larger code cache with -XX:ReservedCodeCacheSize=
#   JVM is running with Unscaled Compressed Oops mode in which the Java heap is
#     placed in the first 4GB address space. The Java Heap base address is the
#     maximum limit for the native heap growth. Please use -XX:HeapBaseMinAddress
#     to set the Java Heap base and to place the Java Heap above 4GB virtual address.
# This output file may be truncated or incomplete.
#
#  Out of Memory Error (arena.cpp:168), pid=12104, tid=2684
#
# JRE version: Java(TM) SE Runtime Environment (21.0.4+8) (build 21.0.4+8-LTS-274)
# Java VM: Java HotSpot(TM) 64-Bit Server VM (21.0.4+8-LTS-274, mixed mode, sharing, tiered, compressed oops, compressed class ptrs, g1 gc, windows-amd64)
# No core dump will be written. Minidumps are not enabled by default on client versions of Windows
#

---------------  S U M M A R Y ------------

Command Line: C:\Users\Asus\AppData\Local\Temp\surefire7774864099600017566\surefirebooter-20250617200237009_3.jar C:\Users\Asus\AppData\Local\Temp\surefire7774864099600017566 2025-06-17T20-02-36_106-jvmRun1 surefire-20250617200237009_1tmp surefire_0-20250617200237009_2tmp

Host: 11th Gen Intel(R) Core(TM) i3-1115G4 @ 3.00GHz, 4 cores, 3G,  Windows 10 , 64 bit Build 19041 (10.0.19041.5915)
Time: Tue Jun 17 21:02:40 2025  Windows 10 , 64 bit Build 19041 (10.0.19041.5915) elapsed time: 2.567249 seconds (0d 0h 0m 2s)

---------------  T H R E A D  ---------------

Current thread (0x000001fc3c3a1f40):  JavaThread "C2 CompilerThread0" daemon [_thread_in_native, id=2684, stack(0x000000c7a1700000,0x000000c7a1800000) (1024K)]


Current CompileTask:
C2:   2567 1806       4       java.lang.invoke.MethodType::methodType (69 bytes)

Stack: [0x000000c7a1700000,0x000000c7a1800000]
Native frames: (J=compiled Java code, j=interpreted, Vv=VM code, C=native code)
V  [jvm.dll+0x6c8e59]
V  [jvm.dll+0x853181]
V  [jvm.dll+0x8556ae]
V  [jvm.dll+0x855d83]
V  [jvm.dll+0x27d526]
V  [jvm.dll+0xc4aad]
V  [jvm.dll+0xc4fe3]
V  [jvm.dll+0x3b3fd2]
V  [jvm.dll+0x3809a5]
V  [jvm.dll+0x37fe1a]
V  [jvm.dll+0x246280]
V  [jvm.dll+0x24585f]
V  [jvm.dll+0x1c69de]
V  [jvm.dll+0x254d49]
V  [jvm.dll+0x2532da]
V  [jvm.dll+0x3ed426]
V  [jvm.dll+0x7fd65b]
V  [jvm.dll+0x6c753d]
C  [ucrtbase.dll+0x21bb2]
C  [KERNEL32.DLL+0x17374]
C  [ntdll.dll+0x4cc91]


---------------  P R O C E S S  ---------------

Threads class SMR info:
_java_thread_list=0x000001fc7e5df110, length=13, elements={
0x000001fc1f691b10, 0x000001fc3c38cf00, 0x000001fc3c38dec0, 0x000001fc3c3922b0,
0x000001fc3c393160, 0x000001fc3c394a20, 0x000001fc3c39d960, 0x000001fc3c3a1f40,
0x000001fc3c3a3740, 0x000001fc3c39d2d0, 0x000001fc3c39c5b0, 0x000001fc3c39b890,
0x000001fc3c39cc40
}

Java Threads: ( => current thread )
  0x000001fc1f691b10 JavaThread "main"                              [_thread_in_native, id=12324, stack(0x000000c7a0900000,0x000000c7a0a00000) (1024K)]
  0x000001fc3c38cf00 JavaThread "Reference Handler"          daemon [_thread_blocked, id=19196, stack(0x000000c7a1100000,0x000000c7a1200000) (1024K)]
  0x000001fc3c38dec0 JavaThread "Finalizer"                  daemon [_thread_blocked, id=12504, stack(0x000000c7a1200000,0x000000c7a1300000) (1024K)]
  0x000001fc3c3922b0 JavaThread "Signal Dispatcher"          daemon [_thread_blocked, id=16224, stack(0x000000c7a1300000,0x000000c7a1400000) (1024K)]
  0x000001fc3c393160 JavaThread "Attach Listener"            daemon [_thread_blocked, id=13976, stack(0x000000c7a1400000,0x000000c7a1500000) (1024K)]
  0x000001fc3c394a20 JavaThread "Service Thread"             daemon [_thread_blocked, id=4056, stack(0x000000c7a1500000,0x000000c7a1600000) (1024K)]
  0x000001fc3c39d960 JavaThread "Monitor Deflation Thread"   daemon [_thread_blocked, id=18740, stack(0x000000c7a1600000,0x000000c7a1700000) (1024K)]
=>0x000001fc3c3a1f40 JavaThread "C2 CompilerThread0"         daemon [_thread_in_native, id=2684, stack(0x000000c7a1700000,0x000000c7a1800000) (1024K)]
  0x000001fc3c3a3740 JavaThread "C1 CompilerThread0"         daemon [_thread_in_native, id=7872, stack(0x000000c7a1800000,0x000000c7a1900000) (1024K)]
  0x000001fc3c39d2d0 JavaThread "Notification Thread"        daemon [_thread_blocked, id=11760, stack(0x000000c7a1900000,0x000000c7a1a00000) (1024K)]
  0x000001fc3c39c5b0 JavaThread "Common-Cleaner"             daemon [_thread_blocked, id=2004, stack(0x000000c7a1a00000,0x000000c7a1b00000) (1024K)]
  0x000001fc3c39b890 JavaThread "surefire-forkedjvm-stream-flusher" daemon [_thread_blocked, id=8656, stack(0x000000c7a1d00000,0x000000c7a1e00000) (1024K)]
  0x000001fc3c39cc40 JavaThread "surefire-forkedjvm-command-thread" daemon [_thread_in_native, id=4020, stack(0x000000c7a1e00000,0x000000c7a1f00000) (1024K)]
Total: 13

Other Threads:
  0x000001fc218dd2d0 VMThread "VM Thread"                           [id=14892, stack(0x000000c7a1000000,0x000000c7a1100000) (1024K)]
  0x000001fc3c37d960 WatcherThread "VM Periodic Task Thread"        [id=6412, stack(0x000000c7a0f00000,0x000000c7a1000000) (1024K)]
  0x000001fc21856ae0 WorkerThread "GC Thread#0"                     [id=19684, stack(0x000000c7a0a00000,0x000000c7a0b00000) (1024K)]
  0x000001fc7e4e4290 WorkerThread "GC Thread#1"                     [id=20160, stack(0x000000c7a1b00000,0x000000c7a1c00000) (1024K)]
  0x000001fc7e5ccb10 WorkerThread "GC Thread#2"                     [id=10912, stack(0x000000c7a1c00000,0x000000c7a1d00000) (1024K)]
  0x000001fc7e9f52f0 WorkerThread "GC Thread#3"                     [id=2952, stack(0x000000c7a1f00000,0x000000c7a2000000) (1024K)]
  0x000001fc21860a30 ConcurrentGCThread "G1 Main Marker"            [id=1464, stack(0x000000c7a0b00000,0x000000c7a0c00000) (1024K)]
  0x000001fc21861430 WorkerThread "G1 Conc#0"                       [id=16976, stack(0x000000c7a0c00000,0x000000c7a0d00000) (1024K)]
  0x000001fc218ba2f0 ConcurrentGCThread "G1 Refine#0"               [id=9464, stack(0x000000c7a0d00000,0x000000c7a0e00000) (1024K)]
  0x000001fc218bad60 ConcurrentGCThread "G1 Service"                [id=17664, stack(0x000000c7a0e00000,0x000000c7a0f00000) (1024K)]
Total: 10

Threads with active compile tasks:
C2 CompilerThread0     2631 1806       4       java.lang.invoke.MethodType::methodType (69 bytes)
C1 CompilerThread0     2631 1891   !   3       sun.reflect.annotation.AnnotationParser::parseAnnotation2 (275 bytes)
Total: 2

VM state: not at safepoint (normal execution)

VM Mutex/Monitor currently owned by a thread: None

Heap address: 0x00000000c4e00000, size: 946 MB, Compressed Oops mode: 32-bit

CDS archive(s) mapped at: [0x000001fc3d000000-0x000001fc3dc90000-0x000001fc3dc90000), size 13172736, SharedBaseAddress: 0x000001fc3d000000, ArchiveRelocationMode: 1.
Compressed class space mapped at: 0x000001fc3e000000-0x000001fc7e000000, reserved size: 1073741824
Narrow klass base: 0x000001fc3d000000, Narrow klass shift: 0, Narrow klass range: 0x100000000

GC Precious Log:
 CardTable entry size: 512
 Card Set container configuration: InlinePtr #cards 5 size 8 Array Of Cards #cards 12 size 40 Howl #buckets 4 coarsen threshold 1843 Howl Bitmap #cards 512 size 80 coarsen threshold 460 Card regions per heap region 1 cards per card region 2048
 CPUs: 4 total, 4 available
 Memory: 3778M
 Large Page Support: Disabled
 NUMA Support: Disabled
 Compressed Oops: Enabled (32-bit)
 Heap Region Size: 1M
 Heap Min Capacity: 8M
 Heap Initial Capacity: 60M
 Heap Max Capacity: 946M
 Pre-touch: Disabled
 Parallel Workers: 4
 Concurrent Workers: 1
 Concurrent Refinement Workers: 4
 Periodic GC: Disabled

Heap:
 garbage-first heap   total 61440K, used 23879K [0x00000000c4e00000, 0x0000000100000000)
  region size 1024K, 10 young (10240K), 2 survivors (2048K)
 Metaspace       used 10753K, committed 10944K, reserved 1114112K
  class space    used 1310K, committed 1408K, reserved 1048576K

Heap Regions: E=young(eden), S=young(survivor), O=old, HS=humongous(starts), HC=humongous(continues), CS=collection set, F=free, TAMS=top-at-mark-start, PB=parsable bottom
|   0|0x00000000c4e00000, 0x00000000c4f00000, 0x00000000c4f00000|100%|HS|  |TAMS 0x00000000c4e00000| PB 0x00000000c4e00000| Complete 
|   1|0x00000000c4f00000, 0x00000000c5000000, 0x00000000c5000000|100%|HS|  |TAMS 0x00000000c4f00000| PB 0x00000000c4f00000| Complete 
|   2|0x00000000c5000000, 0x00000000c5100000, 0x00000000c5100000|100%|HS|  |TAMS 0x00000000c5000000| PB 0x00000000c5000000| Complete 
|   3|0x00000000c5100000, 0x00000000c5200000, 0x00000000c5200000|100%|HC|  |TAMS 0x00000000c5100000| PB 0x00000000c5100000| Complete 
|   4|0x00000000c5200000, 0x00000000c5300000, 0x00000000c5300000|100%|HS|  |TAMS 0x00000000c5200000| PB 0x00000000c5200000| Complete 
|   5|0x00000000c5300000, 0x00000000c5400000, 0x00000000c5400000|100%| O|  |TAMS 0x00000000c5300000| PB 0x00000000c5300000| Untracked 
|   6|0x00000000c5400000, 0x00000000c5500000, 0x00000000c5500000|100%| O|  |TAMS 0x00000000c5400000| PB 0x00000000c5400000| Untracked 
|   7|0x00000000c5500000, 0x00000000c5600000, 0x00000000c5600000|100%| O|  |TAMS 0x00000000c5500000| PB 0x00000000c5500000| Untracked 
|   8|0x00000000c5600000, 0x00000000c5700000, 0x00000000c5700000|100%| O|  |TAMS 0x00000000c5600000| PB 0x00000000c5600000| Untracked 
|   9|0x00000000c5700000, 0x00000000c5800000, 0x00000000c5800000|100%| O|  |TAMS 0x00000000c5700000| PB 0x00000000c5700000| Untracked 
|  10|0x00000000c5800000, 0x00000000c5900000, 0x00000000c5900000|100%| O|  |TAMS 0x00000000c5800000| PB 0x00000000c5800000| Untracked 
|  11|0x00000000c5900000, 0x00000000c5a00000, 0x00000000c5a00000|100%| O|  |TAMS 0x00000000c5900000| PB 0x00000000c5900000| Untracked 
|  12|0x00000000c5a00000, 0x00000000c5b00000, 0x00000000c5b00000|100%| O|  |TAMS 0x00000000c5a00000| PB 0x00000000c5a00000| Untracked 
|  13|0x00000000c5b00000, 0x00000000c5c00000, 0x00000000c5c00000|100%| O|  |TAMS 0x00000000c5b00000| PB 0x00000000c5b00000| Untracked 
|  14|0x00000000c5c00000, 0x00000000c5caa280, 0x00000000c5d00000| 66%| O|  |TAMS 0x00000000c5c00000| PB 0x00000000c5c00000| Untracked 
|  15|0x00000000c5d00000, 0x00000000c5d00000, 0x00000000c5e00000|  0%| F|  |TAMS 0x00000000c5d00000| PB 0x00000000c5d00000| Untracked 
|  16|0x00000000c5e00000, 0x00000000c5e00000, 0x00000000c5f00000|  0%| F|  |TAMS 0x00000000c5e00000| PB 0x00000000c5e00000| Untracked 
|  17|0x00000000c5f00000, 0x00000000c5f00000, 0x00000000c6000000|  0%| F|  |TAMS 0x00000000c5f00000| PB 0x00000000c5f00000| Untracked 
|  18|0x00000000c6000000, 0x00000000c6000000, 0x00000000c6100000|  0%| F|  |TAMS 0x00000000c6000000| PB 0x00000000c6000000| Untracked 
|  19|0x00000000c6100000, 0x00000000c6100000, 0x00000000c6200000|  0%| F|  |TAMS 0x00000000c6100000| PB 0x00000000c6100000| Untracked 
|  20|0x00000000c6200000, 0x00000000c6200000, 0x00000000c6300000|  0%| F|  |TAMS 0x00000000c6200000| PB 0x00000000c6200000| Untracked 
|  21|0x00000000c6300000, 0x00000000c6300000, 0x00000000c6400000|  0%| F|  |TAMS 0x00000000c6300000| PB 0x00000000c6300000| Untracked 
|  22|0x00000000c6400000, 0x00000000c6400000, 0x00000000c6500000|  0%| F|  |TAMS 0x00000000c6400000| PB 0x00000000c6400000| Untracked 
|  23|0x00000000c6500000, 0x00000000c6500000, 0x00000000c6600000|  0%| F|  |TAMS 0x00000000c6500000| PB 0x00000000c6500000| Untracked 
|  24|0x00000000c6600000, 0x00000000c6600000, 0x00000000c6700000|  0%| F|  |TAMS 0x00000000c6600000| PB 0x00000000c6600000| Untracked 
|  25|0x00000000c6700000, 0x00000000c6700000, 0x00000000c6800000|  0%| F|  |TAMS 0x00000000c6700000| PB 0x00000000c6700000| Untracked 
|  26|0x00000000c6800000, 0x00000000c6800000, 0x00000000c6900000|  0%| F|  |TAMS 0x00000000c6800000| PB 0x00000000c6800000| Untracked 
|  27|0x00000000c6900000, 0x00000000c6900000, 0x00000000c6a00000|  0%| F|  |TAMS 0x00000000c6900000| PB 0x00000000c6900000| Untracked 
|  28|0x00000000c6a00000, 0x00000000c6a00000, 0x00000000c6b00000|  0%| F|  |TAMS 0x00000000c6a00000| PB 0x00000000c6a00000| Untracked 
|  29|0x00000000c6b00000, 0x00000000c6b00000, 0x00000000c6c00000|  0%| F|  |TAMS 0x00000000c6b00000| PB 0x00000000c6b00000| Untracked 
|  30|0x00000000c6c00000, 0x00000000c6c00000, 0x00000000c6d00000|  0%| F|  |TAMS 0x00000000c6c00000| PB 0x00000000c6c00000| Untracked 
|  31|0x00000000c6d00000, 0x00000000c6d00000, 0x00000000c6e00000|  0%| F|  |TAMS 0x00000000c6d00000| PB 0x00000000c6d00000| Untracked 
|  32|0x00000000c6e00000, 0x00000000c6e00000, 0x00000000c6f00000|  0%| F|  |TAMS 0x00000000c6e00000| PB 0x00000000c6e00000| Untracked 
|  33|0x00000000c6f00000, 0x00000000c6f00000, 0x00000000c7000000|  0%| F|  |TAMS 0x00000000c6f00000| PB 0x00000000c6f00000| Untracked 
|  34|0x00000000c7000000, 0x00000000c7000000, 0x00000000c7100000|  0%| F|  |TAMS 0x00000000c7000000| PB 0x00000000c7000000| Untracked 
|  35|0x00000000c7100000, 0x00000000c7100000, 0x00000000c7200000|  0%| F|  |TAMS 0x00000000c7100000| PB 0x00000000c7100000| Untracked 
|  36|0x00000000c7200000, 0x00000000c7200000, 0x00000000c7300000|  0%| F|  |TAMS 0x00000000c7200000| PB 0x00000000c7200000| Untracked 
|  37|0x00000000c7300000, 0x00000000c7300000, 0x00000000c7400000|  0%| F|  |TAMS 0x00000000c7300000| PB 0x00000000c7300000| Untracked 
|  38|0x00000000c7400000, 0x00000000c74a7d28, 0x00000000c7500000| 65%| S|CS|TAMS 0x00000000c7400000| PB 0x00000000c7400000| Complete 
|  39|0x00000000c7500000, 0x00000000c7600000, 0x00000000c7600000|100%| S|CS|TAMS 0x00000000c7500000| PB 0x00000000c7500000| Complete 
|  40|0x00000000c7600000, 0x00000000c7600000, 0x00000000c7700000|  0%| F|  |TAMS 0x00000000c7600000| PB 0x00000000c7600000| Untracked 
|  41|0x00000000c7700000, 0x00000000c7700000, 0x00000000c7800000|  0%| F|  |TAMS 0x00000000c7700000| PB 0x00000000c7700000| Untracked 
|  42|0x00000000c7800000, 0x00000000c7800000, 0x00000000c7900000|  0%| F|  |TAMS 0x00000000c7800000| PB 0x00000000c7800000| Untracked 
|  43|0x00000000c7900000, 0x00000000c7900000, 0x00000000c7a00000|  0%| F|  |TAMS 0x00000000c7900000| PB 0x00000000c7900000| Untracked 
|  44|0x00000000c7a00000, 0x00000000c7a00000, 0x00000000c7b00000|  0%| F|  |TAMS 0x00000000c7a00000| PB 0x00000000c7a00000| Untracked 
|  45|0x00000000c7b00000, 0x00000000c7b00000, 0x00000000c7c00000|  0%| F|  |TAMS 0x00000000c7b00000| PB 0x00000000c7b00000| Untracked 
|  46|0x00000000c7c00000, 0x00000000c7c00000, 0x00000000c7d00000|  0%| F|  |TAMS 0x00000000c7c00000| PB 0x00000000c7c00000| Untracked 
|  47|0x00000000c7d00000, 0x00000000c7d00000, 0x00000000c7e00000|  0%| F|  |TAMS 0x00000000c7d00000| PB 0x00000000c7d00000| Untracked 
|  48|0x00000000c7e00000, 0x00000000c7e00000, 0x00000000c7f00000|  0%| F|  |TAMS 0x00000000c7e00000| PB 0x00000000c7e00000| Untracked 
|  49|0x00000000c7f00000, 0x00000000c7f00000, 0x00000000c8000000|  0%| F|  |TAMS 0x00000000c7f00000| PB 0x00000000c7f00000| Untracked 
|  50|0x00000000c8000000, 0x00000000c8000000, 0x00000000c8100000|  0%| F|  |TAMS 0x00000000c8000000| PB 0x00000000c8000000| Untracked 
|  51|0x00000000c8100000, 0x00000000c8100000, 0x00000000c8200000|  0%| F|  |TAMS 0x00000000c8100000| PB 0x00000000c8100000| Untracked 
|  52|0x00000000c8200000, 0x00000000c8300000, 0x00000000c8300000|100%| E|  |TAMS 0x00000000c8200000| PB 0x00000000c8200000| Complete 
|  53|0x00000000c8300000, 0x00000000c8400000, 0x00000000c8400000|100%| E|CS|TAMS 0x00000000c8300000| PB 0x00000000c8300000| Complete 
|  54|0x00000000c8400000, 0x00000000c8500000, 0x00000000c8500000|100%| E|CS|TAMS 0x00000000c8400000| PB 0x00000000c8400000| Complete 
|  55|0x00000000c8500000, 0x00000000c8600000, 0x00000000c8600000|100%| E|CS|TAMS 0x00000000c8500000| PB 0x00000000c8500000| Complete 
|  56|0x00000000c8600000, 0x00000000c8700000, 0x00000000c8700000|100%| E|CS|TAMS 0x00000000c8600000| PB 0x00000000c8600000| Complete 
|  57|0x00000000c8700000, 0x00000000c8800000, 0x00000000c8800000|100%| E|CS|TAMS 0x00000000c8700000| PB 0x00000000c8700000| Complete 
|  58|0x00000000c8800000, 0x00000000c8900000, 0x00000000c8900000|100%| E|CS|TAMS 0x00000000c8800000| PB 0x00000000c8800000| Complete 
|  59|0x00000000c8900000, 0x00000000c8a00000, 0x00000000c8a00000|100%| E|CS|TAMS 0x00000000c8900000| PB 0x00000000c8900000| Complete 

Card table byte_map: [0x000001fc38e80000,0x000001fc39060000] _byte_map_base: 0x000001fc38859000

Marking Bits: (CMBitMap*) 0x000001fc218570e0
 Bits: [0x000001fc39060000, 0x000001fc39f28000)

Polling page: 0x000001fc20ff0000

Metaspace:

Usage:
  Non-class:      9.23 MB used.
      Class:      1.28 MB used.
       Both:     10.51 MB used.

Virtual space:
  Non-class space:       64.00 MB reserved,       9.31 MB ( 15%) committed,  1 nodes.
      Class space:        1.00 GB reserved,       1.38 MB ( <1%) committed,  1 nodes.
             Both:        1.06 GB reserved,      10.69 MB ( <1%) committed. 

Chunk freelists:
   Non-Class:  6.50 MB
       Class:  14.64 MB
        Both:  21.14 MB

MaxMetaspaceSize: unlimited
CompressedClassSpaceSize: 1.00 GB
Initial GC threshold: 21.00 MB
Current GC threshold: 21.00 MB
CDS: on
 - commit_granule_bytes: 65536.
 - commit_granule_words: 8192.
 - virtual_space_node_default_size: 8388608.
 - enlarge_chunks_in_place: 1.
 - use_allocation_guard: 0.


Internal statistics:

num_allocs_failed_limit: 0.
num_arena_births: 196.
num_arena_deaths: 0.
num_vsnodes_births: 2.
num_vsnodes_deaths: 0.
num_space_committed: 171.
num_space_uncommitted: 0.
num_chunks_returned_to_freelist: 0.
num_chunks_taken_from_freelist: 590.
num_chunk_merges: 0.
num_chunk_splits: 333.
num_chunks_enlarged: 199.
num_inconsistent_stats: 0.

CodeHeap 'non-profiled nmethods': size=120000Kb used=645Kb max_used=645Kb free=119354Kb
 bounds [0x000001fc31770000, 0x000001fc319e0000, 0x000001fc38ca0000]
CodeHeap 'profiled nmethods': size=120000Kb used=3661Kb max_used=3661Kb free=116338Kb
 bounds [0x000001fc29ca0000, 0x000001fc2a040000, 0x000001fc311d0000]
CodeHeap 'non-nmethods': size=5760Kb used=1551Kb max_used=1567Kb free=4209Kb
 bounds [0x000001fc311d0000, 0x000001fc31440000, 0x000001fc31770000]
 total_blobs=2387 nmethods=1889 adapters=402
 compilation: enabled
              stopped_count=0, restarted_count=0
 full_count=0

Compilation events (20 events):
Event: 2.536 Thread 0x000001fc3c3a3740 1833       3       java.lang.invoke.MethodType::leadingReferenceParameter (30 bytes)
Event: 2.536 Thread 0x000001fc3c3a3740 nmethod 1833 0x000001fc2a002910 code [0x000001fc2a002ae0, 0x000001fc2a002dd0]
Event: 2.536 Thread 0x000001fc3c3a3740 1834       3       java.lang.invoke.MethodHandle::bindArgumentL (10 bytes)
Event: 2.536 Thread 0x000001fc3c3a3740 nmethod 1834 0x000001fc2a002f10 code [0x000001fc2a003120, 0x000001fc2a0037a8]
Event: 2.538 Thread 0x000001fc3c3a3740 1835       3       java.util.HashMap::computeIfAbsent (330 bytes)
Event: 2.539 Thread 0x000001fc3c3a3740 nmethod 1835 0x000001fc2a003a10 code [0x000001fc2a003d40, 0x000001fc2a005350]
Event: 2.547 Thread 0x000001fc3c3a3740 1837       3       java.lang.invoke.MethodHandles$Lookup::getDirectMethodNoSecurityManager (18 bytes)
Event: 2.547 Thread 0x000001fc3c3a3740 nmethod 1837 0x000001fc2a005990 code [0x000001fc2a005b40, 0x000001fc2a005c90]
Event: 2.547 Thread 0x000001fc3c3a3740 1838       3       java.lang.invoke.Invokers::callSiteForm (297 bytes)
Event: 2.549 Thread 0x000001fc3c3a3740 nmethod 1838 0x000001fc2a005d90 code [0x000001fc2a0060c0, 0x000001fc2a007498]
Event: 2.549 Thread 0x000001fc3c3a3740 1839       3       java.lang.module.ResolvedModule::name (11 bytes)
Event: 2.549 Thread 0x000001fc3c3a3740 nmethod 1839 0x000001fc2a007d10 code [0x000001fc2a007ea0, 0x000001fc2a007ff0]
Event: 2.550 Thread 0x000001fc3c3a3740 1840   !   3       java.util.zip.ZipFile::getEntry (59 bytes)
Event: 2.550 Thread 0x000001fc3c3a3740 nmethod 1840 0x000001fc2a008110 code [0x000001fc2a008300, 0x000001fc2a008790]
Event: 2.550 Thread 0x000001fc3c3a3740 1841       3       java.util.zip.ZipFile$Source::getEntryPos (164 bytes)
Event: 2.551 Thread 0x000001fc3c3a3740 nmethod 1841 0x000001fc2a008a10 code [0x000001fc2a008c60, 0x000001fc2a009560]
Event: 2.551 Thread 0x000001fc3c3a3740 1842       3       java.util.zip.ZipCoder::hash (36 bytes)
Event: 2.551 Thread 0x000001fc3c3a3740 nmethod 1842 0x000001fc2a009a10 code [0x000001fc2a009c20, 0x000001fc2a00a340]
Event: 2.556 Thread 0x000001fc3c3a3740 1843       3       java.net.URI::match (56 bytes)
Event: 2.556 Thread 0x000001fc3c3a3740 nmethod 1843 0x000001fc2a00a690 code [0x000001fc2a00a840, 0x000001fc2a00ab30]

GC Heap History (6 events):
Event: 0.933 GC heap before
{Heap before GC invocations=0 (full 0):
 garbage-first heap   total 61440K, used 18432K [0x00000000c4e00000, 0x0000000100000000)
  region size 1024K, 13 young (13312K), 0 survivors (0K)
 Metaspace       used 1084K, committed 1216K, reserved 1114112K
  class space    used 87K, committed 128K, reserved 1048576K
}
Event: 0.945 GC heap after
{Heap after GC invocations=1 (full 0):
 garbage-first heap   total 61440K, used 13289K [0x00000000c4e00000, 0x0000000100000000)
  region size 1024K, 2 young (2048K), 2 survivors (2048K)
 Metaspace       used 1084K, committed 1216K, reserved 1114112K
  class space    used 87K, committed 128K, reserved 1048576K
}
Event: 1.267 GC heap before
{Heap before GC invocations=1 (full 0):
 garbage-first heap   total 61440K, used 21481K [0x00000000c4e00000, 0x0000000100000000)
  region size 1024K, 10 young (10240K), 2 survivors (2048K)
 Metaspace       used 3368K, committed 3520K, reserved 1114112K
  class space    used 336K, committed 448K, reserved 1048576K
}
Event: 1.273 GC heap after
{Heap after GC invocations=2 (full 0):
 garbage-first heap   total 61440K, used 14985K [0x00000000c4e00000, 0x0000000100000000)
  region size 1024K, 2 young (2048K), 2 survivors (2048K)
 Metaspace       used 3368K, committed 3520K, reserved 1114112K
  class space    used 336K, committed 448K, reserved 1048576K
}
Event: 2.230 GC heap before
{Heap before GC invocations=2 (full 0):
 garbage-first heap   total 61440K, used 33417K [0x00000000c4e00000, 0x0000000100000000)
  region size 1024K, 20 young (20480K), 2 survivors (2048K)
 Metaspace       used 8999K, committed 9280K, reserved 1114112K
  class space    used 1060K, committed 1216K, reserved 1048576K
}
Event: 2.237 GC heap after
{Heap after GC invocations=3 (full 0):
 garbage-first heap   total 61440K, used 16711K [0x00000000c4e00000, 0x0000000100000000)
  region size 1024K, 2 young (2048K), 2 survivors (2048K)
 Metaspace       used 8999K, committed 9280K, reserved 1114112K
  class space    used 1060K, committed 1216K, reserved 1048576K
}

Dll operation events (8 events):
Event: 0.032 Loaded shared library C:\Program Files\Java\jdk-21\bin\java.dll
Event: 0.115 Loaded shared library C:\Program Files\Java\jdk-21\bin\jsvml.dll
Event: 0.155 Loaded shared library C:\Program Files\Java\jdk-21\bin\net.dll
Event: 0.162 Loaded shared library C:\Program Files\Java\jdk-21\bin\nio.dll
Event: 0.167 Loaded shared library C:\Program Files\Java\jdk-21\bin\zip.dll
Event: 0.325 Loaded shared library C:\Program Files\Java\jdk-21\bin\management.dll
Event: 0.347 Loaded shared library C:\Program Files\Java\jdk-21\bin\management_ext.dll
Event: 0.400 Loaded shared library C:\Program Files\Java\jdk-21\bin\jimage.dll

Deoptimization events (20 events):
Event: 2.549 Thread 0x000001fc1f691b10 Uncommon trap: trap_request=0xffffff45 fr.pc=0x000001fc317b1dac relative=0x00000000000008ac
Event: 2.549 Thread 0x000001fc1f691b10 Uncommon trap: reason=unstable_if action=reinterpret pc=0x000001fc317b1dac method=java.util.zip.ZipCoder.hash(Ljava/lang/String;)I @ 23 c2
Event: 2.549 Thread 0x000001fc1f691b10 DEOPT PACKING pc=0x000001fc317b1dac sp=0x000000c7a09fcb50
Event: 2.549 Thread 0x000001fc1f691b10 DEOPT UNPACKING pc=0x000001fc31227da2 sp=0x000000c7a09fca00 mode 2
Event: 2.549 Thread 0x000001fc1f691b10 Uncommon trap: trap_request=0xffffff45 fr.pc=0x000001fc317af244 relative=0x0000000000000664
Event: 2.549 Thread 0x000001fc1f691b10 Uncommon trap: reason=unstable_if action=reinterpret pc=0x000001fc317af244 method=java.util.zip.ZipCoder.hash(Ljava/lang/String;)I @ 23 c2
Event: 2.549 Thread 0x000001fc1f691b10 DEOPT PACKING pc=0x000001fc317af244 sp=0x000000c7a09fcae0
Event: 2.549 Thread 0x000001fc1f691b10 DEOPT UNPACKING pc=0x000001fc31227da2 sp=0x000000c7a09fca00 mode 2
Event: 2.549 Thread 0x000001fc1f691b10 Uncommon trap: trap_request=0xffffff45 fr.pc=0x000001fc317ac14c relative=0x000000000000036c
Event: 2.549 Thread 0x000001fc1f691b10 Uncommon trap: reason=unstable_if action=reinterpret pc=0x000001fc317ac14c method=java.util.zip.ZipCoder.hash(Ljava/lang/String;)I @ 23 c2
Event: 2.549 Thread 0x000001fc1f691b10 DEOPT PACKING pc=0x000001fc317ac14c sp=0x000000c7a09fca70
Event: 2.549 Thread 0x000001fc1f691b10 DEOPT UNPACKING pc=0x000001fc31227da2 sp=0x000000c7a09fc9f8 mode 2
Event: 2.549 Thread 0x000001fc1f691b10 Uncommon trap: trap_request=0xffffff45 fr.pc=0x000001fc317c0440 relative=0x00000000000012e0
Event: 2.549 Thread 0x000001fc1f691b10 Uncommon trap: reason=unstable_if action=reinterpret pc=0x000001fc317c0440 method=java.io.WinNTFileSystem.normalize(Ljava/lang/String;)Ljava/lang/String; @ 128 c2
Event: 2.549 Thread 0x000001fc1f691b10 DEOPT PACKING pc=0x000001fc317c0440 sp=0x000000c7a09fca40
Event: 2.549 Thread 0x000001fc1f691b10 DEOPT UNPACKING pc=0x000001fc31227da2 sp=0x000000c7a09fca08 mode 2
Event: 2.556 Thread 0x000001fc1f691b10 Uncommon trap: trap_request=0xffffff45 fr.pc=0x000001fc3178d64c relative=0x000000000000004c
Event: 2.556 Thread 0x000001fc1f691b10 Uncommon trap: reason=unstable_if action=reinterpret pc=0x000001fc3178d64c method=sun.nio.fs.WindowsPathParser.isSlash(C)Z @ 9 c2
Event: 2.556 Thread 0x000001fc1f691b10 DEOPT PACKING pc=0x000001fc3178d64c sp=0x000000c7a09fcd30
Event: 2.556 Thread 0x000001fc1f691b10 DEOPT UNPACKING pc=0x000001fc31227da2 sp=0x000000c7a09fccb8 mode 2

Classes loaded (20 events):
Event: 2.498 Loading class java/lang/ProcessEnvironment$EntryComparator done
Event: 2.499 Loading class java/lang/ProcessEnvironment$CheckedEntrySet
Event: 2.499 Loading class java/lang/ProcessEnvironment$CheckedEntrySet done
Event: 2.499 Loading class java/lang/ProcessEnvironment$CheckedEntrySet$1
Event: 2.499 Loading class java/lang/ProcessEnvironment$CheckedEntrySet$1 done
Event: 2.499 Loading class java/lang/ProcessEnvironment$CheckedEntry
Event: 2.499 Loading class java/lang/ProcessEnvironment$CheckedEntry done
Event: 2.505 Loading class java/nio/file/FileSystemNotFoundException
Event: 2.506 Loading class java/nio/file/FileSystemNotFoundException done
Event: 2.506 Loading class java/util/zip/ZipException
Event: 2.506 Loading class java/util/zip/ZipException done
Event: 2.541 Loading class java/util/LinkedList$Node
Event: 2.541 Loading class java/util/LinkedList$Node done
Event: 2.544 Loading class java/util/LinkedList$ListItr
Event: 2.545 Loading class java/util/LinkedList$ListItr done
Event: 2.557 Loading class java/nio/file/AccessMode
Event: 2.557 Loading class java/nio/file/AccessMode done
Event: 2.559 Loading class java/nio/file/FileVisitOption
Event: 2.561 Loading class java/nio/file/FileVisitOption done
Event: 2.561 Loading class java/nio/file/FileTreeIterator

Classes unloaded (0 events):
No events

Classes redefined (0 events):
No events

Internal exceptions (20 events):
Event: 2.018 Thread 0x000001fc1f691b10 Implicit null exception at 0x000001fc317d724d to 0x000001fc317d7f5c
Event: 2.018 Thread 0x000001fc1f691b10 Implicit null exception at 0x000001fc317dd63d to 0x000001fc317dd6c1
Event: 2.143 Thread 0x000001fc1f691b10 Exception <a 'java/lang/NoSuchMethodError'{0x00000000c78f0638}: 'int java.lang.invoke.DirectMethodHandle$Holder.invokeStaticInit(java.lang.Object, java.lang.Object, java.lang.Object)'> (0x00000000c78f0638) 
thrown [s\open\src\hotspot\share\interpreter\linkResolver.cpp, line 773]
Event: 2.179 Thread 0x000001fc1f691b10 Exception <a 'java/lang/NoSuchMethodError'{0x00000000c77e77c0}: 'int java.lang.invoke.DirectMethodHandle$Holder.invokeInterface(java.lang.Object, java.lang.Object)'> (0x00000000c77e77c0) 
thrown [s\open\src\hotspot\share\interpreter\linkResolver.cpp, line 773]
Event: 2.216 Thread 0x000001fc1f691b10 Exception <a 'java/lang/NoSuchMethodError'{0x00000000c76a4e10}: 'void java.lang.invoke.DirectMethodHandle$Holder.invokeStaticInit(java.lang.Object, java.lang.Object)'> (0x00000000c76a4e10) 
thrown [s\open\src\hotspot\share\interpreter\linkResolver.cpp, line 773]
Event: 2.259 Thread 0x000001fc1f691b10 Exception <a 'java/lang/NoSuchMethodError'{0x00000000c89a7458}: 'int java.lang.invoke.DirectMethodHandle$Holder.invokeVirtual(java.lang.Object, java.lang.Object, java.lang.Object)'> (0x00000000c89a7458) 
thrown [s\open\src\hotspot\share\interpreter\linkResolver.cpp, line 773]
Event: 2.349 Thread 0x000001fc1f691b10 Exception <a 'java/lang/NoClassDefFoundError'{0x00000000c873a018}: org/springframework/boot/actuate/autoconfigure/logging/otlp/OtlpLoggingConnectionDetails> (0x00000000c873a018) 
thrown [s\open\src\hotspot\share\classfile\systemDictionary.cpp, line 301]
Event: 2.350 Thread 0x000001fc1f691b10 Exception <a 'java/lang/NoClassDefFoundError'{0x00000000c8743620}: org/springframework/boot/actuate/autoconfigure/metrics/export/otlp/OtlpMetricsConnectionDetails> (0x00000000c8743620) 
thrown [s\open\src\hotspot\share\classfile\systemDictionary.cpp, line 301]
Event: 2.351 Thread 0x000001fc1f691b10 Exception <a 'java/lang/NoClassDefFoundError'{0x00000000c874a778}: org/springframework/boot/actuate/autoconfigure/tracing/otlp/OtlpTracingConnectionDetails> (0x00000000c874a778) 
thrown [s\open\src\hotspot\share\classfile\systemDictionary.cpp, line 301]
Event: 2.351 Thread 0x000001fc1f691b10 Exception <a 'java/lang/NoClassDefFoundError'{0x00000000c87517f0}: org/springframework/boot/actuate/autoconfigure/logging/otlp/OtlpLoggingConnectionDetails> (0x00000000c87517f0) 
thrown [s\open\src\hotspot\share\classfile\systemDictionary.cpp, line 301]
Event: 2.352 Thread 0x000001fc1f691b10 Exception <a 'java/lang/NoClassDefFoundError'{0x00000000c8758878}: org/springframework/boot/actuate/autoconfigure/metrics/export/otlp/OtlpMetricsConnectionDetails> (0x00000000c8758878) 
thrown [s\open\src\hotspot\share\classfile\systemDictionary.cpp, line 301]
Event: 2.352 Thread 0x000001fc1f691b10 Exception <a 'java/lang/NoClassDefFoundError'{0x00000000c875fbc0}: org/springframework/boot/actuate/autoconfigure/tracing/otlp/OtlpTracingConnectionDetails> (0x00000000c875fbc0) 
thrown [s\open\src\hotspot\share\classfile\systemDictionary.cpp, line 301]
Event: 2.363 Thread 0x000001fc1f691b10 Exception <a 'java/lang/NoClassDefFoundError'{0x00000000c8795900}: org/springframework/boot/actuate/autoconfigure/tracing/zipkin/ZipkinConnectionDetails> (0x00000000c8795900) 
thrown [s\open\src\hotspot\share\classfile\systemDictionary.cpp, line 301]
Event: 2.388 Thread 0x000001fc1f691b10 Exception <a 'java/lang/NoClassDefFoundError'{0x00000000c863f5b0}: org/springframework/boot/actuate/autoconfigure/logging/otlp/OtlpLoggingConnectionDetails> (0x00000000c863f5b0) 
thrown [s\open\src\hotspot\share\classfile\systemDictionary.cpp, line 301]
Event: 2.396 Thread 0x000001fc1f691b10 Exception <a 'java/lang/NoClassDefFoundError'{0x00000000c86466c0}: org/springframework/boot/actuate/autoconfigure/metrics/export/otlp/OtlpMetricsConnectionDetails> (0x00000000c86466c0) 
thrown [s\open\src\hotspot\share\classfile\systemDictionary.cpp, line 301]
Event: 2.397 Thread 0x000001fc1f691b10 Exception <a 'java/lang/NoClassDefFoundError'{0x00000000c864d770}: org/springframework/boot/actuate/autoconfigure/tracing/otlp/OtlpTracingConnectionDetails> (0x00000000c864d770) 
thrown [s\open\src\hotspot\share\classfile\systemDictionary.cpp, line 301]
Event: 2.403 Thread 0x000001fc1f691b10 Exception <a 'java/lang/NoClassDefFoundError'{0x00000000c8675188}: org/springframework/boot/actuate/autoconfigure/tracing/zipkin/ZipkinConnectionDetails> (0x00000000c8675188) 
thrown [s\open\src\hotspot\share\classfile\systemDictionary.cpp, line 301]
Event: 2.472 Thread 0x000001fc1f691b10 Exception <a 'java/lang/IncompatibleClassChangeError'{0x00000000c85fcb00}: Found class java.lang.Object, but interface was expected> (0x00000000c85fcb00) 
thrown [s\open\src\hotspot\share\interpreter\linkResolver.cpp, line 840]
Event: 2.545 Thread 0x000001fc1f691b10 Exception <a 'java/lang/NoSuchMethodError'{0x00000000c8361408}: 'int java.lang.invoke.DirectMethodHandle$Holder.invokeSpecial(java.lang.Object, java.lang.Object, java.lang.Object, java.lang.Object)'> (0x00000000c8361408) 
thrown [s\open\src\hotspot\share\interpreter\linkResolver.cpp, line 773]
Event: 2.558 Thread 0x000001fc1f691b10 Exception <a 'java/lang/NoSuchMethodError'{0x00000000c837be38}: 'int java.lang.invoke.DirectMethodHandle$Holder.invokeSpecial(java.lang.Object, java.lang.Object, java.lang.Object, java.lang.Object, java.lang.Object)'> (0x00000000c837be38) 
thrown [s\open\src\hotspot\share\interpreter\linkResolver.cpp, line 773]

ZGC Phase Switch (0 events):
No events

VM Operations (20 events):
Event: 1.267 Executing VM operation: G1CollectForAllocation (G1 Evacuation Pause)
Event: 1.273 Executing VM operation: G1CollectForAllocation (G1 Evacuation Pause) done
Event: 1.306 Executing VM operation: HandshakeAllThreads (Deoptimize)
Event: 1.306 Executing VM operation: HandshakeAllThreads (Deoptimize) done
Event: 1.314 Executing VM operation: HandshakeAllThreads (Deoptimize)
Event: 1.314 Executing VM operation: HandshakeAllThreads (Deoptimize) done
Event: 1.555 Executing VM operation: HandshakeAllThreads (Deoptimize)
Event: 1.555 Executing VM operation: HandshakeAllThreads (Deoptimize) done
Event: 1.573 Executing VM operation: HandshakeAllThreads (Deoptimize)
Event: 1.573 Executing VM operation: HandshakeAllThreads (Deoptimize) done
Event: 1.857 Executing VM operation: HandshakeAllThreads (Deoptimize)
Event: 1.857 Executing VM operation: HandshakeAllThreads (Deoptimize) done
Event: 2.094 Executing VM operation: ICBufferFull
Event: 2.094 Executing VM operation: ICBufferFull done
Event: 2.181 Executing VM operation: HandshakeAllThreads (Deoptimize)
Event: 2.181 Executing VM operation: HandshakeAllThreads (Deoptimize) done
Event: 2.230 Executing VM operation: G1CollectForAllocation (G1 Evacuation Pause)
Event: 2.237 Executing VM operation: G1CollectForAllocation (G1 Evacuation Pause) done
Event: 2.498 Executing VM operation: HandshakeAllThreads (Deoptimize)
Event: 2.498 Executing VM operation: HandshakeAllThreads (Deoptimize) done

Events (13 events):
Event: 0.066 Thread 0x000001fc1f691b10 Thread added: 0x000001fc1f691b10
Event: 0.106 Thread 0x000001fc3c38cf00 Thread added: 0x000001fc3c38cf00
Event: 0.106 Thread 0x000001fc3c38dec0 Thread added: 0x000001fc3c38dec0
Event: 0.107 Thread 0x000001fc3c3922b0 Thread added: 0x000001fc3c3922b0
Event: 0.107 Thread 0x000001fc3c393160 Thread added: 0x000001fc3c393160
Event: 0.107 Thread 0x000001fc3c394a20 Thread added: 0x000001fc3c394a20
Event: 0.107 Thread 0x000001fc3c39d960 Thread added: 0x000001fc3c39d960
Event: 0.108 Thread 0x000001fc3c3a1f40 Thread added: 0x000001fc3c3a1f40
Event: 0.108 Thread 0x000001fc3c3a3740 Thread added: 0x000001fc3c3a3740
Event: 0.144 Thread 0x000001fc3c39d2d0 Thread added: 0x000001fc3c39d2d0
Event: 0.148 Thread 0x000001fc3c39c5b0 Thread added: 0x000001fc3c39c5b0
Event: 0.972 Thread 0x000001fc3c39b890 Thread added: 0x000001fc3c39b890
Event: 0.990 Thread 0x000001fc3c39cc40 Thread added: 0x000001fc3c39cc40


Dynamic libraries:
0x00007ff737010000 - 0x00007ff737020000 	C:\Program Files\Java\jdk-21\bin\java.exe
0x00007ff8269d0000 - 0x00007ff826bc8000 	C:\Windows\SYSTEM32\ntdll.dll
0x00007ffff7a70000 - 0x00007ffff7a8b000 	C:\Program Files\Avast Software\Avast\aswhook.dll
0x00007ff825a50000 - 0x00007ff825b12000 	C:\Windows\System32\KERNEL32.DLL
0x00007ff824500000 - 0x00007ff8247f6000 	C:\Windows\System32\KERNELBASE.dll
0x00007ff824150000 - 0x00007ff824250000 	C:\Windows\System32\ucrtbase.dll
0x00007ff813fe0000 - 0x00007ff813ff9000 	C:\Program Files\Java\jdk-21\bin\jli.dll
0x00007ff813e50000 - 0x00007ff813e6b000 	C:\Program Files\Java\jdk-21\bin\VCRUNTIME140.dll
0x00007ff825880000 - 0x00007ff825931000 	C:\Windows\System32\ADVAPI32.dll
0x00007ff8259b0000 - 0x00007ff825a4e000 	C:\Windows\System32\msvcrt.dll
0x00007ff825500000 - 0x00007ff82559f000 	C:\Windows\System32\sechost.dll
0x00007ff826450000 - 0x00007ff826573000 	C:\Windows\System32\RPCRT4.dll
0x00007ff824250000 - 0x00007ff824277000 	C:\Windows\System32\bcrypt.dll
0x00007ff826580000 - 0x00007ff82671d000 	C:\Windows\System32\USER32.dll
0x00007ff8249c0000 - 0x00007ff8249e2000 	C:\Windows\System32\win32u.dll
0x00007ff80d740000 - 0x00007ff80d9da000 	C:\Windows\WinSxS\amd64_microsoft.windows.common-controls_6595b64144ccf1df_6.0.19041.5915_none_60b4b9d171f9c7c7\COMCTL32.dll
0x00007ff826950000 - 0x00007ff82697b000 	C:\Windows\System32\GDI32.dll
0x00007ff824280000 - 0x00007ff824399000 	C:\Windows\System32\gdi32full.dll
0x00007ff824060000 - 0x00007ff8240fd000 	C:\Windows\System32\msvcp_win.dll
0x00007ff817de0000 - 0x00007ff817dea000 	C:\Windows\SYSTEM32\VERSION.dll
0x00007ff8263c0000 - 0x00007ff8263ef000 	C:\Windows\System32\IMM32.DLL
0x00007ff819230000 - 0x00007ff81923c000 	C:\Program Files\Java\jdk-21\bin\vcruntime140_1.dll
0x00007ff8025a0000 - 0x00007ff80262e000 	C:\Program Files\Java\jdk-21\bin\msvcp140.dll
0x00007fff97e10000 - 0x00007fff98b23000 	C:\Program Files\Java\jdk-21\bin\server\jvm.dll
0x00007ff825940000 - 0x00007ff8259ab000 	C:\Windows\System32\WS2_32.dll
0x00007ff8235a0000 - 0x00007ff8235eb000 	C:\Windows\SYSTEM32\POWRPROF.dll
0x00007ff805230000 - 0x00007ff805257000 	C:\Windows\SYSTEM32\WINMM.dll
0x00007ff823460000 - 0x00007ff823472000 	C:\Windows\SYSTEM32\UMPDC.dll
0x00007ff822840000 - 0x00007ff822852000 	C:\Windows\SYSTEM32\kernel.appcore.dll
0x00007ff818fc0000 - 0x00007ff818fca000 	C:\Program Files\Java\jdk-21\bin\jimage.dll
0x00007ff822550000 - 0x00007ff822751000 	C:\Windows\SYSTEM32\DBGHELP.DLL
0x00007ff8152b0000 - 0x00007ff8152e4000 	C:\Windows\SYSTEM32\dbgcore.DLL
0x00007ff824930000 - 0x00007ff8249b2000 	C:\Windows\System32\bcryptPrimitives.dll
0x00007ff813e10000 - 0x00007ff813e2f000 	C:\Program Files\Java\jdk-21\bin\java.dll
0x00007ff824ba0000 - 0x00007ff82530e000 	C:\Windows\System32\SHELL32.dll
0x00007ff821ac0000 - 0x00007ff822264000 	C:\Windows\SYSTEM32\windows.storage.dll
0x00007ff825bf0000 - 0x00007ff825f43000 	C:\Windows\System32\combase.dll
0x00007ff823a90000 - 0x00007ff823abb000 	C:\Windows\SYSTEM32\Wldp.dll
0x00007ff825b20000 - 0x00007ff825bed000 	C:\Windows\System32\OLEAUT32.dll
0x00007ff8257c0000 - 0x00007ff82586d000 	C:\Windows\System32\SHCORE.dll
0x00007ff8255a0000 - 0x00007ff8255fb000 	C:\Windows\System32\shlwapi.dll
0x00007ff823f90000 - 0x00007ff823fb5000 	C:\Windows\SYSTEM32\profapi.dll
0x00007fffde3f0000 - 0x00007fffde4c7000 	C:\Program Files\Java\jdk-21\bin\jsvml.dll
0x00007ff813fd0000 - 0x00007ff813fe0000 	C:\Program Files\Java\jdk-21\bin\net.dll
0x00007ff81b9d0000 - 0x00007ff81bada000 	C:\Windows\SYSTEM32\WINHTTP.dll
0x00007ff8237f0000 - 0x00007ff82385a000 	C:\Windows\system32\mswsock.dll
0x00007ff80e6e0000 - 0x00007ff80e6f6000 	C:\Program Files\Java\jdk-21\bin\nio.dll
0x00007ff80cc70000 - 0x00007ff80cc88000 	C:\Program Files\Java\jdk-21\bin\zip.dll
0x00007ff81bed0000 - 0x00007ff81beda000 	C:\Program Files\Java\jdk-21\bin\management.dll
0x00007ff80cd30000 - 0x00007ff80cd3b000 	C:\Program Files\Java\jdk-21\bin\management_ext.dll
0x00007ff826980000 - 0x00007ff826988000 	C:\Windows\System32\PSAPI.DLL

dbghelp: loaded successfully - version: 4.0.5 - missing functions: none
symbol engine: initialized successfully - sym options: 0x614 - pdb path: .;C:\Program Files\Java\jdk-21\bin;C:\Windows\SYSTEM32;C:\Program Files\Avast Software\Avast;C:\Windows\WinSxS\amd64_microsoft.windows.common-controls_6595b64144ccf1df_6.0.19041.5915_none_60b4b9d171f9c7c7;C:\Program Files\Java\jdk-21\bin\server

VM Arguments:
java_command: C:\Users\Asus\AppData\Local\Temp\surefire7774864099600017566\surefirebooter-20250617200237009_3.jar C:\Users\Asus\AppData\Local\Temp\surefire7774864099600017566 2025-06-17T20-02-36_106-jvmRun1 surefire-20250617200237009_1tmp surefire_0-20250617200237009_2tmp
java_class_path (initial): C:\Users\Asus\AppData\Local\Temp\surefire7774864099600017566\surefirebooter-20250617200237009_3.jar
Launcher Type: SUN_STANDARD

[Global flags]
     intx CICompilerCount                          = 3                                         {product} {ergonomic}
     uint ConcGCThreads                            = 1                                         {product} {ergonomic}
     uint G1ConcRefinementThreads                  = 4                                         {product} {ergonomic}
   size_t G1HeapRegionSize                         = 1048576                                   {product} {ergonomic}
    uintx GCDrainStackTargetSize                   = 64                                        {product} {ergonomic}
   size_t InitialHeapSize                          = 62914560                                  {product} {ergonomic}
   size_t MarkStackSize                            = 4194304                                   {product} {ergonomic}
   size_t MaxHeapSize                              = 991952896                                 {product} {ergonomic}
   size_t MaxNewSize                               = 594542592                                 {product} {ergonomic}
   size_t MinHeapDeltaBytes                        = 1048576                                   {product} {ergonomic}
   size_t MinHeapSize                              = 8388608                                   {product} {ergonomic}
    uintx NonNMethodCodeHeapSize                   = 5832780                                {pd product} {ergonomic}
    uintx NonProfiledCodeHeapSize                  = 122912730                              {pd product} {ergonomic}
    uintx ProfiledCodeHeapSize                     = 122912730                              {pd product} {ergonomic}
    uintx ReservedCodeCacheSize                    = 251658240                              {pd product} {ergonomic}
     bool SegmentedCodeCache                       = true                                      {product} {ergonomic}
   size_t SoftMaxHeapSize                          = 991952896                              {manageable} {ergonomic}
     bool UseCompressedOops                        = true                           {product lp64_product} {ergonomic}
     bool UseG1GC                                  = true                                      {product} {ergonomic}
     bool UseLargePagesIndividualAllocation        = false                                  {pd product} {ergonomic}

Logging:
Log output configuration:
 #0: stdout all=warning uptime,level,tags foldmultilines=false
 #1: stderr all=off uptime,level,tags foldmultilines=false

Environment Variables:
JAVA_HOME=C:\Program Files\Java\jdk-21
PATH=C:\app\Asus\sql_course\dbhomeXE\bin;C:\Windows\system32;C:\Windows;C:\Windows\System32\Wbem;C:\Windows\System32\WindowsPowerShell\v1.0\;C:\Windows\System32\OpenSSH\;C:\Program Files\Java\jdk-21\bin;C:\Program Files\dotnet\;C:\Program Files\MongoDB\mongosh-2.3.1-win32-x64\bin;C:\Users\Asus\Downloads\apache-maven-3.9.9\bin;C:\Users\Asus\sqlite;C:\Program Files\Git\cmd;C:\Program Files\Docker\Docker\resources\bin;C:\Program Files\nodejs\;C:\Users\Asus\redis;C:\Users\Asus\minio;C:\Program Files\MySQL\MySQL Shell 8.0\bin\;C:\Users\Asus\AppData\Local\Microsoft\WindowsApps;C:\Program Files\JetBrains\IntelliJ IDEA Community Edition 2023.1.2\bin;;C:\Program Files\JetBrains\IntelliJ IDEA 2023.2.2\bin;;C:\Users\Asus\AppData\Local\Programs\Microsoft VS Code\bin;C:\Users\Asus\AppData\Local\Google\Cloud SDK\google-cloud-sdk\bin;C:\Program Files\heroku\bin;C:\Users\Asus\AppData\Roaming\npm
USERNAME=Asus
OS=Windows_NT
PROCESSOR_IDENTIFIER=Intel64 Family 6 Model 140 Stepping 1, GenuineIntel
TMP=C:\Users\Asus\AppData\Local\Temp
TEMP=C:\Users\Asus\AppData\Local\Temp




Periodic native trim disabled

---------------  S Y S T E M  ---------------

OS:
 Windows 10 , 64 bit Build 19041 (10.0.19041.5915)
OS uptime: 0 days 22:09 hours
Hyper-V role detected

CPU: total 4 (initial active 4) (2 cores per cpu, 2 threads per core) family 6 model 140 stepping 1 microcode 0x86, cx8, cmov, fxsr, ht, mmx, 3dnowpref, sse, sse2, sse3, ssse3, sse4.1, sse4.2, popcnt, lzcnt, tsc, tscinvbit, avx, avx2, aes, erms, clmul, bmi1, bmi2, adx, avx512f, avx512dq, avx512cd, avx512bw, avx512vl, sha, fma, vzeroupper, avx512_vpopcntdq, avx512_vpclmulqdq, avx512_vaes, avx512_vnni, clflush, clflushopt, clwb, avx512_vbmi2, avx512_vbmi, hv, rdtscp, rdpid, fsrm, gfni, avx512_bitalg, f16c, cet_ibt, cet_ss, avx512_ifma
Processor Information for all 4 processors :
  Max Mhz: 2995, Current Mhz: 2995, Mhz Limit: 2995

Memory: 4k page, system-wide physical 3778M (37M free)
TotalPageFile size 15554M (AvailPageFile size 0M)
current process WorkingSet (physical memory assigned to process): 104M, peak: 104M
current process commit charge ("private bytes"): 165M, peak: 165M

vm_info: Java HotSpot(TM) 64-Bit Server VM (21.0.4+8-LTS-274) for windows-amd64 JRE (21.0.4+8-LTS-274), built on 2024-06-05T05:23:33Z by "mach5one" with MS VC++ 17.6 (VS2022)

END.
