#
# There is insufficient memory for the Java Runtime Environment to continue.
# Native memory allocation (mmap) failed to map 28311552 bytes for G1 virtual space
# Possible reasons:
#   The system is out of physical RAM or swap space
#   The process is running with CompressedOops enabled, and the Java Heap may be blocking the growth of the native heap
# Possible solutions:
#   Reduce memory load on the system
#   Increase physical memory or swap space
#   Check if swap backing store is full
#   Decrease Java heap size (-Xmx/-Xms)
#   Decrease number of Java threads
#   Decrease Java thread stack sizes (-Xss)
#   Set larger code cache with -XX:ReservedCodeCacheSize=
#   JVM is running with Unscaled Compressed Oops mode in which the Java heap is
#     placed in the first 4GB address space. The Java Heap base address is the
#     maximum limit for the native heap growth. Please use -XX:HeapBaseMinAddress
#     to set the Java Heap base and to place the Java Heap above 4GB virtual address.
# This output file may be truncated or incomplete.
#
#  Out of Memory Error (os_windows.cpp:3600), pid=5404, tid=14932
#
# JRE version: Java(TM) SE Runtime Environment (21.0.4+8) (build 21.0.4+8-LTS-274)
# Java VM: Java HotSpot(TM) 64-Bit Server VM (21.0.4+8-LTS-274, mixed mode, sharing, tiered, compressed oops, compressed class ptrs, g1 gc, windows-amd64)
# No core dump will be written. Minidumps are not enabled by default on client versions of Windows
#

---------------  S U M M A R Y ------------

Command Line: -Dclassworlds.conf=C:\Users\Asus\Downloads\apache-maven-3.9.9\bin\m2.conf -Dmaven.home=C:\Users\Asus\Downloads\apache-maven-3.9.9 -Dlibrary.jansi.path=C:\Users\Asus\Downloads\apache-maven-3.9.9\lib\jansi-native -Dmaven.multiModuleProjectDirectory=C:\Users\Asus\IdeaProjects\CloudStorageApp org.codehaus.plexus.classworlds.launcher.Launcher clean install -Dskip.tests=true

Host: 11th Gen Intel(R) Core(TM) i3-1115G4 @ 3.00GHz, 4 cores, 3G,  Windows 10 , 64 bit Build 19041 (10.0.19041.5915)
Time: Tue Jun 17 21:04:55 2025  Windows 10 , 64 bit Build 19041 (10.0.19041.5915) elapsed time: 36.340005 seconds (0d 0h 0m 36s)

---------------  T H R E A D  ---------------

Current thread (0x000001d612d3a4d0):  VMThread "VM Thread"          [id=14932, stack(0x00000093f3d00000,0x00000093f3e00000) (1024K)]

Stack: [0x00000093f3d00000,0x00000093f3e00000]
Native frames: (J=compiled Java code, j=interpreted, Vv=VM code, C=native code)
V  [jvm.dll+0x6c8e59]
V  [jvm.dll+0x853181]
V  [jvm.dll+0x8556ae]
V  [jvm.dll+0x855d83]
V  [jvm.dll+0x27d526]
V  [jvm.dll+0x6c55f5]
V  [jvm.dll+0x6ba17a]
V  [jvm.dll+0x352a8a]
V  [jvm.dll+0x35a6e6]
V  [jvm.dll+0x3acdae]
V  [jvm.dll+0x3ad058]
V  [jvm.dll+0x326dec]
V  [jvm.dll+0x329646]
V  [jvm.dll+0x3335f8]
V  [jvm.dll+0x3698e5]
V  [jvm.dll+0x85bb50]
V  [jvm.dll+0x85ced4]
V  [jvm.dll+0x85d410]
V  [jvm.dll+0x85d6b3]
V  [jvm.dll+0x7fd65b]
V  [jvm.dll+0x6c753d]
C  [ucrtbase.dll+0x21bb2]
C  [KERNEL32.DLL+0x17374]
C  [ntdll.dll+0x4cc91]

VM_Operation (0x00000093f38ff760): G1PauseRemark, mode: safepoint, requested by thread 0x000001d612cbe540


---------------  P R O C E S S  ---------------

Threads class SMR info:
_java_thread_list=0x000001d673af5f80, length=12, elements={
0x000001d610badf90, 0x000001d612d4e580, 0x000001d62d71b640, 0x000001d62d71e510,
0x000001d62d721170, 0x000001d62d721cc0, 0x000001d62d722810, 0x000001d62d7245b0,
0x000001d62d7290b0, 0x000001d62d986940, 0x000001d62d9895c0, 0x000001d673bb0e80
}

Java Threads: ( => current thread )
  0x000001d610badf90 JavaThread "main"                              [_thread_blocked, id=17556, stack(0x00000093f3600000,0x00000093f3700000) (1024K)]
  0x000001d612d4e580 JavaThread "Reference Handler"          daemon [_thread_blocked, id=7040, stack(0x00000093f3e00000,0x00000093f3f00000) (1024K)]
  0x000001d62d71b640 JavaThread "Finalizer"                  daemon [_thread_blocked, id=13408, stack(0x00000093f3f00000,0x00000093f4000000) (1024K)]
  0x000001d62d71e510 JavaThread "Signal Dispatcher"          daemon [_thread_blocked, id=1288, stack(0x00000093f4000000,0x00000093f4100000) (1024K)]
  0x000001d62d721170 JavaThread "Attach Listener"            daemon [_thread_blocked, id=12664, stack(0x00000093f4100000,0x00000093f4200000) (1024K)]
  0x000001d62d721cc0 JavaThread "Service Thread"             daemon [_thread_blocked, id=7296, stack(0x00000093f4200000,0x00000093f4300000) (1024K)]
  0x000001d62d722810 JavaThread "Monitor Deflation Thread"   daemon [_thread_blocked, id=15756, stack(0x00000093f4300000,0x00000093f4400000) (1024K)]
  0x000001d62d7245b0 JavaThread "C2 CompilerThread0"         daemon [_thread_blocked, id=2668, stack(0x00000093f4400000,0x00000093f4500000) (1024K)]
  0x000001d62d7290b0 JavaThread "C1 CompilerThread0"         daemon [_thread_blocked, id=4340, stack(0x00000093f4500000,0x00000093f4600000) (1024K)]
  0x000001d62d986940 JavaThread "Notification Thread"        daemon [_thread_blocked, id=15964, stack(0x00000093f4600000,0x00000093f4700000) (1024K)]
  0x000001d62d9895c0 JavaThread "Common-Cleaner"             daemon [_thread_blocked, id=7912, stack(0x00000093f4700000,0x00000093f4800000) (1024K)]
  0x000001d673bb0e80 JavaThread "Thread-1"                   daemon [_thread_blocked, id=19440, stack(0x00000093f4b00000,0x00000093f4c00000) (1024K)]
Total: 12

Other Threads:
=>0x000001d612d3a4d0 VMThread "VM Thread"                           [id=14932, stack(0x00000093f3d00000,0x00000093f3e00000) (1024K)]
  0x000001d62d70cc00 WatcherThread "VM Periodic Task Thread"        [id=4724, stack(0x00000093f3c00000,0x00000093f3d00000) (1024K)]
  0x000001d612cb5f20 WorkerThread "GC Thread#0"                     [id=5388, stack(0x00000093f3700000,0x00000093f3800000) (1024K)]
  0x000001d6734af7a0 WorkerThread "GC Thread#1"                     [id=14268, stack(0x00000093f4800000,0x00000093f4900000) (1024K)]
  0x000001d6736d43c0 WorkerThread "GC Thread#2"                     [id=20460, stack(0x00000093f4900000,0x00000093f4a00000) (1024K)]
  0x000001d6733829b0 WorkerThread "GC Thread#3"                     [id=2084, stack(0x00000093f4a00000,0x00000093f4b00000) (1024K)]
  0x000001d612cbe540 ConcurrentGCThread "G1 Main Marker"            [id=6852, stack(0x00000093f3800000,0x00000093f3900000) (1024K)]
  0x000001d612cbf040 WorkerThread "G1 Conc#0"                       [id=10960, stack(0x00000093f3900000,0x00000093f3a00000) (1024K)]
  0x000001d612d168d0 ConcurrentGCThread "G1 Refine#0"               [id=13208, stack(0x00000093f3a00000,0x00000093f3b00000) (1024K)]
  0x000001d612d17440 ConcurrentGCThread "G1 Service"                [id=5148, stack(0x00000093f3b00000,0x00000093f3c00000) (1024K)]
Total: 10

Threads with active compile tasks:
C2 CompilerThread0    36648 7789   !   4       lombok.javac.JavacAST::drill (146 bytes)
Total: 1

VM state: at safepoint (normal execution)

VM Mutex/Monitor currently owned by a thread:  ([mutex/lock_event])
[0x00007fff97dd7e98] Threads_lock - owner thread: 0x000001d612d3a4d0
[0x00007fff97dd7f98] Heap_lock - owner thread: 0x000001d612cbe540

Heap address: 0x00000000c4e00000, size: 946 MB, Compressed Oops mode: 32-bit

CDS archive(s) mapped at: [0x000001d62e000000-0x000001d62ec90000-0x000001d62ec90000), size 13172736, SharedBaseAddress: 0x000001d62e000000, ArchiveRelocationMode: 1.
Compressed class space mapped at: 0x000001d62f000000-0x000001d66f000000, reserved size: 1073741824
Narrow klass base: 0x000001d62e000000, Narrow klass shift: 0, Narrow klass range: 0x100000000

GC Precious Log:
 CardTable entry size: 512
 Card Set container configuration: InlinePtr #cards 5 size 8 Array Of Cards #cards 12 size 40 Howl #buckets 4 coarsen threshold 1843 Howl Bitmap #cards 512 size 80 coarsen threshold 460 Card regions per heap region 1 cards per card region 2048
 CPUs: 4 total, 4 available
 Memory: 3778M
 Large Page Support: Disabled
 NUMA Support: Disabled
 Compressed Oops: Enabled (32-bit)
 Heap Region Size: 1M
 Heap Min Capacity: 8M
 Heap Initial Capacity: 60M
 Heap Max Capacity: 946M
 Pre-touch: Disabled
 Parallel Workers: 4
 Concurrent Workers: 1
 Concurrent Refinement Workers: 4
 Periodic GC: Disabled

Heap:
 garbage-first heap   total 94208K, used 71019K [0x00000000c4e00000, 0x0000000100000000)
  region size 1024K, 21 young (21504K), 3 survivors (3072K)
 Metaspace       used 30840K, committed 31360K, reserved 1114112K
  class space    used 3402K, committed 3648K, reserved 1048576K

Heap Regions: E=young(eden), S=young(survivor), O=old, HS=humongous(starts), HC=humongous(continues), CS=collection set, F=free, TAMS=top-at-mark-start, PB=parsable bottom
|   0|0x00000000c4e00000, 0x00000000c4f00000, 0x00000000c4f00000|100%| O|  |TAMS 0x00000000c4f00000| PB 0x00000000c4f00000| Untracked 
|   1|0x00000000c4f00000, 0x00000000c5000000, 0x00000000c5000000|100%| O|  |TAMS 0x00000000c5000000| PB 0x00000000c5000000| Untracked 
|   2|0x00000000c5000000, 0x00000000c5100000, 0x00000000c5100000|100%| O|  |TAMS 0x00000000c5100000| PB 0x00000000c5100000| Untracked 
|   3|0x00000000c5100000, 0x00000000c5200000, 0x00000000c5200000|100%| O|  |TAMS 0x00000000c5200000| PB 0x00000000c5200000| Untracked 
|   4|0x00000000c5200000, 0x00000000c5300000, 0x00000000c5300000|100%| O|  |TAMS 0x00000000c5300000| PB 0x00000000c5300000| Untracked 
|   5|0x00000000c5300000, 0x00000000c5400000, 0x00000000c5400000|100%| O|  |TAMS 0x00000000c5400000| PB 0x00000000c5400000| Updating 
|   6|0x00000000c5400000, 0x00000000c5500000, 0x00000000c5500000|100%| O|  |TAMS 0x00000000c5500000| PB 0x00000000c5500000| Untracked 
|   7|0x00000000c5500000, 0x00000000c5600000, 0x00000000c5600000|100%| O|  |TAMS 0x00000000c5600000| PB 0x00000000c5600000| Untracked 
|   8|0x00000000c5600000, 0x00000000c5700000, 0x00000000c5700000|100%| O|  |TAMS 0x00000000c5700000| PB 0x00000000c5700000| Untracked 
|   9|0x00000000c5700000, 0x00000000c5800000, 0x00000000c5800000|100%| O|  |TAMS 0x00000000c5800000| PB 0x00000000c5800000| Untracked 
|  10|0x00000000c5800000, 0x00000000c5900000, 0x00000000c5900000|100%| O|  |TAMS 0x00000000c5900000| PB 0x00000000c5900000| Untracked 
|  11|0x00000000c5900000, 0x00000000c5a00000, 0x00000000c5a00000|100%| O|  |TAMS 0x00000000c5a00000| PB 0x00000000c5a00000| Updating 
|  12|0x00000000c5a00000, 0x00000000c5b00000, 0x00000000c5b00000|100%| O|  |TAMS 0x00000000c5b00000| PB 0x00000000c5b00000| Updating 
|  13|0x00000000c5b00000, 0x00000000c5b00000, 0x00000000c5c00000|  0%| F|  |TAMS 0x00000000c5b00000| PB 0x00000000c5b00000| Untracked 
|  14|0x00000000c5c00000, 0x00000000c5d00000, 0x00000000c5d00000|100%| O|  |TAMS 0x00000000c5d00000| PB 0x00000000c5d00000| Untracked 
|  15|0x00000000c5d00000, 0x00000000c5e00000, 0x00000000c5e00000|100%| O|  |TAMS 0x00000000c5e00000| PB 0x00000000c5e00000| Updating 
|  16|0x00000000c5e00000, 0x00000000c5f00000, 0x00000000c5f00000|100%|HS|  |TAMS 0x00000000c5f00000| PB 0x00000000c5e00000| Complete 
|  17|0x00000000c5f00000, 0x00000000c6000000, 0x00000000c6000000|100%| O|  |TAMS 0x00000000c6000000| PB 0x00000000c6000000| Untracked 
|  18|0x00000000c6000000, 0x00000000c6100000, 0x00000000c6100000|100%| O|  |TAMS 0x00000000c6100000| PB 0x00000000c6100000| Untracked 
|  19|0x00000000c6100000, 0x00000000c6200000, 0x00000000c6200000|100%| O|  |TAMS 0x00000000c6200000| PB 0x00000000c6200000| Untracked 
|  20|0x00000000c6200000, 0x00000000c6300000, 0x00000000c6300000|100%| O|  |TAMS 0x00000000c6300000| PB 0x00000000c6300000| Untracked 
|  21|0x00000000c6300000, 0x00000000c6400000, 0x00000000c6400000|100%| O|  |TAMS 0x00000000c6400000| PB 0x00000000c6400000| Updating 
|  22|0x00000000c6400000, 0x00000000c6500000, 0x00000000c6500000|100%| O|  |TAMS 0x00000000c6500000| PB 0x00000000c6500000| Untracked 
|  23|0x00000000c6500000, 0x00000000c6600000, 0x00000000c6600000|100%|HS|  |TAMS 0x00000000c6600000| PB 0x00000000c6500000| Complete 
|  24|0x00000000c6600000, 0x00000000c6700000, 0x00000000c6700000|100%| O|  |TAMS 0x00000000c6700000| PB 0x00000000c6700000| Untracked 
|  25|0x00000000c6700000, 0x00000000c6800000, 0x00000000c6800000|100%| O|  |TAMS 0x00000000c6800000| PB 0x00000000c6800000| Untracked 
|  26|0x00000000c6800000, 0x00000000c6900000, 0x00000000c6900000|100%| O|  |TAMS 0x00000000c6900000| PB 0x00000000c6900000| Untracked 
|  27|0x00000000c6900000, 0x00000000c6a00000, 0x00000000c6a00000|100%| O|  |TAMS 0x00000000c6a00000| PB 0x00000000c6a00000| Untracked 
|  28|0x00000000c6a00000, 0x00000000c6b00000, 0x00000000c6b00000|100%|HS|  |TAMS 0x00000000c6b00000| PB 0x00000000c6a00000| Complete 
|  29|0x00000000c6b00000, 0x00000000c6c00000, 0x00000000c6c00000|100%|HC|  |TAMS 0x00000000c6c00000| PB 0x00000000c6b00000| Complete 
|  30|0x00000000c6c00000, 0x00000000c6d00000, 0x00000000c6d00000|100%|HC|  |TAMS 0x00000000c6d00000| PB 0x00000000c6c00000| Complete 
|  31|0x00000000c6d00000, 0x00000000c6e00000, 0x00000000c6e00000|100%| O|  |TAMS 0x00000000c6e00000| PB 0x00000000c6e00000| Untracked 
|  32|0x00000000c6e00000, 0x00000000c6f00000, 0x00000000c6f00000|100%| O|  |TAMS 0x00000000c6f00000| PB 0x00000000c6f00000| Untracked 
|  33|0x00000000c6f00000, 0x00000000c7000000, 0x00000000c7000000|100%| O|  |TAMS 0x00000000c7000000| PB 0x00000000c7000000| Updating 
|  34|0x00000000c7000000, 0x00000000c7100000, 0x00000000c7100000|100%| O|  |TAMS 0x00000000c7100000| PB 0x00000000c7100000| Untracked 
|  35|0x00000000c7100000, 0x00000000c7200000, 0x00000000c7200000|100%| O|  |TAMS 0x00000000c7200000| PB 0x00000000c7200000| Untracked 
|  36|0x00000000c7200000, 0x00000000c7300000, 0x00000000c7300000|100%| O|  |TAMS 0x00000000c7300000| PB 0x00000000c7300000| Untracked 
|  37|0x00000000c7300000, 0x00000000c7400000, 0x00000000c7400000|100%| O|  |TAMS 0x00000000c7400000| PB 0x00000000c7400000| Untracked 
|  38|0x00000000c7400000, 0x00000000c7500000, 0x00000000c7500000|100%| O|  |TAMS 0x00000000c7500000| PB 0x00000000c7500000| Untracked 
|  39|0x00000000c7500000, 0x00000000c7600000, 0x00000000c7600000|100%| O|  |TAMS 0x00000000c7600000| PB 0x00000000c7600000| Untracked 
|  40|0x00000000c7600000, 0x00000000c7700000, 0x00000000c7700000|100%| O|  |TAMS 0x00000000c7700000| PB 0x00000000c7700000| Updating 
|  41|0x00000000c7700000, 0x00000000c7800000, 0x00000000c7800000|100%| O|  |TAMS 0x00000000c7800000| PB 0x00000000c7800000| Updating 
|  42|0x00000000c7800000, 0x00000000c7900000, 0x00000000c7900000|100%| O|  |TAMS 0x00000000c7900000| PB 0x00000000c7900000| Updating 
|  43|0x00000000c7900000, 0x00000000c798e5b0, 0x00000000c7a00000| 55%| O|  |TAMS 0x00000000c798e5b0| PB 0x00000000c798e5b0| Updating 
|  44|0x00000000c7a00000, 0x00000000c7a00000, 0x00000000c7b00000|  0%| F|  |TAMS 0x00000000c7a00000| PB 0x00000000c7a00000| Untracked 
|  45|0x00000000c7b00000, 0x00000000c7b00000, 0x00000000c7c00000|  0%| F|  |TAMS 0x00000000c7b00000| PB 0x00000000c7b00000| Untracked 
|  46|0x00000000c7c00000, 0x00000000c7c00000, 0x00000000c7d00000|  0%| F|  |TAMS 0x00000000c7c00000| PB 0x00000000c7c00000| Untracked 
|  47|0x00000000c7d00000, 0x00000000c7d00000, 0x00000000c7e00000|  0%| F|  |TAMS 0x00000000c7d00000| PB 0x00000000c7d00000| Untracked 
|  48|0x00000000c7e00000, 0x00000000c7e00000, 0x00000000c7f00000|  0%| F|  |TAMS 0x00000000c7e00000| PB 0x00000000c7e00000| Untracked 
|  49|0x00000000c7f00000, 0x00000000c7f00000, 0x00000000c8000000|  0%| F|  |TAMS 0x00000000c7f00000| PB 0x00000000c7f00000| Untracked 
|  50|0x00000000c8000000, 0x00000000c80cc6c0, 0x00000000c8100000| 79%| S|CS|TAMS 0x00000000c8000000| PB 0x00000000c8000000| Complete 
|  51|0x00000000c8100000, 0x00000000c8200000, 0x00000000c8200000|100%| S|CS|TAMS 0x00000000c8100000| PB 0x00000000c8100000| Complete 
|  52|0x00000000c8200000, 0x00000000c8300000, 0x00000000c8300000|100%| S|CS|TAMS 0x00000000c8200000| PB 0x00000000c8200000| Complete 
|  53|0x00000000c8300000, 0x00000000c8300000, 0x00000000c8400000|  0%| F|  |TAMS 0x00000000c8300000| PB 0x00000000c8300000| Untracked 
|  54|0x00000000c8400000, 0x00000000c8400000, 0x00000000c8500000|  0%| F|  |TAMS 0x00000000c8400000| PB 0x00000000c8400000| Untracked 
|  55|0x00000000c8500000, 0x00000000c8500000, 0x00000000c8600000|  0%| F|  |TAMS 0x00000000c8500000| PB 0x00000000c8500000| Untracked 
|  56|0x00000000c8600000, 0x00000000c8600000, 0x00000000c8700000|  0%| F|  |TAMS 0x00000000c8600000| PB 0x00000000c8600000| Untracked 
|  57|0x00000000c8700000, 0x00000000c8700000, 0x00000000c8800000|  0%| F|  |TAMS 0x00000000c8700000| PB 0x00000000c8700000| Untracked 
|  58|0x00000000c8800000, 0x00000000c8800000, 0x00000000c8900000|  0%| F|  |TAMS 0x00000000c8800000| PB 0x00000000c8800000| Untracked 
|  59|0x00000000c8900000, 0x00000000c8900000, 0x00000000c8a00000|  0%| F|  |TAMS 0x00000000c8900000| PB 0x00000000c8900000| Untracked 
|  60|0x00000000c8a00000, 0x00000000c8a00000, 0x00000000c8b00000|  0%| F|  |TAMS 0x00000000c8a00000| PB 0x00000000c8a00000| Untracked 
|  61|0x00000000c8b00000, 0x00000000c8b00000, 0x00000000c8c00000|  0%| F|  |TAMS 0x00000000c8b00000| PB 0x00000000c8b00000| Untracked 
|  62|0x00000000c8c00000, 0x00000000c8c00000, 0x00000000c8d00000|  0%| F|  |TAMS 0x00000000c8c00000| PB 0x00000000c8c00000| Untracked 
|  63|0x00000000c8d00000, 0x00000000c8d00000, 0x00000000c8e00000|  0%| F|  |TAMS 0x00000000c8d00000| PB 0x00000000c8d00000| Untracked 
|  64|0x00000000c8e00000, 0x00000000c8e00000, 0x00000000c8f00000|  0%| F|  |TAMS 0x00000000c8e00000| PB 0x00000000c8e00000| Untracked 
|  65|0x00000000c8f00000, 0x00000000c8f00000, 0x00000000c9000000|  0%| F|  |TAMS 0x00000000c8f00000| PB 0x00000000c8f00000| Untracked 
|  66|0x00000000c9000000, 0x00000000c9000000, 0x00000000c9100000|  0%| F|  |TAMS 0x00000000c9000000| PB 0x00000000c9000000| Untracked 
|  67|0x00000000c9100000, 0x00000000c9200000, 0x00000000c9200000|100%| E|  |TAMS 0x00000000c9100000| PB 0x00000000c9100000| Complete 
|  68|0x00000000c9200000, 0x00000000c9300000, 0x00000000c9300000|100%| E|CS|TAMS 0x00000000c9200000| PB 0x00000000c9200000| Complete 
|  69|0x00000000c9300000, 0x00000000c9400000, 0x00000000c9400000|100%| E|CS|TAMS 0x00000000c9300000| PB 0x00000000c9300000| Complete 
|  70|0x00000000c9400000, 0x00000000c9500000, 0x00000000c9500000|100%| E|CS|TAMS 0x00000000c9400000| PB 0x00000000c9400000| Complete 
|  71|0x00000000c9500000, 0x00000000c9600000, 0x00000000c9600000|100%| E|CS|TAMS 0x00000000c9500000| PB 0x00000000c9500000| Complete 
|  72|0x00000000c9600000, 0x00000000c9700000, 0x00000000c9700000|100%| E|CS|TAMS 0x00000000c9600000| PB 0x00000000c9600000| Complete 
|  73|0x00000000c9700000, 0x00000000c9800000, 0x00000000c9800000|100%| E|CS|TAMS 0x00000000c9700000| PB 0x00000000c9700000| Complete 
|  74|0x00000000c9800000, 0x00000000c9900000, 0x00000000c9900000|100%| E|CS|TAMS 0x00000000c9800000| PB 0x00000000c9800000| Complete 
|  75|0x00000000c9900000, 0x00000000c9a00000, 0x00000000c9a00000|100%| E|CS|TAMS 0x00000000c9900000| PB 0x00000000c9900000| Complete 
|  76|0x00000000c9a00000, 0x00000000c9b00000, 0x00000000c9b00000|100%| E|CS|TAMS 0x00000000c9a00000| PB 0x00000000c9a00000| Complete 
|  77|0x00000000c9b00000, 0x00000000c9c00000, 0x00000000c9c00000|100%| E|CS|TAMS 0x00000000c9b00000| PB 0x00000000c9b00000| Complete 
|  78|0x00000000c9c00000, 0x00000000c9d00000, 0x00000000c9d00000|100%| E|CS|TAMS 0x00000000c9c00000| PB 0x00000000c9c00000| Complete 
|  79|0x00000000c9d00000, 0x00000000c9e00000, 0x00000000c9e00000|100%| E|CS|TAMS 0x00000000c9d00000| PB 0x00000000c9d00000| Complete 
|  80|0x00000000c9e00000, 0x00000000c9f00000, 0x00000000c9f00000|100%| E|CS|TAMS 0x00000000c9e00000| PB 0x00000000c9e00000| Complete 
|  81|0x00000000c9f00000, 0x00000000ca000000, 0x00000000ca000000|100%| E|CS|TAMS 0x00000000c9f00000| PB 0x00000000c9f00000| Complete 
|  82|0x00000000ca000000, 0x00000000ca100000, 0x00000000ca100000|100%| E|CS|TAMS 0x00000000ca000000| PB 0x00000000ca000000| Complete 
|  83|0x00000000ca100000, 0x00000000ca200000, 0x00000000ca200000|100%| E|CS|TAMS 0x00000000ca100000| PB 0x00000000ca100000| Complete 
| 938|0x00000000ff800000, 0x00000000ff900000, 0x00000000ff900000|100%| E|CS|TAMS 0x00000000ff800000| PB 0x00000000ff800000| Complete 
| 939|0x00000000ff900000, 0x00000000ffa00000, 0x00000000ffa00000|100%| O|  |TAMS 0x00000000ffa00000| PB 0x00000000ffa00000| Updating 
| 940|0x00000000ffa00000, 0x00000000ffb00000, 0x00000000ffb00000|100%| O|  |TAMS 0x00000000ffb00000| PB 0x00000000ffb00000| Untracked 
| 941|0x00000000ffb00000, 0x00000000ffc00000, 0x00000000ffc00000|100%| O|  |TAMS 0x00000000ffc00000| PB 0x00000000ffc00000| Untracked 
| 942|0x00000000ffc00000, 0x00000000ffd00000, 0x00000000ffd00000|100%| O|  |TAMS 0x00000000ffd00000| PB 0x00000000ffd00000| Untracked 
| 943|0x00000000ffd00000, 0x00000000ffe00000, 0x00000000ffe00000|100%| O|  |TAMS 0x00000000ffe00000| PB 0x00000000ffe00000| Updating 
| 944|0x00000000ffe00000, 0x00000000fff00000, 0x00000000fff00000|100%| O|  |TAMS 0x00000000fff00000| PB 0x00000000fff00000| Untracked 
| 945|0x00000000fff00000, 0x0000000100000000, 0x0000000100000000|100%| O|  |TAMS 0x0000000100000000| PB 0x0000000100000000| Untracked 

Card table byte_map: [0x000001d62a100000,0x000001d62a2e0000] _byte_map_base: 0x000001d629ad9000

Marking Bits: (CMBitMap*) 0x000001d612cb6620
 Bits: [0x000001d62a2e0000, 0x000001d62b1a8000)

Polling page: 0x000001d610b10000

Metaspace:

Usage:
  Non-class:     26.79 MB used.
      Class:      3.32 MB used.
       Both:     30.12 MB used.

Virtual space:
  Non-class space:       64.00 MB reserved,      27.06 MB ( 42%) committed,  1 nodes.
      Class space:        1.00 GB reserved,       3.56 MB ( <1%) committed,  1 nodes.
             Both:        1.06 GB reserved,      30.62 MB (  3%) committed. 

Chunk freelists:
   Non-Class:  4.22 MB
       Class:  12.43 MB
        Both:  16.65 MB

MaxMetaspaceSize: unlimited
CompressedClassSpaceSize: 1.00 GB
Initial GC threshold: 21.00 MB
Current GC threshold: 48.75 MB
CDS: on
 - commit_granule_bytes: 65536.
 - commit_granule_words: 8192.
 - virtual_space_node_default_size: 8388608.
 - enlarge_chunks_in_place: 1.
 - use_allocation_guard: 0.


Internal statistics:

num_allocs_failed_limit: 3.
num_arena_births: 470.
num_arena_deaths: 0.
num_vsnodes_births: 2.
num_vsnodes_deaths: 0.
num_space_committed: 490.
num_space_uncommitted: 0.
num_chunks_returned_to_freelist: 3.
num_chunks_taken_from_freelist: 1644.
num_chunk_merges: 3.
num_chunk_splits: 1140.
num_chunks_enlarged: 841.
num_inconsistent_stats: 0.

CodeHeap 'non-profiled nmethods': size=120000Kb used=3610Kb max_used=3685Kb free=116389Kb
 bounds [0x000001d622bd0000, 0x000001d622f80000, 0x000001d62a100000]
CodeHeap 'profiled nmethods': size=120000Kb used=15215Kb max_used=15635Kb free=104784Kb
 bounds [0x000001d61b100000, 0x000001d61c050000, 0x000001d622630000]
CodeHeap 'non-nmethods': size=5760Kb used=1625Kb max_used=1685Kb free=4134Kb
 bounds [0x000001d622630000, 0x000001d6228a0000, 0x000001d622bd0000]
 total_blobs=7315 nmethods=6768 adapters=451
 compilation: enabled
              stopped_count=0, restarted_count=0
 full_count=0

Compilation events (20 events):
Event: 36.110 Thread 0x000001d62d7290b0 7988       3       com.sun.tools.javac.comp.Resolve::reportVerboseResolutionDiagnostic (481 bytes)
Event: 36.113 Thread 0x000001d62d7290b0 nmethod 7988 0x000001d61c038510 code [0x000001d61c038a80, 0x000001d61c03bd18]
Event: 36.113 Thread 0x000001d62d7290b0 7990       3       com.sun.tools.javac.comp.Resolve$12::access (77 bytes)
Event: 36.114 Thread 0x000001d62d7290b0 nmethod 7990 0x000001d61c03ce10 code [0x000001d61c03d020, 0x000001d61c03d688]
Event: 36.114 Thread 0x000001d62d7290b0 7991       3       com.sun.tools.javac.comp.Resolve::resolveQualifiedMethod (24 bytes)
Event: 36.114 Thread 0x000001d62d7290b0 nmethod 7991 0x000001d61c03d890 code [0x000001d61c03da40, 0x000001d61c03dc90]
Event: 36.114 Thread 0x000001d62d7290b0 7983       2       com.sun.tools.javac.comp.Resolve::findVar (558 bytes)
Event: 36.116 Thread 0x000001d62d7290b0 nmethod 7983 0x000001d61c03de10 code [0x000001d61c03e200, 0x000001d61c03f5d8]
Event: 36.116 Thread 0x000001d62d7290b0 7992       2       com.sun.tools.javac.comp.Annotate::getAnnotationClassValue (182 bytes)
Event: 36.116 Thread 0x000001d62d7290b0 nmethod 7992 0x000001d61c040310 code [0x000001d61c0405c0, 0x000001d61c040f30]
Event: 36.116 Thread 0x000001d62d7290b0 7981       2       com.sun.tools.javac.code.Symbol$MethodSymbol$$Lambda/0x000001d62f2f9618::test (8 bytes)
Event: 36.117 Thread 0x000001d62d7290b0 nmethod 7981 0x000001d61c041490 code [0x000001d61c041640, 0x000001d61c0417f8]
Event: 36.117 Thread 0x000001d62d7290b0 7993       3       com.sun.tools.javac.comp.Annotate::attributeAnnotationValues (282 bytes)
Event: 36.118 Thread 0x000001d62d7290b0 nmethod 7993 0x000001d61c041910 code [0x000001d61c041c80, 0x000001d61c043630]
Event: 36.118 Thread 0x000001d62d7290b0 7994       2       com.sun.tools.javac.code.TypeAnnotationPosition::methodReturn (20 bytes)
Event: 36.119 Thread 0x000001d62d7290b0 nmethod 7994 0x000001d61c043f90 code [0x000001d61c044140, 0x000001d61c0442e0]
Event: 36.122 Thread 0x000001d62d7290b0 7995       2       com.sun.tools.javac.tree.TreeInfo$DeclScanner::visitClassDef (18 bytes)
Event: 36.122 Thread 0x000001d62d7290b0 nmethod 7995 0x000001d61c044390 code [0x000001d61c044540, 0x000001d61c0446b8]
Event: 36.139 Thread 0x000001d62d7290b0 7998       3       com.sun.tools.javac.comp.Check::validateTypeAnnotation (75 bytes)
Event: 36.140 Thread 0x000001d62d7290b0 nmethod 7998 0x000001d61c044790 code [0x000001d61c044a20, 0x000001d61c045610]

GC Heap History (20 events):
Event: 25.079 GC heap before
{Heap before GC invocations=8 (full 0):
 garbage-first heap   total 61440K, used 57747K [0x00000000c4e00000, 0x0000000100000000)
  region size 1024K, 33 young (33792K), 4 survivors (4096K)
 Metaspace       used 21173K, committed 21504K, reserved 1114112K
  class space    used 2357K, committed 2560K, reserved 1048576K
}
Event: 25.097 GC heap after
{Heap after GC invocations=9 (full 0):
 garbage-first heap   total 67584K, used 30238K [0x00000000c4e00000, 0x0000000100000000)
  region size 1024K, 5 young (5120K), 5 survivors (5120K)
 Metaspace       used 21173K, committed 21504K, reserved 1114112K
  class space    used 2357K, committed 2560K, reserved 1048576K
}
Event: 27.689 GC heap before
{Heap before GC invocations=10 (full 0):
 garbage-first heap   total 67584K, used 57886K [0x00000000c4e00000, 0x0000000100000000)
  region size 1024K, 31 young (31744K), 5 survivors (5120K)
 Metaspace       used 26888K, committed 27328K, reserved 1114112K
  class space    used 3009K, committed 3200K, reserved 1048576K
}
Event: 27.715 GC heap after
{Heap after GC invocations=11 (full 0):
 garbage-first heap   total 72704K, used 40448K [0x00000000c4e00000, 0x0000000100000000)
  region size 1024K, 4 young (4096K), 4 survivors (4096K)
 Metaspace       used 26888K, committed 27328K, reserved 1114112K
  class space    used 3009K, committed 3200K, reserved 1048576K
}
Event: 29.071 GC heap before
{Heap before GC invocations=11 (full 0):
 garbage-first heap   total 72704K, used 60928K [0x00000000c4e00000, 0x0000000100000000)
  region size 1024K, 23 young (23552K), 4 survivors (4096K)
 Metaspace       used 26899K, committed 27328K, reserved 1114112K
  class space    used 3009K, committed 3200K, reserved 1048576K
}
Event: 29.094 GC heap after
{Heap after GC invocations=12 (full 0):
 garbage-first heap   total 72704K, used 48128K [0x00000000c4e00000, 0x0000000100000000)
  region size 1024K, 3 young (3072K), 3 survivors (3072K)
 Metaspace       used 26899K, committed 27328K, reserved 1114112K
  class space    used 3009K, committed 3200K, reserved 1048576K
}
Event: 30.124 GC heap before
{Heap before GC invocations=12 (full 0):
 garbage-first heap   total 72704K, used 61440K [0x00000000c4e00000, 0x0000000100000000)
  region size 1024K, 16 young (16384K), 3 survivors (3072K)
 Metaspace       used 27350K, committed 27712K, reserved 1114112K
  class space    used 3071K, committed 3264K, reserved 1048576K
}
Event: 30.136 GC heap after
{Heap after GC invocations=13 (full 0):
 garbage-first heap   total 72704K, used 50688K [0x00000000c4e00000, 0x0000000100000000)
  region size 1024K, 2 young (2048K), 2 survivors (2048K)
 Metaspace       used 27350K, committed 27712K, reserved 1114112K
  class space    used 3071K, committed 3264K, reserved 1048576K
}
Event: 30.878 GC heap before
{Heap before GC invocations=14 (full 0):
 garbage-first heap   total 81920K, used 59904K [0x00000000c4e00000, 0x0000000100000000)
  region size 1024K, 14 young (14336K), 2 survivors (2048K)
 Metaspace       used 27612K, committed 27968K, reserved 1114112K
  class space    used 3073K, committed 3264K, reserved 1048576K
}
Event: 30.889 GC heap after
{Heap after GC invocations=15 (full 0):
 garbage-first heap   total 81920K, used 49997K [0x00000000c4e00000, 0x0000000100000000)
  region size 1024K, 2 young (2048K), 2 survivors (2048K)
 Metaspace       used 27612K, committed 27968K, reserved 1114112K
  class space    used 3073K, committed 3264K, reserved 1048576K
}
Event: 32.995 GC heap before
{Heap before GC invocations=15 (full 0):
 garbage-first heap   total 81920K, used 68429K [0x00000000c4e00000, 0x0000000100000000)
  region size 1024K, 20 young (20480K), 2 survivors (2048K)
 Metaspace       used 28515K, committed 28928K, reserved 1114112K
  class space    used 3138K, committed 3328K, reserved 1048576K
}
Event: 33.009 GC heap after
{Heap after GC invocations=16 (full 0):
 garbage-first heap   total 81920K, used 51008K [0x00000000c4e00000, 0x0000000100000000)
  region size 1024K, 2 young (2048K), 2 survivors (2048K)
 Metaspace       used 28515K, committed 28928K, reserved 1114112K
  class space    used 3138K, committed 3328K, reserved 1048576K
}
Event: 34.584 GC heap before
{Heap before GC invocations=16 (full 0):
 garbage-first heap   total 81920K, used 68416K [0x00000000c4e00000, 0x0000000100000000)
  region size 1024K, 20 young (20480K), 2 survivors (2048K)
 Metaspace       used 29390K, committed 29760K, reserved 1114112K
  class space    used 3253K, committed 3392K, reserved 1048576K
}
Event: 34.594 GC heap after
{Heap after GC invocations=17 (full 0):
 garbage-first heap   total 81920K, used 51593K [0x00000000c4e00000, 0x0000000100000000)
  region size 1024K, 1 young (1024K), 1 survivors (1024K)
 Metaspace       used 29390K, committed 29760K, reserved 1114112K
  class space    used 3253K, committed 3392K, reserved 1048576K
}
Event: 35.110 GC heap before
{Heap before GC invocations=18 (full 0):
 garbage-first heap   total 94208K, used 70025K [0x00000000c4e00000, 0x0000000100000000)
  region size 1024K, 20 young (20480K), 1 survivors (1024K)
 Metaspace       used 30345K, committed 30784K, reserved 1114112K
  class space    used 3383K, committed 3584K, reserved 1048576K
}
Event: 35.113 GC heap after
{Heap after GC invocations=19 (full 0):
 garbage-first heap   total 94208K, used 51964K [0x00000000c4e00000, 0x0000000100000000)
  region size 1024K, 1 young (1024K), 1 survivors (1024K)
 Metaspace       used 30345K, committed 30784K, reserved 1114112K
  class space    used 3383K, committed 3584K, reserved 1048576K
}
Event: 35.689 GC heap before
{Heap before GC invocations=19 (full 0):
 garbage-first heap   total 94208K, used 81660K [0x00000000c4e00000, 0x0000000100000000)
  region size 1024K, 30 young (30720K), 1 survivors (1024K)
 Metaspace       used 30725K, committed 31232K, reserved 1114112K
  class space    used 3401K, committed 3648K, reserved 1048576K
}
Event: 35.699 GC heap after
{Heap after GC invocations=20 (full 0):
 garbage-first heap   total 94208K, used 52480K [0x00000000c4e00000, 0x0000000100000000)
  region size 1024K, 2 young (2048K), 2 survivors (2048K)
 Metaspace       used 30725K, committed 31232K, reserved 1114112K
  class space    used 3401K, committed 3648K, reserved 1048576K
}
Event: 35.988 GC heap before
{Heap before GC invocations=20 (full 0):
 garbage-first heap   total 94208K, used 83200K [0x00000000c4e00000, 0x0000000100000000)
  region size 1024K, 32 young (32768K), 2 survivors (2048K)
 Metaspace       used 30823K, committed 31360K, reserved 1114112K
  class space    used 3402K, committed 3648K, reserved 1048576K
}
Event: 35.998 GC heap after
{Heap after GC invocations=21 (full 0):
 garbage-first heap   total 94208K, used 53611K [0x00000000c4e00000, 0x0000000100000000)
  region size 1024K, 3 young (3072K), 3 survivors (3072K)
 Metaspace       used 30823K, committed 31360K, reserved 1114112K
  class space    used 3402K, committed 3648K, reserved 1048576K
}

Dll operation events (8 events):
Event: 0.040 Loaded shared library C:\Program Files\Java\jdk-21\bin\java.dll
Event: 0.142 Loaded shared library C:\Program Files\Java\jdk-21\bin\jsvml.dll
Event: 0.187 Loaded shared library C:\Program Files\Java\jdk-21\bin\net.dll
Event: 0.195 Loaded shared library C:\Program Files\Java\jdk-21\bin\nio.dll
Event: 0.205 Loaded shared library C:\Program Files\Java\jdk-21\bin\zip.dll
Event: 0.567 Loaded shared library C:\Program Files\Java\jdk-21\bin\jimage.dll
Event: 0.573 Loaded shared library C:\Users\Asus\Downloads\apache-maven-3.9.9\lib\jansi-native\Windows\x86_64\jansi.dll
Event: 0.607 Loaded shared library C:\Program Files\Java\jdk-21\bin\verify.dll

Deoptimization events (20 events):
Event: 35.800 Thread 0x000001d610badf90 DEOPT PACKING pc=0x000001d622ea16e4 sp=0x00000093f36fd8a0
Event: 35.800 Thread 0x000001d610badf90 DEOPT UNPACKING pc=0x000001d622687da2 sp=0x00000093f36fd828 mode 2
Event: 35.800 Thread 0x000001d610badf90 Uncommon trap: trap_request=0xffffffc6 fr.pc=0x000001d622ea1924 relative=0x0000000000000944
Event: 35.800 Thread 0x000001d610badf90 Uncommon trap: reason=bimorphic_or_optimized_type_check action=maybe_recompile pc=0x000001d622ea1924 method=lombok.javac.JavacNode.traverse(Llombok/javac/JavacASTVisitor;)V @ 369 c2
Event: 35.800 Thread 0x000001d610badf90 DEOPT PACKING pc=0x000001d622ea1924 sp=0x00000093f36fd7c0
Event: 35.800 Thread 0x000001d610badf90 DEOPT UNPACKING pc=0x000001d622687da2 sp=0x00000093f36fd748 mode 2
Event: 35.800 Thread 0x000001d610badf90 Uncommon trap: trap_request=0xffffffc6 fr.pc=0x000001d622ea1924 relative=0x0000000000000944
Event: 35.800 Thread 0x000001d610badf90 Uncommon trap: reason=bimorphic_or_optimized_type_check action=maybe_recompile pc=0x000001d622ea1924 method=lombok.javac.JavacNode.traverse(Llombok/javac/JavacASTVisitor;)V @ 369 c2
Event: 35.800 Thread 0x000001d610badf90 DEOPT PACKING pc=0x000001d622ea1924 sp=0x00000093f36fd6e0
Event: 35.800 Thread 0x000001d610badf90 DEOPT UNPACKING pc=0x000001d622687da2 sp=0x00000093f36fd668 mode 2
Event: 35.816 Thread 0x000001d610badf90 DEOPT PACKING pc=0x000001d61b3138ee sp=0x00000093f36fd490
Event: 35.816 Thread 0x000001d610badf90 DEOPT UNPACKING pc=0x000001d6226888e2 sp=0x00000093f36fc978 mode 0
Event: 35.827 Thread 0x000001d610badf90 DEOPT PACKING pc=0x000001d61b6de223 sp=0x00000093f36fd4e0
Event: 35.827 Thread 0x000001d610badf90 DEOPT UNPACKING pc=0x000001d6226888e2 sp=0x00000093f36fca18 mode 0
Event: 35.838 Thread 0x000001d610badf90 DEOPT PACKING pc=0x000001d61b3138ee sp=0x00000093f36fd490
Event: 35.838 Thread 0x000001d610badf90 DEOPT UNPACKING pc=0x000001d6226888e2 sp=0x00000093f36fc978 mode 0
Event: 35.843 Thread 0x000001d610badf90 Uncommon trap: trap_request=0xffffff45 fr.pc=0x000001d622d0adac relative=0x0000000000001d6c
Event: 35.843 Thread 0x000001d610badf90 Uncommon trap: reason=unstable_if action=reinterpret pc=0x000001d622d0adac method=java.util.HashMap.hash(Ljava/lang/Object;)I @ 1 c2
Event: 35.844 Thread 0x000001d610badf90 DEOPT PACKING pc=0x000001d622d0adac sp=0x00000093f36fdb90
Event: 35.844 Thread 0x000001d610badf90 DEOPT UNPACKING pc=0x000001d622687da2 sp=0x00000093f36fdab0 mode 2

Classes loaded (20 events):
Event: 34.644 Loading class java/util/Collections$UnmodifiableSortedSet
Event: 34.646 Loading class java/util/Collections$UnmodifiableSortedSet done
Event: 34.661 Loading class java/util/IdentityHashMap$EntrySet
Event: 34.662 Loading class java/util/IdentityHashMap$EntrySet done
Event: 34.662 Loading class java/util/IdentityHashMap$EntryIterator
Event: 34.662 Loading class java/util/IdentityHashMap$EntryIterator done
Event: 34.662 Loading class java/util/IdentityHashMap$EntryIterator$Entry
Event: 34.665 Loading class java/util/IdentityHashMap$EntryIterator$Entry done
Event: 34.677 Loading class java/util/function/UnaryOperator
Event: 34.679 Loading class java/util/function/UnaryOperator done
Event: 34.697 Loading class java/util/regex/Pattern$Caret
Event: 34.700 Loading class java/util/regex/Pattern$Caret done
Event: 34.919 Loading class java/util/regex/Pattern$SliceI
Event: 34.919 Loading class java/util/regex/Pattern$SliceI done
Event: 35.028 Loading class java/util/regex/Pattern$LazyLoop
Event: 35.028 Loading class java/util/regex/Pattern$Loop
Event: 35.028 Loading class java/util/regex/Pattern$Loop done
Event: 35.028 Loading class java/util/regex/Pattern$LazyLoop done
Event: 35.029 Loading class java/util/regex/Pattern$Prolog
Event: 35.029 Loading class java/util/regex/Pattern$Prolog done

Classes unloaded (0 events):
No events

Classes redefined (0 events):
No events

Internal exceptions (20 events):
Event: 34.990 Thread 0x000001d610badf90 Exception <a 'java/lang/NoSuchMethodError'{0x00000000c97da3f0}: 'java.lang.Object java.lang.invoke.DirectMethodHandle$Holder.invokeStatic(java.lang.Object, java.lang.Object, int)'> (0x00000000c97da3f0) 
thrown [s\open\src\hotspot\share\interpreter\linkResolver.cpp, line 773]
Event: 34.991 Thread 0x000001d610badf90 Exception <a 'java/lang/NoSuchMethodError'{0x00000000c97de860}: 'void java.lang.invoke.DirectMethodHandle$Holder.invokeStatic(java.lang.Object, java.lang.Object, int, java.lang.Object)'> (0x00000000c97de860) 
thrown [s\open\src\hotspot\share\interpreter\linkResolver.cpp, line 773]
Event: 34.991 Thread 0x000001d610badf90 Exception <a 'java/lang/NoSuchMethodError'{0x00000000c97e5d48}: 'void java.lang.invoke.DelegatingMethodHandle$Holder.delegate(java.lang.Object, java.lang.Object, int, java.lang.Object)'> (0x00000000c97e5d48) 
thrown [s\open\src\hotspot\share\interpreter\linkResolver.cpp, line 773]
Event: 34.998 Thread 0x000001d610badf90 Exception <a 'java/lang/NoSuchMethodError'{0x00000000c9601d88}: 'java.lang.Object java.lang.invoke.DirectMethodHandle$Holder.invokeVirtual(java.lang.Object, java.lang.Object, java.lang.Object, java.lang.Object, java.lang.Object, java.lang.Object, java.lang.Object, java.lang.Object, java.lang.Object, java.lang.Object)'> (0x00000000c9601d88) 
thrown [s\open\src\hotspot\share\interpreter\linkResolver.cpp, line 773]
Event: 35.045 Thread 0x000001d610badf90 Exception <a 'java/lang/NoSuchMethodError'{0x00000000c9241ee0}: 'void java.lang.invoke.DirectMethodHandle$Holder.invokeVirtual(java.lang.Object, java.lang.Object, java.lang.Object, java.lang.Object)'> (0x00000000c9241ee0) 
thrown [s\open\src\hotspot\share\interpreter\linkResolver.cpp, line 773]
Event: 35.069 Thread 0x000001d610badf90 Exception <a 'java/lang/NoSuchMethodError'{0x00000000c92fd620}: 'java.lang.Object java.lang.invoke.DirectMethodHandle$Holder.invokeVirtual(java.lang.Object, java.lang.Object, java.lang.Object, java.lang.Object, java.lang.Object)'> (0x00000000c92fd620) 
thrown [s\open\src\hotspot\share\interpreter\linkResolver.cpp, line 773]
Event: 35.074 Thread 0x000001d610badf90 Exception <a 'java/lang/NoSuchMethodError'{0x00000000c9145808}: 'java.lang.Object java.lang.invoke.DirectMethodHandle$Holder.invokeVirtual(java.lang.Object, java.lang.Object, long)'> (0x00000000c9145808) 
thrown [s\open\src\hotspot\share\interpreter\linkResolver.cpp, line 773]
Event: 35.266 Thread 0x000001d610badf90 Exception <a 'sun/nio/fs/WindowsException'{0x00000000c98f5a90}> (0x00000000c98f5a90) 
thrown [s\open\src\hotspot\share\prims\jni.cpp, line 520]
Event: 35.271 Thread 0x000001d610badf90 Exception <a 'sun/nio/fs/WindowsException'{0x00000000c98f63f8}> (0x00000000c98f63f8) 
thrown [s\open\src\hotspot\share\prims\jni.cpp, line 520]
Event: 35.271 Thread 0x000001d610badf90 Exception <a 'sun/nio/fs/WindowsException'{0x00000000c98f6e58}> (0x00000000c98f6e58) 
thrown [s\open\src\hotspot\share\prims\jni.cpp, line 520]
Event: 35.672 Thread 0x000001d610badf90 Exception <a 'sun/nio/fs/WindowsException'{0x00000000c868c9e0}> (0x00000000c868c9e0) 
thrown [s\open\src\hotspot\share\prims\jni.cpp, line 520]
Event: 35.672 Thread 0x000001d610badf90 Exception <a 'sun/nio/fs/WindowsException'{0x00000000c868d348}> (0x00000000c868d348) 
thrown [s\open\src\hotspot\share\prims\jni.cpp, line 520]
Event: 35.673 Thread 0x000001d610badf90 Exception <a 'sun/nio/fs/WindowsException'{0x00000000c868dda8}> (0x00000000c868dda8) 
thrown [s\open\src\hotspot\share\prims\jni.cpp, line 520]
Event: 35.843 Thread 0x000001d610badf90 Implicit null exception at 0x000001d622d090a8 to 0x000001d622d0ad98
Event: 35.850 Thread 0x000001d610badf90 Exception <a 'sun/nio/fs/WindowsException'{0x00000000c906ba40}> (0x00000000c906ba40) 
thrown [s\open\src\hotspot\share\prims\jni.cpp, line 520]
Event: 35.850 Thread 0x000001d610badf90 Exception <a 'sun/nio/fs/WindowsException'{0x00000000c906c3a8}> (0x00000000c906c3a8) 
thrown [s\open\src\hotspot\share\prims\jni.cpp, line 520]
Event: 35.850 Thread 0x000001d610badf90 Exception <a 'sun/nio/fs/WindowsException'{0x00000000c906ce08}> (0x00000000c906ce08) 
thrown [s\open\src\hotspot\share\prims\jni.cpp, line 520]
Event: 36.009 Thread 0x000001d610badf90 Exception <a 'sun/nio/fs/WindowsException'{0x00000000c9f30810}> (0x00000000c9f30810) 
thrown [s\open\src\hotspot\share\prims\jni.cpp, line 520]
Event: 36.009 Thread 0x000001d610badf90 Exception <a 'sun/nio/fs/WindowsException'{0x00000000c9f31178}> (0x00000000c9f31178) 
thrown [s\open\src\hotspot\share\prims\jni.cpp, line 520]
Event: 36.009 Thread 0x000001d610badf90 Exception <a 'sun/nio/fs/WindowsException'{0x00000000c9f31bd8}> (0x00000000c9f31bd8) 
thrown [s\open\src\hotspot\share\prims\jni.cpp, line 520]

ZGC Phase Switch (0 events):
No events

VM Operations (20 events):
Event: 32.111 Executing VM operation: ICBufferFull done
Event: 32.995 Executing VM operation: G1CollectForAllocation (G1 Evacuation Pause)
Event: 33.009 Executing VM operation: G1CollectForAllocation (G1 Evacuation Pause) done
Event: 34.015 Executing VM operation: Cleanup
Event: 34.015 Executing VM operation: Cleanup done
Event: 34.584 Executing VM operation: G1CollectForAllocation (G1 Evacuation Pause)
Event: 34.594 Executing VM operation: G1CollectForAllocation (G1 Evacuation Pause) done
Event: 34.706 Executing VM operation: G1PauseRemark
Event: 34.719 Executing VM operation: G1PauseRemark done
Event: 34.744 Executing VM operation: G1PauseCleanup
Event: 34.745 Executing VM operation: G1PauseCleanup done
Event: 35.110 Executing VM operation: G1CollectForAllocation (G1 Evacuation Pause)
Event: 35.113 Executing VM operation: G1CollectForAllocation (G1 Evacuation Pause) done
Event: 35.615 Executing VM operation: ICBufferFull
Event: 35.615 Executing VM operation: ICBufferFull done
Event: 35.689 Executing VM operation: G1CollectForAllocation (G1 Evacuation Pause)
Event: 35.699 Executing VM operation: G1CollectForAllocation (G1 Evacuation Pause) done
Event: 35.988 Executing VM operation: G1CollectForAllocation (G1 Evacuation Pause)
Event: 35.998 Executing VM operation: G1CollectForAllocation (G1 Evacuation Pause) done
Event: 36.168 Executing VM operation: G1PauseRemark

Events (20 events):
Event: 36.212 Thread 0x000001d612d3a4d0 flushing nmethod 0x000001d61bef0390
Event: 36.212 Thread 0x000001d612d3a4d0 flushing nmethod 0x000001d61bef1090
Event: 36.212 Thread 0x000001d612d3a4d0 flushing nmethod 0x000001d61bef4e90
Event: 36.212 Thread 0x000001d612d3a4d0 flushing nmethod 0x000001d61bef5d10
Event: 36.212 Thread 0x000001d612d3a4d0 flushing nmethod 0x000001d61befd910
Event: 36.212 Thread 0x000001d612d3a4d0 flushing nmethod 0x000001d61bf01590
Event: 36.212 Thread 0x000001d612d3a4d0 flushing nmethod 0x000001d61bf02210
Event: 36.212 Thread 0x000001d612d3a4d0 flushing nmethod 0x000001d61bf03490
Event: 36.212 Thread 0x000001d612d3a4d0 flushing nmethod 0x000001d61bf04910
Event: 36.212 Thread 0x000001d612d3a4d0 flushing nmethod 0x000001d61bf05f10
Event: 36.212 Thread 0x000001d612d3a4d0 flushing nmethod 0x000001d61bf07710
Event: 36.212 Thread 0x000001d612d3a4d0 flushing nmethod 0x000001d61bf07b90
Event: 36.212 Thread 0x000001d612d3a4d0 flushing nmethod 0x000001d61bf0a190
Event: 36.212 Thread 0x000001d612d3a4d0 flushing nmethod 0x000001d61bf0f190
Event: 36.212 Thread 0x000001d612d3a4d0 flushing nmethod 0x000001d61bf11710
Event: 36.212 Thread 0x000001d612d3a4d0 flushing nmethod 0x000001d61bf12790
Event: 36.212 Thread 0x000001d612d3a4d0 flushing nmethod 0x000001d61bf16490
Event: 36.212 Thread 0x000001d612d3a4d0 flushing nmethod 0x000001d61bf60e90
Event: 36.212 Thread 0x000001d612d3a4d0 flushing nmethod 0x000001d61bf61b90
Event: 36.212 Thread 0x000001d612d3a4d0 flushing nmethod 0x000001d61bf62e90


Dynamic libraries:
0x00007ff616960000 - 0x00007ff616970000 	C:\Program Files\Java\jdk-21\bin\java.exe
0x00007ff8269d0000 - 0x00007ff826bc8000 	C:\Windows\SYSTEM32\ntdll.dll
0x00007ffff7a70000 - 0x00007ffff7a8b000 	C:\Program Files\Avast Software\Avast\aswhook.dll
0x00007ff825a50000 - 0x00007ff825b12000 	C:\Windows\System32\KERNEL32.DLL
0x00007ff824500000 - 0x00007ff8247f6000 	C:\Windows\System32\KERNELBASE.dll
0x00007ff824150000 - 0x00007ff824250000 	C:\Windows\System32\ucrtbase.dll
0x00007ff802e70000 - 0x00007ff802e89000 	C:\Program Files\Java\jdk-21\bin\jli.dll
0x00007ff802960000 - 0x00007ff80297b000 	C:\Program Files\Java\jdk-21\bin\VCRUNTIME140.dll
0x00007ff825880000 - 0x00007ff825931000 	C:\Windows\System32\ADVAPI32.dll
0x00007ff8259b0000 - 0x00007ff825a4e000 	C:\Windows\System32\msvcrt.dll
0x00007ff825500000 - 0x00007ff82559f000 	C:\Windows\System32\sechost.dll
0x00007ff826450000 - 0x00007ff826573000 	C:\Windows\System32\RPCRT4.dll
0x00007ff824250000 - 0x00007ff824277000 	C:\Windows\System32\bcrypt.dll
0x00007ff80d740000 - 0x00007ff80d9da000 	C:\Windows\WinSxS\amd64_microsoft.windows.common-controls_6595b64144ccf1df_6.0.19041.5915_none_60b4b9d171f9c7c7\COMCTL32.dll
0x00007ff826580000 - 0x00007ff82671d000 	C:\Windows\System32\USER32.dll
0x00007ff826950000 - 0x00007ff82697b000 	C:\Windows\System32\GDI32.dll
0x00007ff8249c0000 - 0x00007ff8249e2000 	C:\Windows\System32\win32u.dll
0x00007ff824280000 - 0x00007ff824399000 	C:\Windows\System32\gdi32full.dll
0x00007ff824060000 - 0x00007ff8240fd000 	C:\Windows\System32\msvcp_win.dll
0x00007ff817de0000 - 0x00007ff817dea000 	C:\Windows\SYSTEM32\VERSION.dll
0x00007ff8263c0000 - 0x00007ff8263ef000 	C:\Windows\System32\IMM32.DLL
0x00007ff803df0000 - 0x00007ff803dfc000 	C:\Program Files\Java\jdk-21\bin\vcruntime140_1.dll
0x00007fffdc4b0000 - 0x00007fffdc53e000 	C:\Program Files\Java\jdk-21\bin\msvcp140.dll
0x00007fff971a0000 - 0x00007fff97eb3000 	C:\Program Files\Java\jdk-21\bin\server\jvm.dll
0x00007ff825940000 - 0x00007ff8259ab000 	C:\Windows\System32\WS2_32.dll
0x00007ff8235a0000 - 0x00007ff8235eb000 	C:\Windows\SYSTEM32\POWRPROF.dll
0x00007ff805230000 - 0x00007ff805257000 	C:\Windows\SYSTEM32\WINMM.dll
0x00007ff823460000 - 0x00007ff823472000 	C:\Windows\SYSTEM32\UMPDC.dll
0x00007ff822840000 - 0x00007ff822852000 	C:\Windows\SYSTEM32\kernel.appcore.dll
0x00007ff803a00000 - 0x00007ff803a0a000 	C:\Program Files\Java\jdk-21\bin\jimage.dll
0x00007ff822550000 - 0x00007ff822751000 	C:\Windows\SYSTEM32\DBGHELP.DLL
0x00007ff8152b0000 - 0x00007ff8152e4000 	C:\Windows\SYSTEM32\dbgcore.DLL
0x00007ff824930000 - 0x00007ff8249b2000 	C:\Windows\System32\bcryptPrimitives.dll
0x00007ffffbe00000 - 0x00007ffffbe1f000 	C:\Program Files\Java\jdk-21\bin\java.dll
0x00007ff824ba0000 - 0x00007ff82530e000 	C:\Windows\System32\SHELL32.dll
0x00007ff821ac0000 - 0x00007ff822264000 	C:\Windows\SYSTEM32\windows.storage.dll
0x00007ff825bf0000 - 0x00007ff825f43000 	C:\Windows\System32\combase.dll
0x00007ff823a90000 - 0x00007ff823abb000 	C:\Windows\SYSTEM32\Wldp.dll
0x00007ff825b20000 - 0x00007ff825bed000 	C:\Windows\System32\OLEAUT32.dll
0x00007ff8257c0000 - 0x00007ff82586d000 	C:\Windows\System32\SHCORE.dll
0x00007ff8255a0000 - 0x00007ff8255fb000 	C:\Windows\System32\shlwapi.dll
0x00007ff823f90000 - 0x00007ff823fb5000 	C:\Windows\SYSTEM32\profapi.dll
0x00007fffdc3d0000 - 0x00007fffdc4a7000 	C:\Program Files\Java\jdk-21\bin\jsvml.dll
0x00007ff803650000 - 0x00007ff803660000 	C:\Program Files\Java\jdk-21\bin\net.dll
0x00007ff81b9d0000 - 0x00007ff81bada000 	C:\Windows\SYSTEM32\WINHTTP.dll
0x00007ff8237f0000 - 0x00007ff82385a000 	C:\Windows\system32\mswsock.dll
0x00007ffffbd00000 - 0x00007ffffbd16000 	C:\Program Files\Java\jdk-21\bin\nio.dll
0x00007ffff82f0000 - 0x00007ffff8308000 	C:\Program Files\Java\jdk-21\bin\zip.dll
0x00007ffff8460000 - 0x00007ffff8484000 	C:\Users\Asus\Downloads\apache-maven-3.9.9\lib\jansi-native\Windows\x86_64\jansi.dll
0x00007ff803e20000 - 0x00007ff803e30000 	C:\Program Files\Java\jdk-21\bin\verify.dll
0x00007ff8232f0000 - 0x00007ff823323000 	C:\Windows\SYSTEM32\ntmarta.dll

dbghelp: loaded successfully - version: 4.0.5 - missing functions: none
symbol engine: initialized successfully - sym options: 0x614 - pdb path: .;C:\Program Files\Java\jdk-21\bin;C:\Windows\SYSTEM32;C:\Program Files\Avast Software\Avast;C:\Windows\WinSxS\amd64_microsoft.windows.common-controls_6595b64144ccf1df_6.0.19041.5915_none_60b4b9d171f9c7c7;C:\Program Files\Java\jdk-21\bin\server;C:\Users\Asus\Downloads\apache-maven-3.9.9\lib\jansi-native\Windows\x86_64

VM Arguments:
jvm_args: -Dclassworlds.conf=C:\Users\Asus\Downloads\apache-maven-3.9.9\bin\m2.conf -Dmaven.home=C:\Users\Asus\Downloads\apache-maven-3.9.9 -Dlibrary.jansi.path=C:\Users\Asus\Downloads\apache-maven-3.9.9\lib\jansi-native -Dmaven.multiModuleProjectDirectory=C:\Users\Asus\IdeaProjects\CloudStorageApp 
java_command: org.codehaus.plexus.classworlds.launcher.Launcher clean install -Dskip.tests=true
java_class_path (initial): C:\Users\Asus\Downloads\apache-maven-3.9.9\boot\plexus-classworlds-2.8.0.jar
Launcher Type: SUN_STANDARD

[Global flags]
     intx CICompilerCount                          = 3                                         {product} {ergonomic}
     uint ConcGCThreads                            = 1                                         {product} {ergonomic}
     uint G1ConcRefinementThreads                  = 4                                         {product} {ergonomic}
   size_t G1HeapRegionSize                         = 1048576                                   {product} {ergonomic}
    uintx GCDrainStackTargetSize                   = 64                                        {product} {ergonomic}
   size_t InitialHeapSize                          = 62914560                                  {product} {ergonomic}
   size_t MarkStackSize                            = 4194304                                   {product} {ergonomic}
   size_t MaxHeapSize                              = 991952896                                 {product} {ergonomic}
   size_t MaxNewSize                               = 594542592                                 {product} {ergonomic}
   size_t MinHeapDeltaBytes                        = 1048576                                   {product} {ergonomic}
   size_t MinHeapSize                              = 8388608                                   {product} {ergonomic}
    uintx NonNMethodCodeHeapSize                   = 5832780                                {pd product} {ergonomic}
    uintx NonProfiledCodeHeapSize                  = 122912730                              {pd product} {ergonomic}
    uintx ProfiledCodeHeapSize                     = 122912730                              {pd product} {ergonomic}
    uintx ReservedCodeCacheSize                    = 251658240                              {pd product} {ergonomic}
     bool SegmentedCodeCache                       = true                                      {product} {ergonomic}
   size_t SoftMaxHeapSize                          = 991952896                              {manageable} {ergonomic}
     bool UseCompressedOops                        = true                           {product lp64_product} {ergonomic}
     bool UseG1GC                                  = true                                      {product} {ergonomic}
     bool UseLargePagesIndividualAllocation        = false                                  {pd product} {ergonomic}

Logging:
Log output configuration:
 #0: stdout all=warning uptime,level,tags foldmultilines=false
 #1: stderr all=off uptime,level,tags foldmultilines=false

Environment Variables:
JAVA_HOME=C:\Program Files\Java\jdk-21
PATH=C:\app\Asus\sql_course\dbhomeXE\bin;C:\Windows\system32;C:\Windows;C:\Windows\System32\Wbem;C:\Windows\System32\WindowsPowerShell\v1.0\;C:\Windows\System32\OpenSSH\;C:\Program Files\Java\jdk-21\bin;C:\Program Files\dotnet\;C:\Program Files\MongoDB\mongosh-2.3.1-win32-x64\bin;C:\Users\Asus\Downloads\apache-maven-3.9.9\bin;C:\Users\Asus\sqlite;C:\Program Files\Git\cmd;C:\Program Files\Docker\Docker\resources\bin;C:\Program Files\nodejs\;C:\Users\Asus\redis;C:\Users\Asus\minio;C:\Program Files\MySQL\MySQL Shell 8.0\bin\;C:\Users\Asus\AppData\Local\Microsoft\WindowsApps;C:\Program Files\JetBrains\IntelliJ IDEA Community Edition 2023.1.2\bin;;C:\Program Files\JetBrains\IntelliJ IDEA 2023.2.2\bin;;C:\Users\Asus\AppData\Local\Programs\Microsoft VS Code\bin;C:\Users\Asus\AppData\Local\Google\Cloud SDK\google-cloud-sdk\bin;C:\Program Files\heroku\bin;C:\Users\Asus\AppData\Roaming\npm
USERNAME=Asus
OS=Windows_NT
PROCESSOR_IDENTIFIER=Intel64 Family 6 Model 140 Stepping 1, GenuineIntel
TMP=C:\Users\Asus\AppData\Local\Temp
TEMP=C:\Users\Asus\AppData\Local\Temp




Periodic native trim disabled

---------------  S Y S T E M  ---------------

OS:
 Windows 10 , 64 bit Build 19041 (10.0.19041.5915)
OS uptime: 0 days 22:11 hours
Hyper-V role detected

CPU: total 4 (initial active 4) (2 cores per cpu, 2 threads per core) family 6 model 140 stepping 1 microcode 0x86, cx8, cmov, fxsr, ht, mmx, 3dnowpref, sse, sse2, sse3, ssse3, sse4.1, sse4.2, popcnt, lzcnt, tsc, tscinvbit, avx, avx2, aes, erms, clmul, bmi1, bmi2, adx, avx512f, avx512dq, avx512cd, avx512bw, avx512vl, sha, fma, vzeroupper, avx512_vpopcntdq, avx512_vpclmulqdq, avx512_vaes, avx512_vnni, clflush, clflushopt, clwb, avx512_vbmi2, avx512_vbmi, hv, rdtscp, rdpid, fsrm, gfni, avx512_bitalg, f16c, cet_ibt, cet_ss, avx512_ifma
Processor Information for all 4 processors :
  Max Mhz: 2995, Current Mhz: 2995, Mhz Limit: 2995

Memory: 4k page, system-wide physical 3778M (56M free)
TotalPageFile size 15554M (AvailPageFile size 20M)
current process WorkingSet (physical memory assigned to process): 184M, peak: 188M
current process commit charge ("private bytes"): 262M, peak: 290M

vm_info: Java HotSpot(TM) 64-Bit Server VM (21.0.4+8-LTS-274) for windows-amd64 JRE (21.0.4+8-LTS-274), built on 2024-06-05T05:23:33Z by "mach5one" with MS VC++ 17.6 (VS2022)

END.
